{"/Users/motista/Desktop/antigravity/aiome/apps/management-console/src/components/SettingsPage.tsx": {"path":"/Users/motista/Desktop/antigravity/aiome/apps/management-console/src/components/SettingsPage.tsx","statementMap":{"0":{"start":{"line":7,"column":0},"end":{"line":7,"column":51}},"1":{"start":{"line":8,"column":0},"end":{"line":8,"column":60}},"2":{"start":{"line":9,"column":0},"end":{"line":9,"column":41}},"3":{"start":{"line":10,"column":0},"end":{"line":10,"column":57}},"4":{"start":{"line":11,"column":0},"end":{"line":11,"column":66}},"5":{"start":{"line":12,"column":0},"end":{"line":12,"column":null}},"6":{"start":{"line":16,"column":0},"end":{"line":16,"column":37}},"7":{"start":{"line":17,"column":0},"end":{"line":17,"column":79}},"8":{"start":{"line":18,"column":0},"end":{"line":18,"column":58}},"9":{"start":{"line":28,"column":31},"end":{"line":457,"column":1}},"10":{"start":{"line":29,"column":67},"end":{"line":29,"column":87}},"11":{"start":{"line":30,"column":30},"end":{"line":30,"column":46}},"12":{"start":{"line":31,"column":38},"end":{"line":31,"column":51}},"13":{"start":{"line":32,"column":18},"end":{"line":32,"column":34}},"14":{"start":{"line":33,"column":36},"end":{"line":33,"column":64}},"15":{"start":{"line":34,"column":34},"end":{"line":34,"column":48}},"16":{"start":{"line":35,"column":32},"end":{"line":35,"column":61}},"17":{"start":{"line":36,"column":42},"end":{"line":36,"column":127}},"18":{"start":{"line":37,"column":42},"end":{"line":37,"column":71}},"19":{"start":{"line":39,"column":4},"end":{"line":41,"column":11}},"20":{"start":{"line":40,"column":8},"end":{"line":40,"column":24}},"21":{"start":{"line":43,"column":26},"end":{"line":60,"column":5}},"22":{"start":{"line":44,"column":8},"end":{"line":59,"column":9}},"23":{"start":{"line":45,"column":24},"end":{"line":45,"column":79}},"24":{"start":{"line":46,"column":12},"end":{"line":54,"column":13}},"25":{"start":{"line":47,"column":29},"end":{"line":47,"column":45}},"26":{"start":{"line":48,"column":16},"end":{"line":53,"column":17}},"27":{"start":{"line":49,"column":20},"end":{"line":49,"column":38}},"28":{"start":{"line":51,"column":20},"end":{"line":51,"column":87}},"29":{"start":{"line":52,"column":20},"end":{"line":52,"column":36}},"30":{"start":{"line":56,"column":12},"end":{"line":56,"column":61}},"31":{"start":{"line":58,"column":12},"end":{"line":58,"column":30}},"32":{"start":{"line":62,"column":26},"end":{"line":88,"column":5}},"33":{"start":{"line":63,"column":8},"end":{"line":63,"column":23}},"34":{"start":{"line":64,"column":8},"end":{"line":87,"column":9}},"35":{"start":{"line":65,"column":12},"end":{"line":65,"column":33}},"36":{"start":{"line":66,"column":24},"end":{"line":69,"column":14}},"37":{"start":{"line":70,"column":12},"end":{"line":81,"column":13}},"38":{"start":{"line":71,"column":16},"end":{"line":77,"column":19}},"39":{"start":{"line":72,"column":20},"end":{"line":76,"column":21}},"40":{"start":{"line":72,"column":39},"end":{"line":72,"column":52}},"41":{"start":{"line":73,"column":24},"end":{"line":73,"column":120}},"42":{"start":{"line":73,"column":45},"end":{"line":73,"column":118}},"43":{"start":{"line":75,"column":24},"end":{"line":75,"column":123}},"44":{"start":{"line":79,"column":29},"end":{"line":79,"column":45}},"45":{"start":{"line":80,"column":16},"end":{"line":80,"column":66}},"46":{"start":{"line":83,"column":12},"end":{"line":83,"column":61}},"47":{"start":{"line":84,"column":12},"end":{"line":84,"column":42}},"48":{"start":{"line":86,"column":12},"end":{"line":86,"column":51}},"49":{"start":{"line":86,"column":29},"end":{"line":86,"column":44}},"50":{"start":{"line":90,"column":27},"end":{"line":110,"column":5}},"51":{"start":{"line":91,"column":8},"end":{"line":94,"column":9}},"52":{"start":{"line":92,"column":12},"end":{"line":92,"column":133}},"53":{"start":{"line":92,"column":36},"end":{"line":92,"column":130}},"54":{"start":{"line":93,"column":12},"end":{"line":93,"column":19}},"55":{"start":{"line":95,"column":8},"end":{"line":95,"column":105}},"56":{"start":{"line":95,"column":32},"end":{"line":95,"column":102}},"57":{"start":{"line":96,"column":8},"end":{"line":109,"column":9}},"58":{"start":{"line":97,"column":24},"end":{"line":100,"column":14}},"59":{"start":{"line":101,"column":12},"end":{"line":104,"column":13}},"60":{"start":{"line":102,"column":16},"end":{"line":102,"column":260}},"61":{"start":{"line":102,"column":40},"end":{"line":102,"column":257}},"62":{"start":{"line":103,"column":16},"end":{"line":103,"column":23}},"63":{"start":{"line":105,"column":25},"end":{"line":105,"column":41}},"64":{"start":{"line":106,"column":12},"end":{"line":106,"column":127}},"65":{"start":{"line":106,"column":36},"end":{"line":106,"column":124}},"66":{"start":{"line":108,"column":12},"end":{"line":108,"column":138}},"67":{"start":{"line":108,"column":36},"end":{"line":108,"column":135}},"68":{"start":{"line":112,"column":23},"end":{"line":112,"column":86}},"69":{"start":{"line":112,"column":40},"end":{"line":112,"column":86}},"70":{"start":{"line":112,"column":59},"end":{"line":112,"column":72}},"71":{"start":{"line":114,"column":4},"end":{"line":120,"column":5}},"72":{"start":{"line":115,"column":8},"end":{"line":119,"column":10}},"73":{"start":{"line":122,"column":35},"end":{"line":122,"column":102}},"74":{"start":{"line":122,"column":76},"end":{"line":122,"column":102}},"75":{"start":{"line":124,"column":4},"end":{"line":456,"column":6}},"76":{"start":{"line":148,"column":49},"end":{"line":148,"column":101}},"77":{"start":{"line":156,"column":52},"end":{"line":156,"column":74}},"78":{"start":{"line":160,"column":52},"end":{"line":160,"column":72}},"79":{"start":{"line":170,"column":52},"end":{"line":170,"column":74}},"80":{"start":{"line":173,"column":52},"end":{"line":173,"column":75}},"81":{"start":{"line":186,"column":36},"end":{"line":187,"column":null}},"82":{"start":{"line":188,"column":55},"end":{"line":188,"column":72}},"83":{"start":{"line":204,"column":36},"end":{"line":205,"column":null}},"84":{"start":{"line":206,"column":55},"end":{"line":206,"column":81}},"85":{"start":{"line":229,"column":49},"end":{"line":229,"column":110}},"86":{"start":{"line":243,"column":49},"end":{"line":243,"column":88}},"87":{"start":{"line":252,"column":43},"end":{"line":252,"column":81}},"88":{"start":{"line":260,"column":43},"end":{"line":260,"column":81}},"89":{"start":{"line":266,"column":43},"end":{"line":266,"column":119}},"90":{"start":{"line":298,"column":49},"end":{"line":298,"column":120}},"91":{"start":{"line":313,"column":51},"end":{"line":313,"column":97}},"92":{"start":{"line":321,"column":51},"end":{"line":321,"column":104}},"93":{"start":{"line":334,"column":51},"end":{"line":334,"column":96}},"94":{"start":{"line":342,"column":51},"end":{"line":342,"column":103}},"95":{"start":{"line":365,"column":43},"end":{"line":365,"column":93}},"96":{"start":{"line":387,"column":45},"end":{"line":387,"column":92}},"97":{"start":{"line":392,"column":45},"end":{"line":392,"column":106}},"98":{"start":{"line":410,"column":45},"end":{"line":410,"column":106}},"99":{"start":{"line":416,"column":45},"end":{"line":416,"column":109}},"100":{"start":{"line":422,"column":45},"end":{"line":422,"column":108}},"101":{"start":{"line":428,"column":45},"end":{"line":428,"column":110}},"102":{"start":{"line":434,"column":45},"end":{"line":434,"column":118}},"103":{"start":{"line":440,"column":45},"end":{"line":440,"column":102}},"104":{"start":{"line":461,"column":100},"end":{"line":520,"column":1}},"105":{"start":{"line":462,"column":18},"end":{"line":462,"column":34}},"106":{"start":{"line":463,"column":30},"end":{"line":463,"column":42}},"107":{"start":{"line":464,"column":30},"end":{"line":464,"column":42}},"108":{"start":{"line":465,"column":18},"end":{"line":465,"column":82}},"109":{"start":{"line":465,"column":52},"end":{"line":465,"column":60}},"110":{"start":{"line":467,"column":22},"end":{"line":477,"column":5}},"111":{"start":{"line":468,"column":8},"end":{"line":468,"column":34}},"112":{"start":{"line":468,"column":27},"end":{"line":468,"column":34}},"113":{"start":{"line":469,"column":8},"end":{"line":472,"column":9}},"114":{"start":{"line":470,"column":12},"end":{"line":470,"column":49}},"115":{"start":{"line":471,"column":12},"end":{"line":471,"column":19}},"116":{"start":{"line":473,"column":24},"end":{"line":473,"column":58}},"117":{"start":{"line":474,"column":8},"end":{"line":474,"column":26}},"118":{"start":{"line":475,"column":8},"end":{"line":475,"column":21}},"119":{"start":{"line":476,"column":8},"end":{"line":476,"column":21}},"120":{"start":{"line":479,"column":25},"end":{"line":482,"column":5}},"121":{"start":{"line":480,"column":24},"end":{"line":480,"column":67}},"122":{"start":{"line":480,"column":47},"end":{"line":480,"column":56}},"123":{"start":{"line":481,"column":8},"end":{"line":481,"column":26}},"124":{"start":{"line":484,"column":4},"end":{"line":519,"column":6}},"125":{"start":{"line":492,"column":20},"end":{"line":492,"column":33}},"126":{"start":{"line":499,"column":96},"end":{"line":499,"column":111}},"127":{"start":{"line":506,"column":39},"end":{"line":506,"column":64}},"128":{"start":{"line":506,"column":65},"end":{"line":506,"column":78}},"129":{"start":{"line":507,"column":40},"end":{"line":507,"column":78}},"130":{"start":{"line":507,"column":71},"end":{"line":507,"column":78}},"131":{"start":{"line":507,"column":79},"end":{"line":507,"column":114}},"132":{"start":{"line":507,"column":102},"end":{"line":507,"column":114}},"133":{"start":{"line":522,"column":32},"end":{"line":578,"column":1}},"134":{"start":{"line":523,"column":18},"end":{"line":523,"column":34}},"135":{"start":{"line":524,"column":38},"end":{"line":524,"column":50}},"136":{"start":{"line":525,"column":32},"end":{"line":525,"column":92}},"137":{"start":{"line":526,"column":34},"end":{"line":526,"column":49}},"138":{"start":{"line":528,"column":25},"end":{"line":553,"column":5}},"139":{"start":{"line":529,"column":8},"end":{"line":529,"column":38}},"140":{"start":{"line":529,"column":31},"end":{"line":529,"column":38}},"141":{"start":{"line":530,"column":8},"end":{"line":530,"column":25}},"142":{"start":{"line":531,"column":26},"end":{"line":531,"column":64}},"143":{"start":{"line":532,"column":8},"end":{"line":532,"column":39}},"144":{"start":{"line":534,"column":8},"end":{"line":552,"column":9}},"145":{"start":{"line":535,"column":24},"end":{"line":537,"column":14}},"146":{"start":{"line":538,"column":12},"end":{"line":545,"column":13}},"147":{"start":{"line":539,"column":16},"end":{"line":539,"column":83}},"148":{"start":{"line":540,"column":16},"end":{"line":540,"column":33}},"149":{"start":{"line":542,"column":16},"end":{"line":542,"column":105}},"150":{"start":{"line":543,"column":16},"end":{"line":544,"column":38}},"151":{"start":{"line":543,"column":31},"end":{"line":543,"column":55}},"152":{"start":{"line":544,"column":21},"end":{"line":544,"column":38}},"153":{"start":{"line":547,"column":12},"end":{"line":547,"column":83}},"154":{"start":{"line":548,"column":12},"end":{"line":549,"column":34}},"155":{"start":{"line":548,"column":27},"end":{"line":548,"column":51}},"156":{"start":{"line":549,"column":17},"end":{"line":549,"column":34}},"157":{"start":{"line":551,"column":12},"end":{"line":551,"column":30}},"158":{"start":{"line":555,"column":4},"end":{"line":577,"column":6}},"159":{"start":{"line":561,"column":39},"end":{"line":561,"column":68}},"160":{"start":{"line":561,"column":69},"end":{"line":561,"column":85}},"161":{"start":{"line":562,"column":40},"end":{"line":562,"column":78}},"162":{"start":{"line":562,"column":71},"end":{"line":562,"column":78}},"163":{"start":{"line":562,"column":79},"end":{"line":562,"column":117}},"164":{"start":{"line":562,"column":102},"end":{"line":562,"column":117}},"165":{"start":{"line":580,"column":101},"end":{"line":635,"column":1}},"166":{"start":{"line":581,"column":18},"end":{"line":581,"column":34}},"167":{"start":{"line":582,"column":30},"end":{"line":582,"column":42}},"168":{"start":{"line":583,"column":18},"end":{"line":583,"column":82}},"169":{"start":{"line":583,"column":52},"end":{"line":583,"column":60}},"170":{"start":{"line":585,"column":20},"end":{"line":592,"column":5}},"171":{"start":{"line":586,"column":8},"end":{"line":586,"column":34}},"172":{"start":{"line":586,"column":27},"end":{"line":586,"column":34}},"173":{"start":{"line":587,"column":25},"end":{"line":587,"column":76}},"174":{"start":{"line":587,"column":51},"end":{"line":587,"column":59}},"175":{"start":{"line":588,"column":8},"end":{"line":588,"column":42}},"176":{"start":{"line":588,"column":35},"end":{"line":588,"column":42}},"177":{"start":{"line":589,"column":24},"end":{"line":589,"column":78}},"178":{"start":{"line":590,"column":8},"end":{"line":590,"column":26}},"179":{"start":{"line":591,"column":8},"end":{"line":591,"column":21}},"180":{"start":{"line":594,"column":23},"end":{"line":597,"column":5}},"181":{"start":{"line":595,"column":24},"end":{"line":595,"column":67}},"182":{"start":{"line":595,"column":47},"end":{"line":595,"column":56}},"183":{"start":{"line":596,"column":8},"end":{"line":596,"column":26}},"184":{"start":{"line":599,"column":4},"end":{"line":634,"column":6}},"185":{"start":{"line":610,"column":20},"end":{"line":610,"column":33}},"186":{"start":{"line":617,"column":96},"end":{"line":617,"column":109}},"187":{"start":{"line":625,"column":37},"end":{"line":625,"column":61}},"188":{"start":{"line":626,"column":40},"end":{"line":626,"column":78}},"189":{"start":{"line":626,"column":71},"end":{"line":626,"column":78}},"190":{"start":{"line":626,"column":79},"end":{"line":626,"column":112}},"191":{"start":{"line":626,"column":102},"end":{"line":626,"column":112}},"192":{"start":{"line":637,"column":156},"end":{"line":657,"column":1}},"193":{"start":{"line":638,"column":30},"end":{"line":638,"column":45}},"194":{"start":{"line":639,"column":4},"end":{"line":639,"column":46}},"195":{"start":{"line":639,"column":20},"end":{"line":639,"column":35}},"196":{"start":{"line":641,"column":4},"end":{"line":656,"column":6}},"197":{"start":{"line":651,"column":33},"end":{"line":651,"column":57}},"198":{"start":{"line":652,"column":30},"end":{"line":652,"column":43}},"199":{"start":{"line":659,"column":106},"end":{"line":717,"column":1}},"200":{"start":{"line":660,"column":18},"end":{"line":660,"column":34}},"201":{"start":{"line":661,"column":32},"end":{"line":661,"column":54}},"202":{"start":{"line":662,"column":34},"end":{"line":662,"column":49}},"203":{"start":{"line":663,"column":30},"end":{"line":663,"column":42}},"204":{"start":{"line":665,"column":4},"end":{"line":667,"column":11}},"205":{"start":{"line":666,"column":8},"end":{"line":666,"column":22}},"206":{"start":{"line":669,"column":24},"end":{"line":688,"column":5}},"207":{"start":{"line":670,"column":8},"end":{"line":670,"column":25}},"208":{"start":{"line":671,"column":8},"end":{"line":671,"column":21}},"209":{"start":{"line":672,"column":8},"end":{"line":687,"column":9}},"210":{"start":{"line":673,"column":24},"end":{"line":673,"column":84}},"211":{"start":{"line":674,"column":12},"end":{"line":681,"column":13}},"212":{"start":{"line":675,"column":29},"end":{"line":675,"column":45}},"213":{"start":{"line":676,"column":16},"end":{"line":678,"column":17}},"214":{"start":{"line":677,"column":20},"end":{"line":677,"column":67}},"215":{"start":{"line":677,"column":58},"end":{"line":677,"column":64}},"216":{"start":{"line":680,"column":16},"end":{"line":680,"column":66}},"217":{"start":{"line":683,"column":12},"end":{"line":683,"column":54}},"218":{"start":{"line":684,"column":12},"end":{"line":684,"column":98}},"219":{"start":{"line":686,"column":12},"end":{"line":686,"column":30}},"220":{"start":{"line":690,"column":4},"end":{"line":716,"column":6}},"221":{"start":{"line":699,"column":37},"end":{"line":699,"column":61}},"222":{"start":{"line":704,"column":24},"end":{"line":704,"column":40}},"223":{"start":{"line":719,"column":35},"end":{"line":810,"column":1}},"224":{"start":{"line":720,"column":18},"end":{"line":720,"column":34}},"225":{"start":{"line":721,"column":40},"end":{"line":721,"column":77}},"226":{"start":{"line":722,"column":34},"end":{"line":722,"column":48}},"227":{"start":{"line":723,"column":32},"end":{"line":723,"column":47}},"228":{"start":{"line":724,"column":34},"end":{"line":724,"column":46}},"229":{"start":{"line":726,"column":4},"end":{"line":728,"column":11}},"230":{"start":{"line":727,"column":8},"end":{"line":727,"column":22}},"231":{"start":{"line":730,"column":24},"end":{"line":742,"column":5}},"232":{"start":{"line":731,"column":8},"end":{"line":741,"column":9}},"233":{"start":{"line":732,"column":24},"end":{"line":732,"column":85}},"234":{"start":{"line":733,"column":12},"end":{"line":736,"column":13}},"235":{"start":{"line":734,"column":29},"end":{"line":734,"column":45}},"236":{"start":{"line":735,"column":16},"end":{"line":735,"column":61}},"237":{"start":{"line":738,"column":12},"end":{"line":738,"column":29}},"238":{"start":{"line":740,"column":12},"end":{"line":740,"column":30}},"239":{"start":{"line":744,"column":23},"end":{"line":765,"column":5}},"240":{"start":{"line":745,"column":8},"end":{"line":764,"column":9}},"241":{"start":{"line":746,"column":12},"end":{"line":746,"column":28}},"242":{"start":{"line":747,"column":12},"end":{"line":747,"column":27}},"243":{"start":{"line":748,"column":12},"end":{"line":748,"column":35}},"244":{"start":{"line":749,"column":24},"end":{"line":753,"column":14}},"245":{"start":{"line":754,"column":12},"end":{"line":759,"column":13}},"246":{"start":{"line":755,"column":16},"end":{"line":755,"column":113}},"247":{"start":{"line":756,"column":16},"end":{"line":756,"column":55}},"248":{"start":{"line":756,"column":33},"end":{"line":756,"column":47}},"249":{"start":{"line":758,"column":16},"end":{"line":758,"column":95}},"250":{"start":{"line":761,"column":12},"end":{"line":761,"column":108}},"251":{"start":{"line":763,"column":12},"end":{"line":763,"column":29}},"252":{"start":{"line":767,"column":4},"end":{"line":809,"column":6}},"253":{"start":{"line":781,"column":39},"end":{"line":781,"column":68}},"254":{"start":{"line":812,"column":117},"end":{"line":838,"column":1}},"255":{"start":{"line":813,"column":22},"end":{"line":813,"column":59}},"256":{"start":{"line":814,"column":4},"end":{"line":837,"column":6}},"257":{"start":{"line":822,"column":80},"end":{"line":822,"column":125}},"258":{"start":{"line":842,"column":40},"end":{"line":850,"column":2}},"259":{"start":{"line":852,"column":40},"end":{"line":863,"column":2}},"260":{"start":{"line":865,"column":41},"end":{"line":868,"column":2}},"261":{"start":{"line":870,"column":22},"end":{"line":879,"column":2}},"262":{"start":{"line":870,"column":90},"end":{"line":879,"column":2}},"263":{"start":{"line":881,"column":23},"end":{"line":891,"column":2}},"264":{"start":{"line":881,"column":85},"end":{"line":891,"column":2}},"265":{"start":{"line":893,"column":21},"end":{"line":905,"column":2}},"266":{"start":{"line":893,"column":64},"end":{"line":905,"column":2}},"267":{"start":{"line":907,"column":42},"end":{"line":920,"column":2}},"268":{"start":{"line":922,"column":24},"end":{"line":934,"column":2}},"269":{"start":{"line":922,"column":68},"end":{"line":934,"column":2}},"270":{"start":{"line":936,"column":0},"end":{"line":936,"column":28}}},"fnMap":{"0":{"name":"(anonymous_10)","decl":{"start":{"line":28,"column":31},"end":{"line":28,"column":34}},"loc":{"start":{"line":28,"column":36},"end":{"line":457,"column":1}}},"1":{"name":"(anonymous_11)","decl":{"start":{"line":39,"column":14},"end":{"line":39,"column":17}},"loc":{"start":{"line":39,"column":19},"end":{"line":41,"column":5}}},"2":{"name":"(anonymous_12)","decl":{"start":{"line":43,"column":26},"end":{"line":43,"column":31}},"loc":{"start":{"line":43,"column":37},"end":{"line":60,"column":5}}},"3":{"name":"(anonymous_13)","decl":{"start":{"line":62,"column":26},"end":{"line":62,"column":31}},"loc":{"start":{"line":62,"column":81},"end":{"line":88,"column":5}}},"4":{"name":"(anonymous_14)","decl":{"start":{"line":71,"column":28},"end":{"line":71,"column":32}},"loc":{"start":{"line":71,"column":35},"end":{"line":77,"column":17}}},"5":{"name":"(anonymous_15)","decl":{"start":{"line":72,"column":34},"end":{"line":72,"column":35}},"loc":{"start":{"line":72,"column":39},"end":{"line":72,"column":52}}},"6":{"name":"(anonymous_16)","decl":{"start":{"line":73,"column":40},"end":{"line":73,"column":41}},"loc":{"start":{"line":73,"column":45},"end":{"line":73,"column":118}}},"7":{"name":"(anonymous_17)","decl":{"start":{"line":86,"column":23},"end":{"line":86,"column":26}},"loc":{"start":{"line":86,"column":29},"end":{"line":86,"column":44}}},"8":{"name":"(anonymous_18)","decl":{"start":{"line":90,"column":27},"end":{"line":90,"column":32}},"loc":{"start":{"line":90,"column":82},"end":{"line":110,"column":5}}},"9":{"name":"(anonymous_19)","decl":{"start":{"line":92,"column":27},"end":{"line":92,"column":31}},"loc":{"start":{"line":92,"column":36},"end":{"line":92,"column":130}}},"10":{"name":"(anonymous_20)","decl":{"start":{"line":95,"column":23},"end":{"line":95,"column":27}},"loc":{"start":{"line":95,"column":32},"end":{"line":95,"column":102}}},"11":{"name":"(anonymous_21)","decl":{"start":{"line":102,"column":31},"end":{"line":102,"column":35}},"loc":{"start":{"line":102,"column":40},"end":{"line":102,"column":257}}},"12":{"name":"(anonymous_22)","decl":{"start":{"line":106,"column":27},"end":{"line":106,"column":31}},"loc":{"start":{"line":106,"column":36},"end":{"line":106,"column":124}}},"13":{"name":"(anonymous_23)","decl":{"start":{"line":108,"column":27},"end":{"line":108,"column":31}},"loc":{"start":{"line":108,"column":36},"end":{"line":108,"column":135}}},"14":{"name":"(anonymous_24)","decl":{"start":{"line":112,"column":23},"end":{"line":112,"column":24}},"loc":{"start":{"line":112,"column":40},"end":{"line":112,"column":86}}},"15":{"name":"(anonymous_25)","decl":{"start":{"line":112,"column":54},"end":{"line":112,"column":55}},"loc":{"start":{"line":112,"column":59},"end":{"line":112,"column":72}}},"16":{"name":"(anonymous_26)","decl":{"start":{"line":122,"column":35},"end":{"line":122,"column":36}},"loc":{"start":{"line":122,"column":76},"end":{"line":122,"column":102}}},"17":{"name":"(anonymous_27)","decl":{"start":{"line":148,"column":42},"end":{"line":148,"column":43}},"loc":{"start":{"line":148,"column":49},"end":{"line":148,"column":101}}},"18":{"name":"(anonymous_28)","decl":{"start":{"line":156,"column":46},"end":{"line":156,"column":49}},"loc":{"start":{"line":156,"column":52},"end":{"line":156,"column":74}}},"19":{"name":"(anonymous_29)","decl":{"start":{"line":160,"column":46},"end":{"line":160,"column":49}},"loc":{"start":{"line":160,"column":52},"end":{"line":160,"column":72}}},"20":{"name":"(anonymous_30)","decl":{"start":{"line":170,"column":46},"end":{"line":170,"column":49}},"loc":{"start":{"line":170,"column":52},"end":{"line":170,"column":74}}},"21":{"name":"(anonymous_31)","decl":{"start":{"line":173,"column":46},"end":{"line":173,"column":49}},"loc":{"start":{"line":173,"column":52},"end":{"line":173,"column":75}}},"22":{"name":"(anonymous_32)","decl":{"start":{"line":185,"column":60},"end":{"line":185,"column":61}},"loc":{"start":{"line":186,"column":36},"end":{"line":187,"column":null}}},"23":{"name":"(anonymous_33)","decl":{"start":{"line":188,"column":49},"end":{"line":188,"column":52}},"loc":{"start":{"line":188,"column":55},"end":{"line":188,"column":72}}},"24":{"name":"(anonymous_34)","decl":{"start":{"line":203,"column":78},"end":{"line":203,"column":79}},"loc":{"start":{"line":204,"column":36},"end":{"line":205,"column":null}}},"25":{"name":"(anonymous_35)","decl":{"start":{"line":206,"column":49},"end":{"line":206,"column":52}},"loc":{"start":{"line":206,"column":55},"end":{"line":206,"column":81}}},"26":{"name":"(anonymous_36)","decl":{"start":{"line":229,"column":42},"end":{"line":229,"column":43}},"loc":{"start":{"line":229,"column":49},"end":{"line":229,"column":110}}},"27":{"name":"(anonymous_37)","decl":{"start":{"line":243,"column":42},"end":{"line":243,"column":43}},"loc":{"start":{"line":243,"column":49},"end":{"line":243,"column":88}}},"28":{"name":"(anonymous_38)","decl":{"start":{"line":252,"column":36},"end":{"line":252,"column":37}},"loc":{"start":{"line":252,"column":43},"end":{"line":252,"column":81}}},"29":{"name":"(anonymous_39)","decl":{"start":{"line":260,"column":36},"end":{"line":260,"column":37}},"loc":{"start":{"line":260,"column":43},"end":{"line":260,"column":81}}},"30":{"name":"(anonymous_40)","decl":{"start":{"line":266,"column":37},"end":{"line":266,"column":40}},"loc":{"start":{"line":266,"column":43},"end":{"line":266,"column":119}}},"31":{"name":"(anonymous_41)","decl":{"start":{"line":298,"column":42},"end":{"line":298,"column":43}},"loc":{"start":{"line":298,"column":49},"end":{"line":298,"column":120}}},"32":{"name":"(anonymous_42)","decl":{"start":{"line":313,"column":44},"end":{"line":313,"column":45}},"loc":{"start":{"line":313,"column":51},"end":{"line":313,"column":97}}},"33":{"name":"(anonymous_43)","decl":{"start":{"line":321,"column":44},"end":{"line":321,"column":45}},"loc":{"start":{"line":321,"column":51},"end":{"line":321,"column":104}}},"34":{"name":"(anonymous_44)","decl":{"start":{"line":334,"column":44},"end":{"line":334,"column":45}},"loc":{"start":{"line":334,"column":51},"end":{"line":334,"column":96}}},"35":{"name":"(anonymous_45)","decl":{"start":{"line":342,"column":44},"end":{"line":342,"column":45}},"loc":{"start":{"line":342,"column":51},"end":{"line":342,"column":103}}},"36":{"name":"(anonymous_46)","decl":{"start":{"line":365,"column":36},"end":{"line":365,"column":37}},"loc":{"start":{"line":365,"column":43},"end":{"line":365,"column":93}}},"37":{"name":"(anonymous_47)","decl":{"start":{"line":387,"column":38},"end":{"line":387,"column":39}},"loc":{"start":{"line":387,"column":45},"end":{"line":387,"column":92}}},"38":{"name":"(anonymous_48)","decl":{"start":{"line":392,"column":38},"end":{"line":392,"column":39}},"loc":{"start":{"line":392,"column":45},"end":{"line":392,"column":106}}},"39":{"name":"(anonymous_49)","decl":{"start":{"line":410,"column":38},"end":{"line":410,"column":39}},"loc":{"start":{"line":410,"column":45},"end":{"line":410,"column":106}}},"40":{"name":"(anonymous_50)","decl":{"start":{"line":416,"column":38},"end":{"line":416,"column":39}},"loc":{"start":{"line":416,"column":45},"end":{"line":416,"column":109}}},"41":{"name":"(anonymous_51)","decl":{"start":{"line":422,"column":38},"end":{"line":422,"column":39}},"loc":{"start":{"line":422,"column":45},"end":{"line":422,"column":108}}},"42":{"name":"(anonymous_52)","decl":{"start":{"line":428,"column":38},"end":{"line":428,"column":39}},"loc":{"start":{"line":428,"column":45},"end":{"line":428,"column":110}}},"43":{"name":"(anonymous_53)","decl":{"start":{"line":434,"column":38},"end":{"line":434,"column":39}},"loc":{"start":{"line":434,"column":45},"end":{"line":434,"column":118}}},"44":{"name":"(anonymous_54)","decl":{"start":{"line":440,"column":38},"end":{"line":440,"column":39}},"loc":{"start":{"line":440,"column":45},"end":{"line":440,"column":102}}},"45":{"name":"(anonymous_55)","decl":{"start":{"line":461,"column":100},"end":{"line":461,"column":101}},"loc":{"start":{"line":461,"column":132},"end":{"line":520,"column":1}}},"46":{"name":"(anonymous_56)","decl":{"start":{"line":465,"column":47},"end":{"line":465,"column":48}},"loc":{"start":{"line":465,"column":52},"end":{"line":465,"column":60}}},"47":{"name":"(anonymous_57)","decl":{"start":{"line":467,"column":22},"end":{"line":467,"column":25}},"loc":{"start":{"line":467,"column":27},"end":{"line":477,"column":5}}},"48":{"name":"(anonymous_58)","decl":{"start":{"line":479,"column":25},"end":{"line":479,"column":26}},"loc":{"start":{"line":479,"column":41},"end":{"line":482,"column":5}}},"49":{"name":"(anonymous_59)","decl":{"start":{"line":480,"column":37},"end":{"line":480,"column":38}},"loc":{"start":{"line":480,"column":47},"end":{"line":480,"column":56}}},"50":{"name":"(anonymous_60)","decl":{"start":{"line":491,"column":27},"end":{"line":491,"column":28}},"loc":{"start":{"line":492,"column":20},"end":{"line":492,"column":33}}},"51":{"name":"(anonymous_61)","decl":{"start":{"line":499,"column":90},"end":{"line":499,"column":93}},"loc":{"start":{"line":499,"column":96},"end":{"line":499,"column":111}}},"52":{"name":"(anonymous_62)","decl":{"start":{"line":506,"column":30},"end":{"line":506,"column":31}},"loc":{"start":{"line":506,"column":36},"end":{"line":506,"column":80}}},"53":{"name":"(anonymous_63)","decl":{"start":{"line":507,"column":31},"end":{"line":507,"column":32}},"loc":{"start":{"line":507,"column":37},"end":{"line":507,"column":116}}},"54":{"name":"(anonymous_64)","decl":{"start":{"line":522,"column":32},"end":{"line":522,"column":35}},"loc":{"start":{"line":522,"column":37},"end":{"line":578,"column":1}}},"55":{"name":"(anonymous_65)","decl":{"start":{"line":528,"column":25},"end":{"line":528,"column":30}},"loc":{"start":{"line":528,"column":36},"end":{"line":553,"column":5}}},"56":{"name":"(anonymous_66)","decl":{"start":{"line":561,"column":30},"end":{"line":561,"column":31}},"loc":{"start":{"line":561,"column":36},"end":{"line":561,"column":87}}},"57":{"name":"(anonymous_67)","decl":{"start":{"line":562,"column":31},"end":{"line":562,"column":32}},"loc":{"start":{"line":562,"column":37},"end":{"line":562,"column":119}}},"58":{"name":"(anonymous_68)","decl":{"start":{"line":580,"column":101},"end":{"line":580,"column":102}},"loc":{"start":{"line":580,"column":133},"end":{"line":635,"column":1}}},"59":{"name":"(anonymous_69)","decl":{"start":{"line":583,"column":47},"end":{"line":583,"column":48}},"loc":{"start":{"line":583,"column":52},"end":{"line":583,"column":60}}},"60":{"name":"(anonymous_70)","decl":{"start":{"line":585,"column":20},"end":{"line":585,"column":23}},"loc":{"start":{"line":585,"column":25},"end":{"line":592,"column":5}}},"61":{"name":"(anonymous_71)","decl":{"start":{"line":587,"column":46},"end":{"line":587,"column":47}},"loc":{"start":{"line":587,"column":51},"end":{"line":587,"column":59}}},"62":{"name":"(anonymous_72)","decl":{"start":{"line":594,"column":23},"end":{"line":594,"column":24}},"loc":{"start":{"line":594,"column":39},"end":{"line":597,"column":5}}},"63":{"name":"(anonymous_73)","decl":{"start":{"line":595,"column":37},"end":{"line":595,"column":38}},"loc":{"start":{"line":595,"column":47},"end":{"line":595,"column":56}}},"64":{"name":"(anonymous_74)","decl":{"start":{"line":609,"column":27},"end":{"line":609,"column":28}},"loc":{"start":{"line":610,"column":20},"end":{"line":610,"column":33}}},"65":{"name":"(anonymous_75)","decl":{"start":{"line":617,"column":90},"end":{"line":617,"column":93}},"loc":{"start":{"line":617,"column":96},"end":{"line":617,"column":109}}},"66":{"name":"(anonymous_76)","decl":{"start":{"line":625,"column":30},"end":{"line":625,"column":31}},"loc":{"start":{"line":625,"column":37},"end":{"line":625,"column":61}}},"67":{"name":"(anonymous_77)","decl":{"start":{"line":626,"column":31},"end":{"line":626,"column":32}},"loc":{"start":{"line":626,"column":37},"end":{"line":626,"column":114}}},"68":{"name":"(anonymous_78)","decl":{"start":{"line":637,"column":156},"end":{"line":637,"column":157}},"loc":{"start":{"line":637,"column":218},"end":{"line":657,"column":1}}},"69":{"name":"(anonymous_79)","decl":{"start":{"line":639,"column":14},"end":{"line":639,"column":17}},"loc":{"start":{"line":639,"column":20},"end":{"line":639,"column":35}}},"70":{"name":"(anonymous_80)","decl":{"start":{"line":651,"column":26},"end":{"line":651,"column":27}},"loc":{"start":{"line":651,"column":33},"end":{"line":651,"column":57}}},"71":{"name":"(anonymous_81)","decl":{"start":{"line":652,"column":24},"end":{"line":652,"column":27}},"loc":{"start":{"line":652,"column":30},"end":{"line":652,"column":43}}},"72":{"name":"(anonymous_82)","decl":{"start":{"line":659,"column":106},"end":{"line":659,"column":107}},"loc":{"start":{"line":659,"column":138},"end":{"line":717,"column":1}}},"73":{"name":"(anonymous_83)","decl":{"start":{"line":665,"column":14},"end":{"line":665,"column":17}},"loc":{"start":{"line":665,"column":19},"end":{"line":667,"column":5}}},"74":{"name":"(anonymous_84)","decl":{"start":{"line":669,"column":24},"end":{"line":669,"column":29}},"loc":{"start":{"line":669,"column":35},"end":{"line":688,"column":5}}},"75":{"name":"(anonymous_85)","decl":{"start":{"line":677,"column":46},"end":{"line":677,"column":47}},"loc":{"start":{"line":677,"column":58},"end":{"line":677,"column":64}}},"76":{"name":"(anonymous_86)","decl":{"start":{"line":699,"column":30},"end":{"line":699,"column":31}},"loc":{"start":{"line":699,"column":37},"end":{"line":699,"column":61}}},"77":{"name":"(anonymous_87)","decl":{"start":{"line":703,"column":32},"end":{"line":703,"column":33}},"loc":{"start":{"line":704,"column":24},"end":{"line":704,"column":40}}},"78":{"name":"(anonymous_88)","decl":{"start":{"line":719,"column":35},"end":{"line":719,"column":38}},"loc":{"start":{"line":719,"column":40},"end":{"line":810,"column":1}}},"79":{"name":"(anonymous_89)","decl":{"start":{"line":726,"column":14},"end":{"line":726,"column":17}},"loc":{"start":{"line":726,"column":19},"end":{"line":728,"column":5}}},"80":{"name":"(anonymous_90)","decl":{"start":{"line":730,"column":24},"end":{"line":730,"column":29}},"loc":{"start":{"line":730,"column":35},"end":{"line":742,"column":5}}},"81":{"name":"(anonymous_91)","decl":{"start":{"line":744,"column":23},"end":{"line":744,"column":28}},"loc":{"start":{"line":744,"column":34},"end":{"line":765,"column":5}}},"82":{"name":"(anonymous_92)","decl":{"start":{"line":756,"column":27},"end":{"line":756,"column":30}},"loc":{"start":{"line":756,"column":33},"end":{"line":756,"column":47}}},"83":{"name":"(anonymous_93)","decl":{"start":{"line":781,"column":34},"end":{"line":781,"column":35}},"loc":{"start":{"line":781,"column":39},"end":{"line":781,"column":68}}},"84":{"name":"(anonymous_94)","decl":{"start":{"line":812,"column":117},"end":{"line":812,"column":118}},"loc":{"start":{"line":812,"column":158},"end":{"line":838,"column":1}}},"85":{"name":"(anonymous_95)","decl":{"start":{"line":822,"column":73},"end":{"line":822,"column":74}},"loc":{"start":{"line":822,"column":80},"end":{"line":822,"column":125}}},"86":{"name":"(anonymous_96)","decl":{"start":{"line":870,"column":22},"end":{"line":870,"column":23}},"loc":{"start":{"line":870,"column":90},"end":{"line":879,"column":2}}},"87":{"name":"(anonymous_97)","decl":{"start":{"line":881,"column":23},"end":{"line":881,"column":24}},"loc":{"start":{"line":881,"column":85},"end":{"line":891,"column":2}}},"88":{"name":"(anonymous_98)","decl":{"start":{"line":893,"column":21},"end":{"line":893,"column":22}},"loc":{"start":{"line":893,"column":64},"end":{"line":905,"column":2}}},"89":{"name":"(anonymous_99)","decl":{"start":{"line":922,"column":24},"end":{"line":922,"column":25}},"loc":{"start":{"line":922,"column":68},"end":{"line":934,"column":2}}}},"branchMap":{"0":{"loc":{"start":{"line":46,"column":12},"end":{"line":54,"column":13}},"type":"if","locations":[{"start":{"line":46,"column":12},"end":{"line":54,"column":13}},{"start":{},"end":{}}]},"1":{"loc":{"start":{"line":48,"column":16},"end":{"line":53,"column":17}},"type":"if","locations":[{"start":{"line":48,"column":16},"end":{"line":53,"column":17}},{"start":{"line":50,"column":23},"end":{"line":53,"column":17}}]},"2":{"loc":{"start":{"line":70,"column":12},"end":{"line":81,"column":13}},"type":"if","locations":[{"start":{"line":70,"column":12},"end":{"line":81,"column":13}},{"start":{"line":78,"column":19},"end":{"line":81,"column":13}}]},"3":{"loc":{"start":{"line":72,"column":20},"end":{"line":76,"column":21}},"type":"if","locations":[{"start":{"line":72,"column":20},"end":{"line":76,"column":21}},{"start":{"line":74,"column":27},"end":{"line":76,"column":21}}]},"4":{"loc":{"start":{"line":73,"column":45},"end":{"line":73,"column":118}},"type":"cond-expr","locations":[{"start":{"line":73,"column":61},"end":{"line":73,"column":114}},{"start":{"line":73,"column":117},"end":{"line":73,"column":118}}]},"5":{"loc":{"start":{"line":91,"column":8},"end":{"line":94,"column":9}},"type":"if","locations":[{"start":{"line":91,"column":8},"end":{"line":94,"column":9}},{"start":{},"end":{}}]},"6":{"loc":{"start":{"line":101,"column":12},"end":{"line":104,"column":13}},"type":"if","locations":[{"start":{"line":101,"column":12},"end":{"line":104,"column":13}},{"start":{},"end":{}}]},"7":{"loc":{"start":{"line":112,"column":40},"end":{"line":112,"column":86}},"type":"binary-expr","locations":[{"start":{"line":112,"column":40},"end":{"line":112,"column":80}},{"start":{"line":112,"column":84},"end":{"line":112,"column":86}}]},"8":{"loc":{"start":{"line":114,"column":4},"end":{"line":120,"column":5}},"type":"if","locations":[{"start":{"line":114,"column":4},"end":{"line":120,"column":5}},{"start":{},"end":{}}]},"9":{"loc":{"start":{"line":126,"column":13},"end":{"line":130,"column":null}},"type":"binary-expr","locations":[{"start":{"line":126,"column":13},"end":{"line":126,"column":24}},{"start":{"line":127,"column":16},"end":{"line":129,"column":null}}]},"10":{"loc":{"start":{"line":191,"column":41},"end":{"line":191,"column":90}},"type":"cond-expr","locations":[{"start":{"line":191,"column":55},"end":{"line":191,"column":60}},{"start":{"line":191,"column":63},"end":{"line":191,"column":90}}]},"11":{"loc":{"start":{"line":191,"column":63},"end":{"line":191,"column":90}},"type":"cond-expr","locations":[{"start":{"line":191,"column":78},"end":{"line":191,"column":82}},{"start":{"line":191,"column":85},"end":{"line":191,"column":90}}]},"12":{"loc":{"start":{"line":228,"column":39},"end":{"line":228,"column":77}},"type":"binary-expr","locations":[{"start":{"line":228,"column":39},"end":{"line":228,"column":65}},{"start":{"line":228,"column":69},"end":{"line":228,"column":77}}]},"13":{"loc":{"start":{"line":240,"column":25},"end":{"line":245,"column":null}},"type":"binary-expr","locations":[{"start":{"line":240,"column":25},"end":{"line":240,"column":64}},{"start":{"line":241,"column":28},"end":{"line":244,"column":null}}]},"14":{"loc":{"start":{"line":270,"column":29},"end":{"line":270,"column":124}},"type":"cond-expr","locations":[{"start":{"line":270,"column":59},"end":{"line":270,"column":101}},{"start":{"line":270,"column":104},"end":{"line":270,"column":124}}]},"15":{"loc":{"start":{"line":273,"column":25},"end":{"line":277,"column":null}},"type":"binary-expr","locations":[{"start":{"line":273,"column":25},"end":{"line":273,"column":43}},{"start":{"line":274,"column":28},"end":{"line":276,"column":null}}]},"16":{"loc":{"start":{"line":275,"column":33},"end":{"line":275,"column":99}},"type":"cond-expr","locations":[{"start":{"line":275,"column":62},"end":{"line":275,"column":81}},{"start":{"line":275,"column":84},"end":{"line":275,"column":99}}]},"17":{"loc":{"start":{"line":283,"column":17},"end":{"line":349,"column":null}},"type":"binary-expr","locations":[{"start":{"line":283,"column":17},"end":{"line":283,"column":40}},{"start":{"line":284,"column":16},"end":{"line":348,"column":null}}]},"18":{"loc":{"start":{"line":297,"column":39},"end":{"line":297,"column":80}},"type":"binary-expr","locations":[{"start":{"line":297,"column":39},"end":{"line":297,"column":70}},{"start":{"line":297,"column":74},"end":{"line":297,"column":80}}]},"19":{"loc":{"start":{"line":307,"column":25},"end":{"line":325,"column":null}},"type":"binary-expr","locations":[{"start":{"line":307,"column":25},"end":{"line":307,"column":69}},{"start":{"line":308,"column":28},"end":{"line":324,"column":null}}]},"20":{"loc":{"start":{"line":328,"column":25},"end":{"line":346,"column":null}},"type":"binary-expr","locations":[{"start":{"line":328,"column":25},"end":{"line":328,"column":68}},{"start":{"line":329,"column":28},"end":{"line":345,"column":null}}]},"21":{"loc":{"start":{"line":353,"column":17},"end":{"line":373,"column":null}},"type":"binary-expr","locations":[{"start":{"line":353,"column":17},"end":{"line":353,"column":40}},{"start":{"line":354,"column":16},"end":{"line":372,"column":null}}]},"22":{"loc":{"start":{"line":377,"column":17},"end":{"line":396,"column":null}},"type":"binary-expr","locations":[{"start":{"line":377,"column":17},"end":{"line":377,"column":40}},{"start":{"line":378,"column":16},"end":{"line":395,"column":null}}]},"23":{"loc":{"start":{"line":399,"column":17},"end":{"line":444,"column":null}},"type":"binary-expr","locations":[{"start":{"line":399,"column":17},"end":{"line":399,"column":40}},{"start":{"line":400,"column":16},"end":{"line":443,"column":null}}]},"24":{"loc":{"start":{"line":439,"column":37},"end":{"line":439,"column":81}},"type":"binary-expr","locations":[{"start":{"line":439,"column":37},"end":{"line":439,"column":71}},{"start":{"line":439,"column":75},"end":{"line":439,"column":81}}]},"25":{"loc":{"start":{"line":447,"column":17},"end":{"line":451,"column":null}},"type":"binary-expr","locations":[{"start":{"line":447,"column":17},"end":{"line":447,"column":40}},{"start":{"line":448,"column":20},"end":{"line":450,"column":null}}]},"26":{"loc":{"start":{"line":465,"column":18},"end":{"line":465,"column":82}},"type":"cond-expr","locations":[{"start":{"line":465,"column":26},"end":{"line":465,"column":77}},{"start":{"line":465,"column":80},"end":{"line":465,"column":82}}]},"27":{"loc":{"start":{"line":468,"column":8},"end":{"line":468,"column":34}},"type":"if","locations":[{"start":{"line":468,"column":8},"end":{"line":468,"column":34}},{"start":{},"end":{}}]},"28":{"loc":{"start":{"line":469,"column":8},"end":{"line":472,"column":9}},"type":"if","locations":[{"start":{"line":469,"column":8},"end":{"line":472,"column":9}},{"start":{},"end":{}}]},"29":{"loc":{"start":{"line":488,"column":17},"end":{"line":488,"column":96}},"type":"binary-expr","locations":[{"start":{"line":488,"column":17},"end":{"line":488,"column":23}},{"start":{"line":488,"column":27},"end":{"line":488,"column":96}}]},"30":{"loc":{"start":{"line":507,"column":40},"end":{"line":507,"column":78}},"type":"if","locations":[{"start":{"line":507,"column":40},"end":{"line":507,"column":78}},{"start":{},"end":{}}]},"31":{"loc":{"start":{"line":507,"column":79},"end":{"line":507,"column":114}},"type":"if","locations":[{"start":{"line":507,"column":79},"end":{"line":507,"column":114}},{"start":{},"end":{}}]},"32":{"loc":{"start":{"line":514,"column":13},"end":{"line":514,"column":121}},"type":"binary-expr","locations":[{"start":{"line":514,"column":13},"end":{"line":514,"column":18}},{"start":{"line":514,"column":22},"end":{"line":514,"column":121}}]},"33":{"loc":{"start":{"line":529,"column":8},"end":{"line":529,"column":38}},"type":"if","locations":[{"start":{"line":529,"column":8},"end":{"line":529,"column":38}},{"start":{},"end":{}}]},"34":{"loc":{"start":{"line":538,"column":12},"end":{"line":545,"column":13}},"type":"if","locations":[{"start":{"line":538,"column":12},"end":{"line":545,"column":13}},{"start":{"line":541,"column":19},"end":{"line":545,"column":13}}]},"35":{"loc":{"start":{"line":543,"column":16},"end":{"line":544,"column":38}},"type":"if","locations":[{"start":{"line":543,"column":16},"end":{"line":544,"column":38}},{"start":{"line":544,"column":21},"end":{"line":544,"column":38}}]},"36":{"loc":{"start":{"line":548,"column":12},"end":{"line":549,"column":34}},"type":"if","locations":[{"start":{"line":548,"column":12},"end":{"line":549,"column":34}},{"start":{"line":549,"column":17},"end":{"line":549,"column":34}}]},"37":{"loc":{"start":{"line":562,"column":40},"end":{"line":562,"column":78}},"type":"if","locations":[{"start":{"line":562,"column":40},"end":{"line":562,"column":78}},{"start":{},"end":{}}]},"38":{"loc":{"start":{"line":562,"column":79},"end":{"line":562,"column":117}},"type":"if","locations":[{"start":{"line":562,"column":79},"end":{"line":562,"column":117}},{"start":{},"end":{}}]},"39":{"loc":{"start":{"line":566,"column":21},"end":{"line":566,"column":95}},"type":"cond-expr","locations":[{"start":{"line":566,"column":31},"end":{"line":566,"column":73}},{"start":{"line":566,"column":76},"end":{"line":566,"column":95}}]},"40":{"loc":{"start":{"line":570,"column":13},"end":{"line":574,"column":null}},"type":"binary-expr","locations":[{"start":{"line":570,"column":13},"end":{"line":570,"column":19}},{"start":{"line":571,"column":16},"end":{"line":573,"column":null}}]},"41":{"loc":{"start":{"line":572,"column":21},"end":{"line":572,"column":75}},"type":"cond-expr","locations":[{"start":{"line":572,"column":38},"end":{"line":572,"column":57}},{"start":{"line":572,"column":60},"end":{"line":572,"column":75}}]},"42":{"loc":{"start":{"line":583,"column":18},"end":{"line":583,"column":82}},"type":"cond-expr","locations":[{"start":{"line":583,"column":26},"end":{"line":583,"column":77}},{"start":{"line":583,"column":80},"end":{"line":583,"column":82}}]},"43":{"loc":{"start":{"line":586,"column":8},"end":{"line":586,"column":34}},"type":"if","locations":[{"start":{"line":586,"column":8},"end":{"line":586,"column":34}},{"start":{},"end":{}}]},"44":{"loc":{"start":{"line":588,"column":8},"end":{"line":588,"column":42}},"type":"if","locations":[{"start":{"line":588,"column":8},"end":{"line":588,"column":42}},{"start":{},"end":{}}]},"45":{"loc":{"start":{"line":603,"column":17},"end":{"line":603,"column":97}},"type":"binary-expr","locations":[{"start":{"line":603,"column":17},"end":{"line":603,"column":23}},{"start":{"line":603,"column":27},"end":{"line":603,"column":97}}]},"46":{"loc":{"start":{"line":620,"column":17},"end":{"line":620,"column":181}},"type":"binary-expr","locations":[{"start":{"line":620,"column":17},"end":{"line":620,"column":35}},{"start":{"line":620,"column":39},"end":{"line":620,"column":181}}]},"47":{"loc":{"start":{"line":626,"column":40},"end":{"line":626,"column":78}},"type":"if","locations":[{"start":{"line":626,"column":40},"end":{"line":626,"column":78}},{"start":{},"end":{}}]},"48":{"loc":{"start":{"line":626,"column":79},"end":{"line":626,"column":112}},"type":"if","locations":[{"start":{"line":626,"column":79},"end":{"line":626,"column":112}},{"start":{},"end":{}}]},"49":{"loc":{"start":{"line":645,"column":17},"end":{"line":645,"column":96}},"type":"binary-expr","locations":[{"start":{"line":645,"column":17},"end":{"line":645,"column":23}},{"start":{"line":645,"column":27},"end":{"line":645,"column":96}}]},"50":{"loc":{"start":{"line":648,"column":22},"end":{"line":648,"column":54}},"type":"cond-expr","locations":[{"start":{"line":648,"column":35},"end":{"line":648,"column":45}},{"start":{"line":648,"column":48},"end":{"line":648,"column":54}}]},"51":{"loc":{"start":{"line":674,"column":12},"end":{"line":681,"column":13}},"type":"if","locations":[{"start":{"line":674,"column":12},"end":{"line":681,"column":13}},{"start":{"line":679,"column":19},"end":{"line":681,"column":13}}]},"52":{"loc":{"start":{"line":676,"column":16},"end":{"line":678,"column":17}},"type":"if","locations":[{"start":{"line":676,"column":16},"end":{"line":678,"column":17}},{"start":{},"end":{}}]},"53":{"loc":{"start":{"line":676,"column":20},"end":{"line":676,"column":61}},"type":"binary-expr","locations":[{"start":{"line":676,"column":20},"end":{"line":676,"column":31}},{"start":{"line":676,"column":35},"end":{"line":676,"column":61}}]},"54":{"loc":{"start":{"line":684,"column":42},"end":{"line":684,"column":94}},"type":"cond-expr","locations":[{"start":{"line":684,"column":65},"end":{"line":684,"column":76}},{"start":{"line":684,"column":79},"end":{"line":684,"column":94}}]},"55":{"loc":{"start":{"line":694,"column":17},"end":{"line":694,"column":96}},"type":"binary-expr","locations":[{"start":{"line":694,"column":17},"end":{"line":694,"column":23}},{"start":{"line":694,"column":27},"end":{"line":694,"column":96}}]},"56":{"loc":{"start":{"line":706,"column":21},"end":{"line":707,"column":null}},"type":"binary-expr","locations":[{"start":{"line":706,"column":21},"end":{"line":706,"column":44}},{"start":{"line":706,"column":48},"end":{"line":706,"column":53}},{"start":{"line":707,"column":24},"end":{"line":707,"column":130}}]},"57":{"loc":{"start":{"line":711,"column":21},"end":{"line":711,"column":97}},"type":"cond-expr","locations":[{"start":{"line":711,"column":31},"end":{"line":711,"column":73}},{"start":{"line":711,"column":76},"end":{"line":711,"column":97}}]},"58":{"loc":{"start":{"line":714,"column":13},"end":{"line":714,"column":121}},"type":"binary-expr","locations":[{"start":{"line":714,"column":13},"end":{"line":714,"column":18}},{"start":{"line":714,"column":22},"end":{"line":714,"column":121}}]},"59":{"loc":{"start":{"line":733,"column":12},"end":{"line":736,"column":13}},"type":"if","locations":[{"start":{"line":733,"column":12},"end":{"line":736,"column":13}},{"start":{},"end":{}}]},"60":{"loc":{"start":{"line":754,"column":12},"end":{"line":759,"column":13}},"type":"if","locations":[{"start":{"line":754,"column":12},"end":{"line":759,"column":13}},{"start":{"line":757,"column":19},"end":{"line":759,"column":13}}]},"61":{"loc":{"start":{"line":773,"column":13},"end":{"line":806,"column":null}},"type":"cond-expr","locations":[{"start":{"line":773,"column":23},"end":{"line":773,"column":153}},{"start":{"line":774,"column":16},"end":{"line":805,"column":null}}]},"62":{"loc":{"start":{"line":789,"column":67},"end":{"line":789,"column":137}},"type":"cond-expr","locations":[{"start":{"line":789,"column":91},"end":{"line":789,"column":111}},{"start":{"line":789,"column":114},"end":{"line":789,"column":137}}]},"63":{"loc":{"start":{"line":802,"column":29},"end":{"line":802,"column":105}},"type":"cond-expr","locations":[{"start":{"line":802,"column":38},"end":{"line":802,"column":80}},{"start":{"line":802,"column":83},"end":{"line":802,"column":105}}]},"64":{"loc":{"start":{"line":813,"column":22},"end":{"line":813,"column":59}},"type":"binary-expr","locations":[{"start":{"line":813,"column":22},"end":{"line":813,"column":40}},{"start":{"line":813,"column":44},"end":{"line":813,"column":59}}]},"65":{"loc":{"start":{"line":820,"column":17},"end":{"line":820,"column":99}},"type":"binary-expr","locations":[{"start":{"line":820,"column":17},"end":{"line":820,"column":23}},{"start":{"line":820,"column":27},"end":{"line":820,"column":99}}]},"66":{"loc":{"start":{"line":822,"column":89},"end":{"line":822,"column":124}},"type":"cond-expr","locations":[{"start":{"line":822,"column":108},"end":{"line":822,"column":114}},{"start":{"line":822,"column":117},"end":{"line":822,"column":124}}]},"67":{"loc":{"start":{"line":825,"column":41},"end":{"line":825,"column":96}},"type":"cond-expr","locations":[{"start":{"line":825,"column":53},"end":{"line":825,"column":76}},{"start":{"line":825,"column":79},"end":{"line":825,"column":96}}]},"68":{"loc":{"start":{"line":831,"column":39},"end":{"line":831,"column":87}},"type":"cond-expr","locations":[{"start":{"line":831,"column":51},"end":{"line":831,"column":69}},{"start":{"line":831,"column":72},"end":{"line":831,"column":87}}]},"69":{"loc":{"start":{"line":873,"column":16},"end":{"line":873,"column":80}},"type":"cond-expr","locations":[{"start":{"line":873,"column":25},"end":{"line":873,"column":54}},{"start":{"line":873,"column":57},"end":{"line":873,"column":80}}]},"70":{"loc":{"start":{"line":874,"column":25},"end":{"line":874,"column":81}},"type":"cond-expr","locations":[{"start":{"line":874,"column":34},"end":{"line":874,"column":57}},{"start":{"line":874,"column":60},"end":{"line":874,"column":81}}]},"71":{"loc":{"start":{"line":878,"column":15},"end":{"line":878,"column":71}},"type":"cond-expr","locations":[{"start":{"line":878,"column":24},"end":{"line":878,"column":45}},{"start":{"line":878,"column":48},"end":{"line":878,"column":71}}]},"72":{"loc":{"start":{"line":884,"column":16},"end":{"line":884,"column":58}},"type":"cond-expr","locations":[{"start":{"line":884,"column":25},"end":{"line":884,"column":42}},{"start":{"line":884,"column":45},"end":{"line":884,"column":58}}]},"73":{"loc":{"start":{"line":885,"column":25},"end":{"line":885,"column":128}},"type":"cond-expr","locations":[{"start":{"line":885,"column":35},"end":{"line":885,"column":103}},{"start":{"line":885,"column":107},"end":{"line":885,"column":128}}]},"74":{"loc":{"start":{"line":885,"column":35},"end":{"line":885,"column":103}},"type":"cond-expr","locations":[{"start":{"line":885,"column":58},"end":{"line":885,"column":78}},{"start":{"line":885,"column":81},"end":{"line":885,"column":103}}]},"75":{"loc":{"start":{"line":890,"column":11},"end":{"line":890,"column":63}},"type":"cond-expr","locations":[{"start":{"line":890,"column":20},"end":{"line":890,"column":41}},{"start":{"line":890,"column":44},"end":{"line":890,"column":63}}]},"76":{"loc":{"start":{"line":897,"column":16},"end":{"line":897,"column":61}},"type":"cond-expr","locations":[{"start":{"line":897,"column":25},"end":{"line":897,"column":45}},{"start":{"line":897,"column":48},"end":{"line":897,"column":61}}]},"77":{"loc":{"start":{"line":898,"column":11},"end":{"line":898,"column":61}},"type":"cond-expr","locations":[{"start":{"line":898,"column":20},"end":{"line":898,"column":39}},{"start":{"line":898,"column":42},"end":{"line":898,"column":61}}]},"78":{"loc":{"start":{"line":902,"column":16},"end":{"line":902,"column":34}},"type":"cond-expr","locations":[{"start":{"line":902,"column":25},"end":{"line":902,"column":28}},{"start":{"line":902,"column":31},"end":{"line":902,"column":34}}]},"79":{"loc":{"start":{"line":925,"column":11},"end":{"line":925,"column":67}},"type":"cond-expr","locations":[{"start":{"line":925,"column":21},"end":{"line":925,"column":44}},{"start":{"line":925,"column":47},"end":{"line":925,"column":67}}]},"80":{"loc":{"start":{"line":929,"column":16},"end":{"line":929,"column":78}},"type":"cond-expr","locations":[{"start":{"line":929,"column":26},"end":{"line":929,"column":52}},{"start":{"line":929,"column":55},"end":{"line":929,"column":78}}]},"81":{"loc":{"start":{"line":932,"column":25},"end":{"line":932,"column":87}},"type":"cond-expr","locations":[{"start":{"line":932,"column":35},"end":{"line":932,"column":61}},{"start":{"line":932,"column":64},"end":{"line":932,"column":87}}]}},"s":{"0":1,"1":1,"2":1,"3":1,"4":1,"5":1,"6":1,"7":1,"8":1,"9":1,"10":45,"11":45,"12":45,"13":45,"14":45,"15":45,"16":45,"17":45,"18":45,"19":45,"20":14,"21":45,"22":14,"23":14,"24":14,"25":14,"26":14,"27":14,"28":0,"29":0,"30":0,"31":14,"32":45,"33":8,"34":8,"35":8,"36":8,"37":8,"38":7,"39":7,"40":7,"41":4,"42":7,"43":3,"44":1,"45":1,"46":0,"47":0,"48":8,"49":0,"50":45,"51":1,"52":0,"53":0,"54":0,"55":1,"56":1,"57":1,"58":1,"59":1,"60":0,"61":0,"62":0,"63":1,"64":1,"65":1,"66":0,"67":0,"68":45,"69":516,"70":492,"71":45,"72":14,"73":31,"74":0,"75":31,"76":1,"77":0,"78":1,"79":0,"80":1,"81":93,"82":1,"83":93,"84":1,"85":0,"86":1,"87":0,"88":0,"89":1,"90":0,"91":0,"92":0,"93":0,"94":0,"95":2,"96":1,"97":2,"98":1,"99":0,"100":0,"101":0,"102":0,"103":0,"104":1,"105":29,"106":29,"107":29,"108":29,"109":8,"110":29,"111":1,"112":0,"113":1,"114":0,"115":0,"116":1,"117":1,"118":1,"119":1,"120":29,"121":0,"122":0,"123":0,"124":29,"125":8,"126":0,"127":1,"128":1,"129":0,"130":0,"131":0,"132":0,"133":1,"134":37,"135":37,"136":37,"137":37,"138":37,"139":3,"140":0,"141":3,"142":3,"143":3,"144":3,"145":3,"146":2,"147":1,"148":1,"149":1,"150":1,"151":0,"152":1,"153":1,"154":1,"155":0,"156":1,"157":3,"158":37,"159":3,"160":3,"161":3,"162":0,"163":3,"164":3,"165":1,"166":30,"167":30,"168":30,"169":13,"170":30,"171":1,"172":0,"173":1,"174":1,"175":1,"176":0,"177":1,"178":1,"179":1,"180":30,"181":1,"182":2,"183":1,"184":30,"185":13,"186":1,"187":1,"188":1,"189":0,"190":1,"191":1,"192":1,"193":93,"194":93,"195":42,"196":93,"197":1,"198":2,"199":1,"200":10,"201":10,"202":10,"203":10,"204":10,"205":3,"206":10,"207":5,"208":5,"209":5,"210":5,"211":2,"212":2,"213":2,"214":2,"215":4,"216":0,"217":3,"218":3,"219":5,"220":10,"221":1,"222":10,"223":1,"224":41,"225":41,"226":41,"227":41,"228":41,"229":41,"230":12,"231":41,"232":12,"233":12,"234":11,"235":11,"236":11,"237":1,"238":12,"239":41,"240":3,"241":3,"242":3,"243":3,"244":2,"245":2,"246":1,"247":1,"248":0,"249":1,"250":1,"251":3,"252":41,"253":3,"254":1,"255":162,"256":162,"257":1,"258":1,"259":1,"260":1,"261":1,"262":62,"263":1,"264":62,"265":1,"266":186,"267":1,"268":1,"269":5,"270":1},"f":{"0":45,"1":14,"2":14,"3":8,"4":7,"5":7,"6":7,"7":0,"8":1,"9":0,"10":1,"11":0,"12":1,"13":0,"14":516,"15":492,"16":0,"17":1,"18":0,"19":1,"20":0,"21":1,"22":93,"23":1,"24":93,"25":1,"26":0,"27":1,"28":0,"29":0,"30":1,"31":0,"32":0,"33":0,"34":0,"35":0,"36":2,"37":1,"38":2,"39":1,"40":0,"41":0,"42":0,"43":0,"44":0,"45":29,"46":8,"47":1,"48":0,"49":0,"50":8,"51":0,"52":1,"53":0,"54":37,"55":3,"56":3,"57":3,"58":30,"59":13,"60":1,"61":1,"62":1,"63":2,"64":13,"65":1,"66":1,"67":1,"68":93,"69":42,"70":1,"71":2,"72":10,"73":3,"74":5,"75":4,"76":1,"77":10,"78":41,"79":12,"80":12,"81":3,"82":0,"83":3,"84":162,"85":1,"86":62,"87":62,"88":186,"89":5},"b":{"0":[14,0],"1":[14,0],"2":[7,1],"3":[4,3],"4":[4,3],"5":[0,1],"6":[0,1],"7":[516,484],"8":[14,31],"9":[31,1],"10":[31,62],"11":[31,31],"12":[31,26],"13":[31,5],"14":[1,30],"15":[31,2],"16":[1,1],"17":[31,30],"18":[30,30],"19":[30,0],"20":[30,0],"21":[31,30],"22":[31,30],"23":[31,29],"24":[29,29],"25":[31,29],"26":[7,22],"27":[0,1],"28":[0,1],"29":[29,2],"30":[0,0],"31":[0,0],"32":[29,0],"33":[0,3],"34":[1,1],"35":[0,1],"36":[0,1],"37":[0,3],"38":[3,0],"39":[3,34],"40":[37,3],"41":[1,2],"42":[8,22],"43":[0,1],"44":[0,1],"45":[30,5],"46":[30,22],"47":[0,1],"48":[1,0],"49":[93,3],"50":[62,31],"51":[2,0],"52":[2,0],"53":[2,2],"54":[3,0],"55":[10,4],"56":[10,7,0],"57":[2,8],"58":[10,1],"59":[11,0],"60":[1,1],"61":[12,29],"62":[3,26],"63":[2,27],"64":[162,134],"65":[162,2],"66":[1,0],"67":[28,134],"68":[28,134],"69":[31,31],"70":[31,31],"71":[31,31],"72":[31,31],"73":[31,31],"74":[0,31],"75":[31,31],"76":[62,124],"77":[62,124],"78":[62,124],"79":[2,3],"80":[2,3],"81":[2,3]}}
}
