{"/Users/motista/Desktop/antigravity/aiome/apps/management-console/src/components/EscrowManagementView.tsx": {"path":"/Users/motista/Desktop/antigravity/aiome/apps/management-console/src/components/EscrowManagementView.tsx","statementMap":{"0":{"start":{"line":1,"column":0},"end":{"line":1,"column":64}},"1":{"start":{"line":2,"column":0},"end":{"line":2,"column":39}},"2":{"start":{"line":3,"column":0},"end":{"line":3,"column":70}},"3":{"start":{"line":4,"column":0},"end":{"line":4,"column":37}},"4":{"start":{"line":5,"column":0},"end":{"line":5,"column":49}},"5":{"start":{"line":6,"column":0},"end":{"line":6,"column":41}},"6":{"start":{"line":15,"column":66},"end":{"line":209,"column":1}},"7":{"start":{"line":16,"column":16},"end":{"line":16,"column":32}},"8":{"start":{"line":17,"column":32},"end":{"line":17,"column":60}},"9":{"start":{"line":18,"column":32},"end":{"line":18,"column":46}},"10":{"start":{"line":19,"column":28},"end":{"line":19,"column":57}},"11":{"start":{"line":20,"column":36},"end":{"line":20,"column":73}},"12":{"start":{"line":22,"column":24},"end":{"line":22,"column":73}},"13":{"start":{"line":24,"column":23},"end":{"line":42,"column":24}},"14":{"start":{"line":25,"column":4},"end":{"line":25,"column":21}},"15":{"start":{"line":26,"column":4},"end":{"line":26,"column":19}},"16":{"start":{"line":27,"column":4},"end":{"line":41,"column":5}},"17":{"start":{"line":28,"column":18},"end":{"line":28,"column":117}},"18":{"start":{"line":29,"column":6},"end":{"line":34,"column":7}},"19":{"start":{"line":30,"column":21},"end":{"line":30,"column":37}},"20":{"start":{"line":31,"column":8},"end":{"line":31,"column":31}},"21":{"start":{"line":33,"column":8},"end":{"line":33,"column":76}},"22":{"start":{"line":36,"column":6},"end":{"line":36,"column":71}},"23":{"start":{"line":36,"column":64},"end":{"line":36,"column":71}},"24":{"start":{"line":37,"column":6},"end":{"line":37,"column":57}},"25":{"start":{"line":38,"column":6},"end":{"line":38,"column":74}},"26":{"start":{"line":40,"column":6},"end":{"line":40,"column":24}},"27":{"start":{"line":44,"column":2},"end":{"line":48,"column":21}},"28":{"start":{"line":45,"column":23},"end":{"line":45,"column":44}},"29":{"start":{"line":46,"column":4},"end":{"line":46,"column":36}},"30":{"start":{"line":47,"column":4},"end":{"line":47,"column":36}},"31":{"start":{"line":47,"column":17},"end":{"line":47,"column":35}},"32":{"start":{"line":50,"column":24},"end":{"line":68,"column":3}},"33":{"start":{"line":51,"column":4},"end":{"line":51,"column":58}},"34":{"start":{"line":51,"column":26},"end":{"line":51,"column":55}},"35":{"start":{"line":52,"column":4},"end":{"line":67,"column":5}},"36":{"start":{"line":53,"column":18},"end":{"line":57,"column":8}},"37":{"start":{"line":58,"column":6},"end":{"line":62,"column":7}},"38":{"start":{"line":59,"column":8},"end":{"line":59,"column":29}},"39":{"start":{"line":61,"column":8},"end":{"line":61,"column":50}},"40":{"start":{"line":64,"column":6},"end":{"line":64,"column":49}},"41":{"start":{"line":66,"column":6},"end":{"line":66,"column":61}},"42":{"start":{"line":66,"column":28},"end":{"line":66,"column":58}},"43":{"start":{"line":70,"column":2},"end":{"line":208,"column":4}},"44":{"start":{"line":78,"column":70},"end":{"line":78,"column":84}},"45":{"start":{"line":103,"column":14},"end":{"line":104,"column":null}},"46":{"start":{"line":136,"column":37},"end":{"line":136,"column":76}},"47":{"start":{"line":211,"column":0},"end":{"line":211,"column":36}}},"fnMap":{"0":{"name":"(anonymous_9)","decl":{"start":{"line":15,"column":66},"end":{"line":15,"column":67}},"loc":{"start":{"line":15,"column":82},"end":{"line":209,"column":1}}},"1":{"name":"(anonymous_10)","decl":{"start":{"line":24,"column":35},"end":{"line":24,"column":40}},"loc":{"start":{"line":24,"column":66},"end":{"line":42,"column":3}}},"2":{"name":"(anonymous_11)","decl":{"start":{"line":44,"column":12},"end":{"line":44,"column":15}},"loc":{"start":{"line":44,"column":17},"end":{"line":48,"column":3}}},"3":{"name":"(anonymous_12)","decl":{"start":{"line":47,"column":11},"end":{"line":47,"column":14}},"loc":{"start":{"line":47,"column":17},"end":{"line":47,"column":35}}},"4":{"name":"(anonymous_13)","decl":{"start":{"line":50,"column":24},"end":{"line":50,"column":29}},"loc":{"start":{"line":50,"column":68},"end":{"line":68,"column":3}}},"5":{"name":"(anonymous_14)","decl":{"start":{"line":51,"column":17},"end":{"line":51,"column":21}},"loc":{"start":{"line":51,"column":26},"end":{"line":51,"column":55}}},"6":{"name":"(anonymous_15)","decl":{"start":{"line":66,"column":19},"end":{"line":66,"column":23}},"loc":{"start":{"line":66,"column":28},"end":{"line":66,"column":58}}},"7":{"name":"(anonymous_16)","decl":{"start":{"line":78,"column":64},"end":{"line":78,"column":67}},"loc":{"start":{"line":78,"column":70},"end":{"line":78,"column":84}}},"8":{"name":"(anonymous_17)","decl":{"start":{"line":102,"column":25},"end":{"line":102,"column":26}},"loc":{"start":{"line":103,"column":14},"end":{"line":104,"column":null}}},"9":{"name":"(anonymous_18)","decl":{"start":{"line":136,"column":31},"end":{"line":136,"column":34}},"loc":{"start":{"line":136,"column":37},"end":{"line":136,"column":76}}}},"branchMap":{"0":{"loc":{"start":{"line":22,"column":24},"end":{"line":22,"column":73}},"type":"binary-expr","locations":[{"start":{"line":22,"column":24},"end":{"line":22,"column":31}},{"start":{"line":22,"column":35},"end":{"line":22,"column":73}}]},"1":{"loc":{"start":{"line":29,"column":6},"end":{"line":34,"column":7}},"type":"if","locations":[{"start":{"line":29,"column":6},"end":{"line":34,"column":7}},{"start":{"line":32,"column":13},"end":{"line":34,"column":7}}]},"2":{"loc":{"start":{"line":31,"column":19},"end":{"line":31,"column":29}},"type":"binary-expr","locations":[{"start":{"line":31,"column":19},"end":{"line":31,"column":23}},{"start":{"line":31,"column":27},"end":{"line":31,"column":29}}]},"3":{"loc":{"start":{"line":33,"column":17},"end":{"line":33,"column":74}},"type":"binary-expr","locations":[{"start":{"line":33,"column":17},"end":{"line":33,"column":39}},{"start":{"line":33,"column":43},"end":{"line":33,"column":74}}]},"4":{"loc":{"start":{"line":36,"column":6},"end":{"line":36,"column":71}},"type":"if","locations":[{"start":{"line":36,"column":6},"end":{"line":36,"column":71}},{"start":{},"end":{}}]},"5":{"loc":{"start":{"line":36,"column":10},"end":{"line":36,"column":62}},"type":"binary-expr","locations":[{"start":{"line":36,"column":10},"end":{"line":36,"column":35}},{"start":{"line":36,"column":39},"end":{"line":36,"column":62}}]},"6":{"loc":{"start":{"line":38,"column":15},"end":{"line":38,"column":72}},"type":"binary-expr","locations":[{"start":{"line":38,"column":15},"end":{"line":38,"column":37}},{"start":{"line":38,"column":41},"end":{"line":38,"column":72}}]},"7":{"loc":{"start":{"line":58,"column":6},"end":{"line":62,"column":7}},"type":"if","locations":[{"start":{"line":58,"column":6},"end":{"line":62,"column":7}},{"start":{"line":60,"column":13},"end":{"line":62,"column":7}}]},"8":{"loc":{"start":{"line":75,"column":15},"end":{"line":75,"column":55}},"type":"binary-expr","locations":[{"start":{"line":75,"column":15},"end":{"line":75,"column":32}},{"start":{"line":75,"column":36},"end":{"line":75,"column":55}}]},"9":{"loc":{"start":{"line":79,"column":44},"end":{"line":79,"column":69}},"type":"cond-expr","locations":[{"start":{"line":79,"column":54},"end":{"line":79,"column":64}},{"start":{"line":79,"column":67},"end":{"line":79,"column":69}}]},"10":{"loc":{"start":{"line":86,"column":9},"end":{"line":146,"column":null}},"type":"cond-expr","locations":[{"start":{"line":87,"column":10},"end":{"line":88,"column":null}},{"start":{"line":90,"column":12},"end":{"line":146,"column":null}}]},"11":{"loc":{"start":{"line":90,"column":12},"end":{"line":146,"column":null}},"type":"cond-expr","locations":[{"start":{"line":91,"column":10},"end":{"line":93,"column":null}},{"start":{"line":95,"column":12},"end":{"line":146,"column":null}}]},"12":{"loc":{"start":{"line":95,"column":12},"end":{"line":146,"column":null}},"type":"cond-expr","locations":[{"start":{"line":96,"column":10},"end":{"line":98,"column":null}},{"start":{"line":101,"column":10},"end":{"line":145,"column":null}}]},"13":{"loc":{"start":{"line":98,"column":17},"end":{"line":98,"column":79}},"type":"binary-expr","locations":[{"start":{"line":98,"column":17},"end":{"line":98,"column":35}},{"start":{"line":98,"column":39},"end":{"line":98,"column":79}}]},"14":{"loc":{"start":{"line":112,"column":86},"end":{"line":112,"column":109}},"type":"binary-expr","locations":[{"start":{"line":112,"column":86},"end":{"line":112,"column":100}},{"start":{"line":112,"column":104},"end":{"line":112,"column":109}}]},"15":{"loc":{"start":{"line":121,"column":25},"end":{"line":121,"column":56}},"type":"binary-expr","locations":[{"start":{"line":121,"column":25},"end":{"line":121,"column":43}},{"start":{"line":121,"column":47},"end":{"line":121,"column":56}}]},"16":{"loc":{"start":{"line":127,"column":25},"end":{"line":127,"column":58}},"type":"binary-expr","locations":[{"start":{"line":127,"column":25},"end":{"line":127,"column":44}},{"start":{"line":127,"column":48},"end":{"line":127,"column":58}}]},"17":{"loc":{"start":{"line":131,"column":17},"end":{"line":142,"column":null}},"type":"binary-expr","locations":[{"start":{"line":131,"column":17},"end":{"line":131,"column":43}},{"start":{"line":132,"column":18},"end":{"line":141,"column":null}}]},"18":{"loc":{"start":{"line":140,"column":23},"end":{"line":140,"column":131}},"type":"cond-expr","locations":[{"start":{"line":140,"column":47},"end":{"line":140,"column":86}},{"start":{"line":140,"column":91},"end":{"line":140,"column":130}}]},"19":{"loc":{"start":{"line":140,"column":47},"end":{"line":140,"column":86}},"type":"binary-expr","locations":[{"start":{"line":140,"column":47},"end":{"line":140,"column":68}},{"start":{"line":140,"column":72},"end":{"line":140,"column":86}}]},"20":{"loc":{"start":{"line":140,"column":91},"end":{"line":140,"column":130}},"type":"binary-expr","locations":[{"start":{"line":140,"column":91},"end":{"line":140,"column":110}},{"start":{"line":140,"column":114},"end":{"line":140,"column":130}}]}},"s":{"0":1,"1":1,"2":1,"3":1,"4":1,"5":1,"6":1,"7":14,"8":14,"9":14,"10":14,"11":14,"12":14,"13":14,"14":14,"15":14,"16":14,"17":14,"18":12,"19":10,"20":10,"21":2,"22":2,"23":0,"24":2,"25":2,"26":14,"27":14,"28":13,"29":13,"30":13,"31":13,"32":14,"33":1,"34":1,"35":1,"36":1,"37":1,"38":1,"39":0,"40":0,"41":1,"42":1,"43":14,"44":0,"45":5,"46":1,"47":1},"f":{"0":14,"1":14,"2":13,"3":13,"4":1,"5":1,"6":1,"7":0,"8":5,"9":1},"b":{"0":[14,0],"1":[10,2],"2":[10,0],"3":[2,0],"4":[0,2],"5":[2,0],"6":[2,0],"7":[1,0],"8":[14,0],"9":[7,7],"10":[7,7],"11":[2,5],"12":[1,4],"13":[1,0],"14":[5,0],"15":[5,0],"16":[5,0],"17":[5,2],"18":[0,2],"19":[0,0],"20":[2,0]}}
,"/Users/motista/Desktop/antigravity/aiome/apps/management-console/src/components/TaskApprovalOverlay.tsx": {"path":"/Users/motista/Desktop/antigravity/aiome/apps/management-console/src/components/TaskApprovalOverlay.tsx","statementMap":{"0":{"start":{"line":16,"column":0},"end":{"line":16,"column":24}},"1":{"start":{"line":1,"column":0},"end":{"line":1,"column":44}},"2":{"start":{"line":2,"column":0},"end":{"line":2,"column":56}},"3":{"start":{"line":3,"column":0},"end":{"line":3,"column":41}},"4":{"start":{"line":4,"column":0},"end":{"line":4,"column":68}},"5":{"start":{"line":5,"column":0},"end":{"line":5,"column":63}},"6":{"start":{"line":6,"column":0},"end":{"line":6,"column":49}},"7":{"start":{"line":7,"column":0},"end":{"line":7,"column":37}},"8":{"start":{"line":8,"column":0},"end":{"line":8,"column":42}},"9":{"start":{"line":9,"column":0},"end":{"line":9,"column":35}},"10":{"start":{"line":17,"column":18},"end":{"line":17,"column":34}},"11":{"start":{"line":18,"column":26},"end":{"line":18,"column":45}},"12":{"start":{"line":19,"column":26},"end":{"line":19,"column":36}},"13":{"start":{"line":21,"column":42},"end":{"line":21,"column":68}},"14":{"start":{"line":22,"column":44},"end":{"line":22,"column":59}},"15":{"start":{"line":23,"column":34},"end":{"line":23,"column":46}},"16":{"start":{"line":26,"column":4},"end":{"line":45,"column":12}},"17":{"start":{"line":27,"column":34},"end":{"line":42,"column":9}},"18":{"start":{"line":28,"column":12},"end":{"line":41,"column":13}},"19":{"start":{"line":29,"column":33},"end":{"line":29,"column":99}},"20":{"start":{"line":30,"column":16},"end":{"line":38,"column":17}},"21":{"start":{"line":31,"column":33},"end":{"line":31,"column":54}},"22":{"start":{"line":33,"column":42},"end":{"line":36,"column":23}},"23":{"start":{"line":33,"column":106},"end":{"line":36,"column":22}},"24":{"start":{"line":37,"column":20},"end":{"line":37,"column":50}},"25":{"start":{"line":40,"column":16},"end":{"line":40,"column":76}},"26":{"start":{"line":44,"column":8},"end":{"line":44,"column":28}},"27":{"start":{"line":48,"column":4},"end":{"line":61,"column":23}},"28":{"start":{"line":49,"column":8},"end":{"line":60,"column":9}},"29":{"start":{"line":50,"column":25},"end":{"line":50,"column":66}},"30":{"start":{"line":51,"column":12},"end":{"line":59,"column":13}},"31":{"start":{"line":52,"column":30},"end":{"line":52,"column":41}},"32":{"start":{"line":53,"column":31},"end":{"line":53,"column":107}},"33":{"start":{"line":55,"column":16},"end":{"line":58,"column":19}},"34":{"start":{"line":56,"column":20},"end":{"line":56,"column":68}},"35":{"start":{"line":56,"column":39},"end":{"line":56,"column":53}},"36":{"start":{"line":56,"column":56},"end":{"line":56,"column":68}},"37":{"start":{"line":57,"column":20},"end":{"line":57,"column":60}},"38":{"start":{"line":63,"column":25},"end":{"line":91,"column":5}},"39":{"start":{"line":64,"column":8},"end":{"line":64,"column":30}},"40":{"start":{"line":65,"column":8},"end":{"line":90,"column":9}},"41":{"start":{"line":66,"column":28},"end":{"line":69,"column":14}},"42":{"start":{"line":71,"column":29},"end":{"line":75,"column":14}},"43":{"start":{"line":77,"column":12},"end":{"line":84,"column":13}},"44":{"start":{"line":79,"column":16},"end":{"line":79,"column":73}},"45":{"start":{"line":79,"column":39},"end":{"line":79,"column":71}},"46":{"start":{"line":79,"column":56},"end":{"line":79,"column":70}},"47":{"start":{"line":80,"column":16},"end":{"line":80,"column":31}},"48":{"start":{"line":82,"column":16},"end":{"line":82,"column":97}},"49":{"start":{"line":83,"column":16},"end":{"line":83,"column":92}},"50":{"start":{"line":86,"column":12},"end":{"line":86,"column":64}},"51":{"start":{"line":87,"column":12},"end":{"line":87,"column":60}},"52":{"start":{"line":89,"column":12},"end":{"line":89,"column":35}},"53":{"start":{"line":93,"column":24},"end":{"line":93,"column":46}},"54":{"start":{"line":94,"column":23},"end":{"line":94,"column":58}},"55":{"start":{"line":96,"column":4},"end":{"line":175,"column":6}},"56":{"start":{"line":139,"column":53},"end":{"line":139,"column":79}},"57":{"start":{"line":148,"column":51},"end":{"line":148,"column":85}},"58":{"start":{"line":156,"column":51},"end":{"line":156,"column":84}}},"fnMap":{"0":{"name":"TaskApprovalOverlay","decl":{"start":{"line":16,"column":24},"end":{"line":16,"column":43}},"loc":{"start":{"line":16,"column":43},"end":{"line":176,"column":1}}},"1":{"name":"(anonymous_1)","decl":{"start":{"line":26,"column":14},"end":{"line":26,"column":17}},"loc":{"start":{"line":26,"column":19},"end":{"line":45,"column":5}}},"2":{"name":"(anonymous_2)","decl":{"start":{"line":27,"column":34},"end":{"line":27,"column":39}},"loc":{"start":{"line":27,"column":45},"end":{"line":42,"column":9}}},"3":{"name":"(anonymous_3)","decl":{"start":{"line":33,"column":51},"end":{"line":33,"column":52}},"loc":{"start":{"line":33,"column":106},"end":{"line":36,"column":22}}},"4":{"name":"(anonymous_4)","decl":{"start":{"line":48,"column":14},"end":{"line":48,"column":17}},"loc":{"start":{"line":48,"column":19},"end":{"line":61,"column":5}}},"5":{"name":"(anonymous_5)","decl":{"start":{"line":55,"column":31},"end":{"line":55,"column":35}},"loc":{"start":{"line":55,"column":38},"end":{"line":58,"column":17}}},"6":{"name":"(anonymous_6)","decl":{"start":{"line":56,"column":34},"end":{"line":56,"column":35}},"loc":{"start":{"line":56,"column":39},"end":{"line":56,"column":53}}},"7":{"name":"(anonymous_7)","decl":{"start":{"line":63,"column":25},"end":{"line":63,"column":30}},"loc":{"start":{"line":63,"column":70},"end":{"line":91,"column":5}}},"8":{"name":"(anonymous_8)","decl":{"start":{"line":79,"column":31},"end":{"line":79,"column":35}},"loc":{"start":{"line":79,"column":39},"end":{"line":79,"column":71}}},"9":{"name":"(anonymous_9)","decl":{"start":{"line":79,"column":51},"end":{"line":79,"column":52}},"loc":{"start":{"line":79,"column":56},"end":{"line":79,"column":70}}},"10":{"name":"(anonymous_10)","decl":{"start":{"line":139,"column":46},"end":{"line":139,"column":47}},"loc":{"start":{"line":139,"column":53},"end":{"line":139,"column":79}}},"11":{"name":"(anonymous_11)","decl":{"start":{"line":148,"column":45},"end":{"line":148,"column":48}},"loc":{"start":{"line":148,"column":51},"end":{"line":148,"column":85}}},"12":{"name":"(anonymous_12)","decl":{"start":{"line":156,"column":45},"end":{"line":156,"column":48}},"loc":{"start":{"line":156,"column":51},"end":{"line":156,"column":84}}}},"branchMap":{"0":{"loc":{"start":{"line":30,"column":16},"end":{"line":38,"column":17}},"type":"if","locations":[{"start":{"line":30,"column":16},"end":{"line":38,"column":17}},{"start":{},"end":{}}]},"1":{"loc":{"start":{"line":35,"column":32},"end":{"line":35,"column":79}},"type":"binary-expr","locations":[{"start":{"line":35,"column":32},"end":{"line":35,"column":47}},{"start":{"line":35,"column":51},"end":{"line":35,"column":79}}]},"2":{"loc":{"start":{"line":49,"column":8},"end":{"line":60,"column":9}},"type":"if","locations":[{"start":{"line":49,"column":8},"end":{"line":60,"column":9}},{"start":{},"end":{}}]},"3":{"loc":{"start":{"line":49,"column":12},"end":{"line":49,"column":109}},"type":"binary-expr","locations":[{"start":{"line":49,"column":12},"end":{"line":49,"column":53}},{"start":{"line":49,"column":57},"end":{"line":49,"column":71}},{"start":{"line":49,"column":75},"end":{"line":49,"column":109}}]},"4":{"loc":{"start":{"line":51,"column":12},"end":{"line":59,"column":13}},"type":"if","locations":[{"start":{"line":51,"column":12},"end":{"line":59,"column":13}},{"start":{},"end":{}}]},"5":{"loc":{"start":{"line":53,"column":31},"end":{"line":53,"column":107}},"type":"cond-expr","locations":[{"start":{"line":53,"column":65},"end":{"line":53,"column":76}},{"start":{"line":53,"column":79},"end":{"line":53,"column":107}}]},"6":{"loc":{"start":{"line":56,"column":20},"end":{"line":56,"column":68}},"type":"if","locations":[{"start":{"line":56,"column":20},"end":{"line":56,"column":68}},{"start":{},"end":{}}]},"7":{"loc":{"start":{"line":67,"column":24},"end":{"line":67,"column":60}},"type":"cond-expr","locations":[{"start":{"line":67,"column":37},"end":{"line":67,"column":47}},{"start":{"line":67,"column":50},"end":{"line":67,"column":60}}]},"8":{"loc":{"start":{"line":68,"column":26},"end":{"line":68,"column":53}},"type":"binary-expr","locations":[{"start":{"line":68,"column":26},"end":{"line":68,"column":40}},{"start":{"line":68,"column":44},"end":{"line":68,"column":53}}]},"9":{"loc":{"start":{"line":77,"column":12},"end":{"line":84,"column":13}},"type":"if","locations":[{"start":{"line":77,"column":12},"end":{"line":84,"column":13}},{"start":{"line":81,"column":19},"end":{"line":84,"column":13}}]},"10":{"loc":{"start":{"line":77,"column":16},"end":{"line":77,"column":54}},"type":"binary-expr","locations":[{"start":{"line":77,"column":16},"end":{"line":77,"column":27}},{"start":{"line":77,"column":31},"end":{"line":77,"column":54}}]},"11":{"loc":{"start":{"line":94,"column":23},"end":{"line":94,"column":58}},"type":"cond-expr","locations":[{"start":{"line":94,"column":37},"end":{"line":94,"column":51}},{"start":{"line":94,"column":54},"end":{"line":94,"column":58}}]},"12":{"loc":{"start":{"line":99,"column":17},"end":{"line":171,"column":null}},"type":"binary-expr","locations":[{"start":{"line":99,"column":17},"end":{"line":99,"column":28}},{"start":{"line":99,"column":32},"end":{"line":99,"column":42}},{"start":{"line":100,"column":20},"end":{"line":170,"column":null}}]},"13":{"loc":{"start":{"line":161,"column":73},"end":{"line":161,"column":136}},"type":"cond-expr","locations":[{"start":{"line":161,"column":88},"end":{"line":161,"column":112}},{"start":{"line":161,"column":115},"end":{"line":161,"column":136}}]},"14":{"loc":{"start":{"line":165,"column":25},"end":{"line":168,"column":null}},"type":"binary-expr","locations":[{"start":{"line":165,"column":25},"end":{"line":165,"column":47}},{"start":{"line":166,"column":28},"end":{"line":167,"column":null}}]}},"s":{"0":1,"1":1,"2":1,"3":1,"4":1,"5":1,"6":1,"7":1,"8":1,"9":1,"10":24,"11":24,"12":24,"13":24,"14":24,"15":24,"16":24,"17":23,"18":23,"19":23,"20":23,"21":23,"22":23,"23":12,"24":23,"25":0,"26":23,"27":24,"28":23,"29":3,"30":3,"31":3,"32":3,"33":3,"34":2,"35":1,"36":1,"37":1,"38":24,"39":3,"40":3,"41":3,"42":3,"43":2,"44":1,"45":1,"46":1,"47":1,"48":1,"49":1,"50":1,"51":1,"52":3,"53":24,"54":24,"55":24,"56":1,"57":1,"58":2},"f":{"0":24,"1":23,"2":23,"3":12,"4":23,"5":2,"6":1,"7":3,"8":1,"9":1,"10":1,"11":1,"12":2},"b":{"0":[23,0],"1":[12,0],"2":[3,20],"3":[23,3,3],"4":[3,0],"5":[3,0],"6":[1,1],"7":[2,1],"8":[3,2],"9":[1,1],"10":[2,1],"11":[12,12],"12":[24,12,12],"13":[3,9],"14":[12,0]}}
}
