TN:
SF:src/components/SettingsPage.tsx
FN:28,(anonymous_10)
FN:39,(anonymous_11)
FN:43,(anonymous_12)
FN:62,(anonymous_13)
FN:71,(anonymous_14)
FN:72,(anonymous_15)
FN:73,(anonymous_16)
FN:86,(anonymous_17)
FN:90,(anonymous_18)
FN:92,(anonymous_19)
FN:95,(anonymous_20)
FN:102,(anonymous_21)
FN:106,(anonymous_22)
FN:108,(anonymous_23)
FN:112,(anonymous_24)
FN:112,(anonymous_25)
FN:122,(anonymous_26)
FN:148,(anonymous_27)
FN:156,(anonymous_28)
FN:160,(anonymous_29)
FN:170,(anonymous_30)
FN:173,(anonymous_31)
FN:185,(anonymous_32)
FN:188,(anonymous_33)
FN:203,(anonymous_34)
FN:206,(anonymous_35)
FN:229,(anonymous_36)
FN:243,(anonymous_37)
FN:252,(anonymous_38)
FN:260,(anonymous_39)
FN:266,(anonymous_40)
FN:298,(anonymous_41)
FN:313,(anonymous_42)
FN:321,(anonymous_43)
FN:334,(anonymous_44)
FN:342,(anonymous_45)
FN:365,(anonymous_46)
FN:387,(anonymous_47)
FN:392,(anonymous_48)
FN:410,(anonymous_49)
FN:416,(anonymous_50)
FN:422,(anonymous_51)
FN:428,(anonymous_52)
FN:434,(anonymous_53)
FN:440,(anonymous_54)
FN:461,(anonymous_55)
FN:465,(anonymous_56)
FN:467,(anonymous_57)
FN:479,(anonymous_58)
FN:480,(anonymous_59)
FN:491,(anonymous_60)
FN:499,(anonymous_61)
FN:506,(anonymous_62)
FN:507,(anonymous_63)
FN:522,(anonymous_64)
FN:528,(anonymous_65)
FN:561,(anonymous_66)
FN:562,(anonymous_67)
FN:580,(anonymous_68)
FN:583,(anonymous_69)
FN:585,(anonymous_70)
FN:587,(anonymous_71)
FN:594,(anonymous_72)
FN:595,(anonymous_73)
FN:609,(anonymous_74)
FN:617,(anonymous_75)
FN:625,(anonymous_76)
FN:626,(anonymous_77)
FN:637,(anonymous_78)
FN:639,(anonymous_79)
FN:651,(anonymous_80)
FN:652,(anonymous_81)
FN:659,(anonymous_82)
FN:665,(anonymous_83)
FN:669,(anonymous_84)
FN:677,(anonymous_85)
FN:699,(anonymous_86)
FN:703,(anonymous_87)
FN:719,(anonymous_88)
FN:726,(anonymous_89)
FN:730,(anonymous_90)
FN:744,(anonymous_91)
FN:756,(anonymous_92)
FN:781,(anonymous_93)
FN:812,(anonymous_94)
FN:822,(anonymous_95)
FN:870,(anonymous_96)
FN:881,(anonymous_97)
FN:893,(anonymous_98)
FN:922,(anonymous_99)
FNF:90
FNH:65
FNDA:45,(anonymous_10)
FNDA:14,(anonymous_11)
FNDA:14,(anonymous_12)
FNDA:8,(anonymous_13)
FNDA:7,(anonymous_14)
FNDA:7,(anonymous_15)
FNDA:7,(anonymous_16)
FNDA:0,(anonymous_17)
FNDA:1,(anonymous_18)
FNDA:0,(anonymous_19)
FNDA:1,(anonymous_20)
FNDA:0,(anonymous_21)
FNDA:1,(anonymous_22)
FNDA:0,(anonymous_23)
FNDA:516,(anonymous_24)
FNDA:492,(anonymous_25)
FNDA:0,(anonymous_26)
FNDA:1,(anonymous_27)
FNDA:0,(anonymous_28)
FNDA:1,(anonymous_29)
FNDA:0,(anonymous_30)
FNDA:1,(anonymous_31)
FNDA:93,(anonymous_32)
FNDA:1,(anonymous_33)
FNDA:93,(anonymous_34)
FNDA:1,(anonymous_35)
FNDA:0,(anonymous_36)
FNDA:1,(anonymous_37)
FNDA:0,(anonymous_38)
FNDA:0,(anonymous_39)
FNDA:1,(anonymous_40)
FNDA:0,(anonymous_41)
FNDA:0,(anonymous_42)
FNDA:0,(anonymous_43)
FNDA:0,(anonymous_44)
FNDA:0,(anonymous_45)
FNDA:2,(anonymous_46)
FNDA:1,(anonymous_47)
FNDA:2,(anonymous_48)
FNDA:1,(anonymous_49)
FNDA:0,(anonymous_50)
FNDA:0,(anonymous_51)
FNDA:0,(anonymous_52)
FNDA:0,(anonymous_53)
FNDA:0,(anonymous_54)
FNDA:29,(anonymous_55)
FNDA:8,(anonymous_56)
FNDA:1,(anonymous_57)
FNDA:0,(anonymous_58)
FNDA:0,(anonymous_59)
FNDA:8,(anonymous_60)
FNDA:0,(anonymous_61)
FNDA:1,(anonymous_62)
FNDA:0,(anonymous_63)
FNDA:37,(anonymous_64)
FNDA:3,(anonymous_65)
FNDA:3,(anonymous_66)
FNDA:3,(anonymous_67)
FNDA:30,(anonymous_68)
FNDA:13,(anonymous_69)
FNDA:1,(anonymous_70)
FNDA:1,(anonymous_71)
FNDA:1,(anonymous_72)
FNDA:2,(anonymous_73)
FNDA:13,(anonymous_74)
FNDA:1,(anonymous_75)
FNDA:1,(anonymous_76)
FNDA:1,(anonymous_77)
FNDA:93,(anonymous_78)
FNDA:42,(anonymous_79)
FNDA:1,(anonymous_80)
FNDA:2,(anonymous_81)
FNDA:10,(anonymous_82)
FNDA:3,(anonymous_83)
FNDA:5,(anonymous_84)
FNDA:4,(anonymous_85)
FNDA:1,(anonymous_86)
FNDA:10,(anonymous_87)
FNDA:41,(anonymous_88)
FNDA:12,(anonymous_89)
FNDA:12,(anonymous_90)
FNDA:3,(anonymous_91)
FNDA:0,(anonymous_92)
FNDA:3,(anonymous_93)
FNDA:162,(anonymous_94)
FNDA:1,(anonymous_95)
FNDA:62,(anonymous_96)
FNDA:62,(anonymous_97)
FNDA:186,(anonymous_98)
FNDA:5,(anonymous_99)
DA:7,1
DA:8,1
DA:9,1
DA:10,1
DA:11,1
DA:12,1
DA:16,1
DA:17,1
DA:18,1
DA:28,1
DA:29,45
DA:30,45
DA:31,45
DA:32,45
DA:33,45
DA:34,45
DA:35,45
DA:36,45
DA:37,45
DA:39,45
DA:40,14
DA:43,45
DA:44,14
DA:45,14
DA:46,14
DA:47,14
DA:48,14
DA:49,14
DA:51,0
DA:52,0
DA:56,0
DA:58,14
DA:62,45
DA:63,8
DA:64,8
DA:65,8
DA:66,8
DA:70,8
DA:71,7
DA:72,7
DA:73,7
DA:75,3
DA:79,1
DA:80,1
DA:83,0
DA:84,0
DA:86,8
DA:90,45
DA:91,1
DA:92,0
DA:93,0
DA:95,1
DA:96,1
DA:97,1
DA:101,1
DA:102,0
DA:103,0
DA:105,1
DA:106,1
DA:108,0
DA:112,516
DA:114,45
DA:115,14
DA:122,31
DA:124,31
DA:148,1
DA:156,0
DA:160,1
DA:170,0
DA:173,1
DA:186,93
DA:188,1
DA:204,93
DA:206,1
DA:229,0
DA:243,1
DA:252,0
DA:260,0
DA:266,1
DA:298,0
DA:313,0
DA:321,0
DA:334,0
DA:342,0
DA:365,2
DA:387,1
DA:392,2
DA:410,1
DA:416,0
DA:422,0
DA:428,0
DA:434,0
DA:440,0
DA:461,1
DA:462,29
DA:463,29
DA:464,29
DA:465,29
DA:467,29
DA:468,1
DA:469,1
DA:470,0
DA:471,0
DA:473,1
DA:474,1
DA:475,1
DA:476,1
DA:479,29
DA:480,0
DA:481,0
DA:484,29
DA:492,8
DA:499,0
DA:506,1
DA:507,0
DA:522,1
DA:523,37
DA:524,37
DA:525,37
DA:526,37
DA:528,37
DA:529,3
DA:530,3
DA:531,3
DA:532,3
DA:534,3
DA:535,3
DA:538,2
DA:539,1
DA:540,1
DA:542,1
DA:543,1
DA:544,1
DA:547,1
DA:548,1
DA:549,1
DA:551,3
DA:555,37
DA:561,3
DA:562,3
DA:580,1
DA:581,30
DA:582,30
DA:583,30
DA:585,30
DA:586,1
DA:587,1
DA:588,1
DA:589,1
DA:590,1
DA:591,1
DA:594,30
DA:595,2
DA:596,1
DA:599,30
DA:610,13
DA:617,1
DA:625,1
DA:626,1
DA:637,1
DA:638,93
DA:639,93
DA:641,93
DA:651,1
DA:652,2
DA:659,1
DA:660,10
DA:661,10
DA:662,10
DA:663,10
DA:665,10
DA:666,3
DA:669,10
DA:670,5
DA:671,5
DA:672,5
DA:673,5
DA:674,2
DA:675,2
DA:676,2
DA:677,4
DA:680,0
DA:683,3
DA:684,3
DA:686,5
DA:690,10
DA:699,1
DA:704,10
DA:719,1
DA:720,41
DA:721,41
DA:722,41
DA:723,41
DA:724,41
DA:726,41
DA:727,12
DA:730,41
DA:731,12
DA:732,12
DA:733,11
DA:734,11
DA:735,11
DA:738,1
DA:740,12
DA:744,41
DA:745,3
DA:746,3
DA:747,3
DA:748,3
DA:749,2
DA:754,2
DA:755,1
DA:756,1
DA:758,1
DA:761,1
DA:763,3
DA:767,41
DA:781,3
DA:812,1
DA:813,162
DA:814,162
DA:822,1
DA:842,1
DA:852,1
DA:865,1
DA:870,62
DA:881,62
DA:893,186
DA:907,1
DA:922,5
DA:936,1
LF:231
LH:199
BRDA:46,0,0,14
BRDA:46,0,1,0
BRDA:48,1,0,14
BRDA:48,1,1,0
BRDA:70,2,0,7
BRDA:70,2,1,1
BRDA:72,3,0,4
BRDA:72,3,1,3
BRDA:73,4,0,4
BRDA:73,4,1,3
BRDA:91,5,0,0
BRDA:91,5,1,1
BRDA:101,6,0,0
BRDA:101,6,1,1
BRDA:112,7,0,516
BRDA:112,7,1,484
BRDA:114,8,0,14
BRDA:114,8,1,31
BRDA:126,9,0,31
BRDA:126,9,1,1
BRDA:191,10,0,31
BRDA:191,10,1,62
BRDA:191,11,0,31
BRDA:191,11,1,31
BRDA:228,12,0,31
BRDA:228,12,1,26
BRDA:240,13,0,31
BRDA:240,13,1,5
BRDA:270,14,0,1
BRDA:270,14,1,30
BRDA:273,15,0,31
BRDA:273,15,1,2
BRDA:275,16,0,1
BRDA:275,16,1,1
BRDA:283,17,0,31
BRDA:283,17,1,30
BRDA:297,18,0,30
BRDA:297,18,1,30
BRDA:307,19,0,30
BRDA:307,19,1,0
BRDA:328,20,0,30
BRDA:328,20,1,0
BRDA:353,21,0,31
BRDA:353,21,1,30
BRDA:377,22,0,31
BRDA:377,22,1,30
BRDA:399,23,0,31
BRDA:399,23,1,29
BRDA:439,24,0,29
BRDA:439,24,1,29
BRDA:447,25,0,31
BRDA:447,25,1,29
BRDA:465,26,0,7
BRDA:465,26,1,22
BRDA:468,27,0,0
BRDA:468,27,1,1
BRDA:469,28,0,0
BRDA:469,28,1,1
BRDA:488,29,0,29
BRDA:488,29,1,2
BRDA:507,30,0,0
BRDA:507,30,1,0
BRDA:507,31,0,0
BRDA:507,31,1,0
BRDA:514,32,0,29
BRDA:514,32,1,0
BRDA:529,33,0,0
BRDA:529,33,1,3
BRDA:538,34,0,1
BRDA:538,34,1,1
BRDA:543,35,0,0
BRDA:543,35,1,1
BRDA:548,36,0,0
BRDA:548,36,1,1
BRDA:562,37,0,0
BRDA:562,37,1,3
BRDA:562,38,0,3
BRDA:562,38,1,0
BRDA:566,39,0,3
BRDA:566,39,1,34
BRDA:570,40,0,37
BRDA:570,40,1,3
BRDA:572,41,0,1
BRDA:572,41,1,2
BRDA:583,42,0,8
BRDA:583,42,1,22
BRDA:586,43,0,0
BRDA:586,43,1,1
BRDA:588,44,0,0
BRDA:588,44,1,1
BRDA:603,45,0,30
BRDA:603,45,1,5
BRDA:620,46,0,30
BRDA:620,46,1,22
BRDA:626,47,0,0
BRDA:626,47,1,1
BRDA:626,48,0,1
BRDA:626,48,1,0
BRDA:645,49,0,93
BRDA:645,49,1,3
BRDA:648,50,0,62
BRDA:648,50,1,31
BRDA:674,51,0,2
BRDA:674,51,1,0
BRDA:676,52,0,2
BRDA:676,52,1,0
BRDA:676,53,0,2
BRDA:676,53,1,2
BRDA:684,54,0,3
BRDA:684,54,1,0
BRDA:694,55,0,10
BRDA:694,55,1,4
BRDA:706,56,0,10
BRDA:706,56,1,7
BRDA:706,56,2,0
BRDA:711,57,0,2
BRDA:711,57,1,8
BRDA:714,58,0,10
BRDA:714,58,1,1
BRDA:733,59,0,11
BRDA:733,59,1,0
BRDA:754,60,0,1
BRDA:754,60,1,1
BRDA:773,61,0,12
BRDA:773,61,1,29
BRDA:789,62,0,3
BRDA:789,62,1,26
BRDA:802,63,0,2
BRDA:802,63,1,27
BRDA:813,64,0,162
BRDA:813,64,1,134
BRDA:820,65,0,162
BRDA:820,65,1,2
BRDA:822,66,0,1
BRDA:822,66,1,0
BRDA:825,67,0,28
BRDA:825,67,1,134
BRDA:831,68,0,28
BRDA:831,68,1,134
BRDA:873,69,0,31
BRDA:873,69,1,31
BRDA:874,70,0,31
BRDA:874,70,1,31
BRDA:878,71,0,31
BRDA:878,71,1,31
BRDA:884,72,0,31
BRDA:884,72,1,31
BRDA:885,73,0,31
BRDA:885,73,1,31
BRDA:885,74,0,0
BRDA:885,74,1,31
BRDA:890,75,0,31
BRDA:890,75,1,31
BRDA:897,76,0,62
BRDA:897,76,1,124
BRDA:898,77,0,62
BRDA:898,77,1,124
BRDA:902,78,0,62
BRDA:902,78,1,124
BRDA:925,79,0,2
BRDA:925,79,1,3
BRDA:929,80,0,2
BRDA:929,80,1,3
BRDA:932,81,0,2
BRDA:932,81,1,3
BRF:165
BRH:136
end_of_record
