TN:
SF:scripts/syncDesignTokens.ts
FN:3,generateTokensCss
FNF:1
FNH:1
FNDA:3,generateTokensCss
DA:1,1
DA:3,1
DA:4,3
DA:5,3
DA:6,1
DA:10,2
DA:11,2
DA:13,0
DA:16,2
DA:18,2
DA:19,2
DA:20,4
DA:21,4
DA:22,8
DA:28,2
LF:15
LH:14
BRDA:5,0,0,1
BRDA:5,0,1,2
BRDA:18,1,0,2
BRDA:18,1,1,0
BRDA:18,2,0,2
BRDA:18,2,1,2
BRDA:20,3,0,4
BRDA:20,3,1,0
BRDA:20,4,0,4
BRDA:20,4,1,4
BRF:10
BRH:8
end_of_record
TN:
SF:src/App.tsx
FN:29,(anonymous_10)
FN:29,(anonymous_11)
FN:30,(anonymous_12)
FN:30,(anonymous_13)
FN:31,(anonymous_14)
FN:31,(anonymous_15)
FN:32,(anonymous_16)
FN:32,(anonymous_17)
FN:33,(anonymous_18)
FN:33,(anonymous_19)
FN:34,(anonymous_20)
FN:34,(anonymous_21)
FN:35,(anonymous_22)
FN:35,(anonymous_23)
FN:36,(anonymous_24)
FN:36,(anonymous_25)
FN:37,(anonymous_26)
FN:37,(anonymous_27)
FN:38,(anonymous_28)
FN:38,(anonymous_29)
FN:39,(anonymous_30)
FN:39,(anonymous_31)
FN:40,(anonymous_32)
FN:40,(anonymous_33)
FN:41,(anonymous_34)
FN:41,(anonymous_35)
FN:42,(anonymous_36)
FN:42,(anonymous_37)
FN:43,(anonymous_38)
FN:43,(anonymous_39)
FN:44,(anonymous_40)
FN:44,(anonymous_41)
FN:45,(anonymous_42)
FN:45,(anonymous_43)
FN:46,(anonymous_44)
FN:46,(anonymous_45)
FN:47,(anonymous_46)
FN:47,(anonymous_47)
FN:48,(anonymous_48)
FN:48,(anonymous_49)
FN:49,(anonymous_50)
FN:49,(anonymous_51)
FN:50,(anonymous_52)
FN:50,(anonymous_53)
FN:51,(anonymous_54)
FN:51,(anonymous_55)
FN:53,(anonymous_56)
FN:53,(anonymous_57)
FN:54,(anonymous_58)
FN:54,(anonymous_59)
FN:68,App
FN:88,(anonymous_61)
FN:96,(anonymous_62)
FN:100,(anonymous_63)
FN:102,(anonymous_64)
FN:108,(anonymous_65)
FN:167,(anonymous_66)
FN:190,(anonymous_67)
FN:222,(anonymous_68)
FN:248,(anonymous_69)
FN:263,(anonymous_70)
FN:288,(anonymous_71)
FN:309,(anonymous_72)
FN:309,(anonymous_73)
FN:348,(anonymous_74)
FN:356,(anonymous_75)
FN:364,(anonymous_76)
FN:372,(anonymous_77)
FN:380,(anonymous_78)
FN:388,(anonymous_79)
FN:396,(anonymous_80)
FN:404,(anonymous_81)
FN:412,(anonymous_82)
FN:420,(anonymous_83)
FN:428,(anonymous_84)
FN:436,(anonymous_85)
FN:444,(anonymous_86)
FN:452,(anonymous_87)
FN:464,(anonymous_88)
FN:472,(anonymous_89)
FN:480,(anonymous_90)
FN:488,(anonymous_91)
FN:496,(anonymous_92)
FN:504,(anonymous_93)
FN:512,(anonymous_94)
FN:520,(anonymous_95)
FN:542,(anonymous_96)
FN:558,(anonymous_97)
FN:654,(anonymous_98)
FN:662,(anonymous_99)
FN:676,NavItem
FNF:91
FNH:14
FNDA:1,(anonymous_10)
FNDA:1,(anonymous_11)
FNDA:0,(anonymous_12)
FNDA:0,(anonymous_13)
FNDA:1,(anonymous_14)
FNDA:1,(anonymous_15)
FNDA:0,(anonymous_16)
FNDA:0,(anonymous_17)
FNDA:0,(anonymous_18)
FNDA:0,(anonymous_19)
FNDA:0,(anonymous_20)
FNDA:0,(anonymous_21)
FNDA:0,(anonymous_22)
FNDA:0,(anonymous_23)
FNDA:0,(anonymous_24)
FNDA:0,(anonymous_25)
FNDA:0,(anonymous_26)
FNDA:0,(anonymous_27)
FNDA:0,(anonymous_28)
FNDA:0,(anonymous_29)
FNDA:0,(anonymous_30)
FNDA:0,(anonymous_31)
FNDA:0,(anonymous_32)
FNDA:0,(anonymous_33)
FNDA:0,(anonymous_34)
FNDA:0,(anonymous_35)
FNDA:0,(anonymous_36)
FNDA:0,(anonymous_37)
FNDA:0,(anonymous_38)
FNDA:0,(anonymous_39)
FNDA:0,(anonymous_40)
FNDA:0,(anonymous_41)
FNDA:0,(anonymous_42)
FNDA:0,(anonymous_43)
FNDA:0,(anonymous_44)
FNDA:0,(anonymous_45)
FNDA:0,(anonymous_46)
FNDA:0,(anonymous_47)
FNDA:0,(anonymous_48)
FNDA:0,(anonymous_49)
FNDA:0,(anonymous_50)
FNDA:0,(anonymous_51)
FNDA:0,(anonymous_52)
FNDA:0,(anonymous_53)
FNDA:0,(anonymous_54)
FNDA:0,(anonymous_55)
FNDA:0,(anonymous_56)
FNDA:0,(anonymous_57)
FNDA:1,(anonymous_58)
FNDA:1,(anonymous_59)
FNDA:4,App
FNDA:2,(anonymous_61)
FNDA:2,(anonymous_62)
FNDA:0,(anonymous_63)
FNDA:0,(anonymous_64)
FNDA:0,(anonymous_65)
FNDA:0,(anonymous_66)
FNDA:4,(anonymous_67)
FNDA:0,(anonymous_68)
FNDA:84,(anonymous_69)
FNDA:0,(anonymous_70)
FNDA:0,(anonymous_71)
FNDA:2,(anonymous_72)
FNDA:12,(anonymous_73)
FNDA:0,(anonymous_74)
FNDA:0,(anonymous_75)
FNDA:0,(anonymous_76)
FNDA:0,(anonymous_77)
FNDA:0,(anonymous_78)
FNDA:0,(anonymous_79)
FNDA:0,(anonymous_80)
FNDA:0,(anonymous_81)
FNDA:0,(anonymous_82)
FNDA:0,(anonymous_83)
FNDA:0,(anonymous_84)
FNDA:0,(anonymous_85)
FNDA:0,(anonymous_86)
FNDA:0,(anonymous_87)
FNDA:0,(anonymous_88)
FNDA:0,(anonymous_89)
FNDA:0,(anonymous_90)
FNDA:0,(anonymous_91)
FNDA:0,(anonymous_92)
FNDA:0,(anonymous_93)
FNDA:0,(anonymous_94)
FNDA:0,(anonymous_95)
FNDA:0,(anonymous_96)
FNDA:0,(anonymous_97)
FNDA:0,(anonymous_98)
FNDA:0,(anonymous_99)
FNDA:84,NavItem
DA:7,1
DA:8,1
DA:9,1
DA:10,1
DA:29,2
DA:30,1
DA:31,2
DA:32,1
DA:33,1
DA:34,1
DA:35,1
DA:36,1
DA:37,1
DA:38,1
DA:39,1
DA:40,1
DA:41,1
DA:42,1
DA:43,1
DA:44,1
DA:45,1
DA:46,1
DA:47,1
DA:48,1
DA:49,1
DA:50,1
DA:51,1
DA:52,1
DA:53,1
DA:54,2
DA:55,1
DA:56,1
DA:57,1
DA:59,1
DA:60,1
DA:61,1
DA:63,1
DA:64,1
DA:65,1
DA:66,1
DA:69,4
DA:70,4
DA:71,4
DA:72,4
DA:73,4
DA:74,4
DA:75,4
DA:76,4
DA:77,4
DA:78,4
DA:80,4
DA:82,4
DA:84,4
DA:85,4
DA:86,4
DA:88,4
DA:89,2
DA:90,2
DA:91,2
DA:96,4
DA:97,2
DA:98,0
DA:100,0
DA:101,0
DA:102,0
DA:105,0
DA:107,0
DA:108,0
DA:109,0
DA:110,0
DA:113,0
DA:114,0
DA:115,0
DA:118,0
DA:119,0
DA:120,0
DA:123,0
DA:124,0
DA:125,0
DA:126,0
DA:129,0
DA:130,0
DA:133,0
DA:134,0
DA:137,0
DA:138,0
DA:139,0
DA:142,0
DA:143,0
DA:144,0
DA:147,0
DA:148,0
DA:149,0
DA:152,0
DA:153,0
DA:154,0
DA:157,0
DA:158,0
DA:159,0
DA:162,0
DA:163,0
DA:164,0
DA:167,0
DA:168,0
DA:172,0
DA:175,0
DA:176,0
DA:182,0
DA:185,0
DA:190,4
DA:191,4
DA:192,4
DA:193,4
DA:195,4
DA:197,4
DA:199,4
DA:201,0
DA:202,0
DA:203,0
DA:204,0
DA:205,0
DA:207,0
DA:208,0
DA:209,0
DA:210,0
DA:211,0
DA:214,0
DA:215,0
DA:216,0
DA:217,0
DA:220,4
DA:222,0
DA:245,4
DA:246,4
DA:248,4
DA:249,84
DA:250,84
DA:251,84
DA:253,84
DA:254,84
DA:255,84
DA:258,4
DA:263,0
DA:288,0
DA:309,2
DA:310,12
DA:348,0
DA:356,0
DA:364,0
DA:372,0
DA:380,0
DA:388,0
DA:396,0
DA:404,0
DA:412,0
DA:420,0
DA:428,0
DA:436,0
DA:444,0
DA:452,0
DA:464,0
DA:472,0
DA:480,0
DA:488,0
DA:496,0
DA:504,0
DA:512,0
DA:520,0
DA:542,0
DA:558,0
DA:655,0
DA:656,0
DA:657,0
DA:663,0
DA:664,0
DA:677,84
DA:689,1
LF:177
LH:83
BRDA:90,0,0,2
BRDA:90,0,1,0
BRDA:97,1,0,2
BRDA:97,1,1,0
BRDA:105,2,0,0
BRDA:105,2,1,0
BRDA:105,2,2,0
BRDA:105,2,3,0
BRDA:105,2,4,0
BRDA:105,2,5,0
BRDA:105,2,6,0
BRDA:105,2,7,0
BRDA:105,2,8,0
BRDA:105,2,9,0
BRDA:105,2,10,0
BRDA:105,2,11,0
BRDA:105,2,12,0
BRDA:119,3,0,0
BRDA:119,3,1,0
BRDA:124,4,0,0
BRDA:124,4,1,0
BRDA:125,5,0,0
BRDA:125,5,1,0
BRDA:129,6,0,0
BRDA:129,6,1,0
BRDA:133,7,0,0
BRDA:133,7,1,0
BRDA:138,8,0,0
BRDA:138,8,1,0
BRDA:158,9,0,0
BRDA:158,9,1,0
BRDA:162,10,0,0
BRDA:162,10,1,0
BRDA:164,11,0,0
BRDA:164,11,1,0
BRDA:178,12,0,0
BRDA:178,12,1,0
BRDA:179,13,0,0
BRDA:179,13,1,0
BRDA:195,14,0,4
BRDA:195,14,1,0
BRDA:195,14,2,0
BRDA:195,14,3,0
BRDA:195,14,4,0
BRDA:197,15,0,4
BRDA:197,15,1,0
BRDA:222,16,0,0
BRDA:222,16,1,0
BRDA:223,17,0,0
BRDA:223,17,1,4
BRDA:224,18,0,0
BRDA:224,18,1,4
BRDA:236,19,0,0
BRDA:236,19,1,4
BRDA:237,20,0,0
BRDA:237,20,1,4
BRDA:253,21,0,0
BRDA:253,21,1,84
BRDA:254,22,0,0
BRDA:254,22,1,84
BRDA:261,23,0,4
BRDA:261,23,1,0
BRDA:269,24,0,4
BRDA:269,24,1,2
BRDA:269,24,2,2
BRDA:326,25,0,6
BRDA:326,25,1,6
BRDA:335,26,0,4
BRDA:335,26,1,4
BRDA:343,27,0,4
BRDA:343,27,1,4
BRDA:351,28,0,4
BRDA:351,28,1,0
BRDA:359,29,0,4
BRDA:359,29,1,4
BRDA:367,30,0,4
BRDA:367,30,1,4
BRDA:375,31,0,4
BRDA:375,31,1,4
BRDA:383,32,0,4
BRDA:383,32,1,4
BRDA:391,33,0,4
BRDA:391,33,1,4
BRDA:399,34,0,4
BRDA:399,34,1,4
BRDA:407,35,0,4
BRDA:407,35,1,4
BRDA:415,36,0,4
BRDA:415,36,1,4
BRDA:423,37,0,4
BRDA:423,37,1,4
BRDA:431,38,0,4
BRDA:431,38,1,4
BRDA:439,39,0,4
BRDA:439,39,1,4
BRDA:447,40,0,4
BRDA:447,40,1,4
BRDA:459,41,0,4
BRDA:459,41,1,4
BRDA:467,42,0,4
BRDA:467,42,1,4
BRDA:475,43,0,4
BRDA:475,43,1,4
BRDA:483,44,0,4
BRDA:483,44,1,4
BRDA:491,45,0,4
BRDA:491,45,1,4
BRDA:499,46,0,4
BRDA:499,46,1,4
BRDA:507,47,0,4
BRDA:507,47,1,4
BRDA:515,48,0,4
BRDA:515,48,1,4
BRDA:546,49,0,4
BRDA:546,49,1,0
BRDA:547,50,0,4
BRDA:547,50,1,0
BRDA:548,51,0,4
BRDA:548,51,1,0
BRDA:562,52,0,0
BRDA:562,52,1,4
BRDA:563,53,0,0
BRDA:563,53,1,4
BRDA:564,54,0,0
BRDA:564,54,1,4
BRDA:585,55,0,4
BRDA:585,55,1,4
BRDA:586,56,0,4
BRDA:586,56,1,0
BRDA:587,57,0,4
BRDA:587,57,1,0
BRDA:588,58,0,4
BRDA:588,58,1,0
BRDA:589,59,0,4
BRDA:589,59,1,0
BRDA:590,60,0,4
BRDA:590,60,1,0
BRDA:591,61,0,4
BRDA:591,61,1,0
BRDA:592,62,0,4
BRDA:592,62,1,0
BRDA:593,63,0,4
BRDA:593,63,1,0
BRDA:594,64,0,4
BRDA:594,64,1,0
BRDA:595,65,0,4
BRDA:595,65,1,0
BRDA:596,66,0,4
BRDA:596,66,1,0
BRDA:597,67,0,4
BRDA:597,67,1,0
BRDA:598,68,0,4
BRDA:598,68,1,0
BRDA:599,69,0,4
BRDA:599,69,1,0
BRDA:600,70,0,4
BRDA:600,70,1,0
BRDA:601,71,0,4
BRDA:601,71,1,0
BRDA:602,72,0,4
BRDA:602,72,1,0
BRDA:603,73,0,4
BRDA:603,73,1,0
BRDA:604,74,0,4
BRDA:604,74,1,0
BRDA:605,75,0,4
BRDA:605,75,1,0
BRDA:606,76,0,4
BRDA:606,76,1,0
BRDA:624,77,0,4
BRDA:624,77,1,4
BRDA:625,78,0,4
BRDA:625,78,1,0
BRDA:626,79,0,4
BRDA:626,79,1,0
BRDA:627,80,0,4
BRDA:627,80,1,0
BRDA:628,81,0,4
BRDA:628,81,1,0
BRDA:629,82,0,4
BRDA:629,82,1,0
BRDA:630,83,0,4
BRDA:630,83,1,0
BRDA:631,84,0,4
BRDA:631,84,1,0
BRDA:632,85,0,4
BRDA:632,85,1,0
BRDA:633,86,0,4
BRDA:633,86,1,0
BRDA:634,87,0,4
BRDA:634,87,1,0
BRDA:635,88,0,4
BRDA:635,88,1,0
BRDA:636,89,0,4
BRDA:636,89,1,0
BRDA:637,90,0,4
BRDA:637,90,1,0
BRDA:638,91,0,4
BRDA:638,91,1,0
BRDA:639,92,0,4
BRDA:639,92,1,0
BRDA:640,93,0,4
BRDA:640,93,1,0
BRDA:641,94,0,4
BRDA:641,94,1,0
BRDA:642,95,0,4
BRDA:642,95,1,0
BRDA:643,96,0,4
BRDA:643,96,1,0
BRDA:644,97,0,4
BRDA:644,97,1,0
BRDA:645,98,0,4
BRDA:645,98,1,0
BRDA:661,99,0,4
BRDA:661,99,1,0
BRDA:679,100,0,4
BRDA:679,100,1,80
BRDA:684,101,0,84
BRDA:684,101,1,4
BRF:219
BRH:118
end_of_record
TN:
SF:src/components/AiaaOnboardingWizard.tsx
FN:24,(anonymous_0)
FN:39,(anonymous_1)
FN:71,(anonymous_2)
FN:72,(anonymous_3)
FN:75,(anonymous_4)
FN:88,(anonymous_5)
FN:121,(anonymous_6)
FN:128,(anonymous_7)
FN:134,(anonymous_8)
FN:137,(anonymous_9)
FN:151,(anonymous_10)
FN:180,(anonymous_11)
FN:189,(anonymous_12)
FN:198,(anonymous_13)
FN:205,(anonymous_14)
FN:259,(anonymous_15)
FN:265,(anonymous_16)
FNF:17
FNH:0
FNDA:0,(anonymous_0)
FNDA:0,(anonymous_1)
FNDA:0,(anonymous_2)
FNDA:0,(anonymous_3)
FNDA:0,(anonymous_4)
FNDA:0,(anonymous_5)
FNDA:0,(anonymous_6)
FNDA:0,(anonymous_7)
FNDA:0,(anonymous_8)
FNDA:0,(anonymous_9)
FNDA:0,(anonymous_10)
FNDA:0,(anonymous_11)
FNDA:0,(anonymous_12)
FNDA:0,(anonymous_13)
FNDA:0,(anonymous_14)
FNDA:0,(anonymous_15)
FNDA:0,(anonymous_16)
DA:8,1
DA:9,1
DA:10,1
DA:11,1
DA:12,1
DA:24,1
DA:25,0
DA:26,0
DA:35,0
DA:36,0
DA:37,0
DA:39,0
DA:40,0
DA:41,0
DA:42,0
DA:43,0
DA:56,0
DA:57,0
DA:60,0
DA:61,0
DA:62,0
DA:64,0
DA:65,0
DA:67,0
DA:71,0
DA:72,0
DA:75,0
DA:80,0
DA:89,0
DA:121,0
DA:128,0
DA:135,0
DA:137,0
DA:151,0
DA:180,0
DA:189,0
DA:198,0
DA:205,0
DA:259,0
DA:265,0
DA:276,1
DA:277,1
LF:42
LH:8
BRDA:56,0,0,0
BRDA:56,0,1,0
BRDA:74,1,0,0
BRDA:74,1,1,0
BRDA:94,2,0,0
BRDA:94,2,1,0
BRDA:103,3,0,0
BRDA:103,3,1,0
BRDA:138,4,0,0
BRDA:138,4,1,0
BRDA:140,5,0,0
BRDA:140,5,1,0
BRDA:141,6,0,0
BRDA:141,6,1,0
BRDA:161,7,0,0
BRDA:161,7,1,0
BRDA:210,8,0,0
BRDA:210,8,1,0
BRDA:216,9,0,0
BRDA:216,9,1,0
BRDA:229,10,0,0
BRDA:229,10,1,0
BRF:22
BRH:0
end_of_record
TN:
SF:src/components/AiomeAvatar.tsx
FN:17,(anonymous_1)
FN:87,(anonymous_2)
FNF:2
FNH:2
FNDA:2,(anonymous_1)
FNDA:6,(anonymous_2)
DA:7,2
DA:8,2
DA:9,2
DA:10,2
DA:17,2
DA:18,2
DA:19,2
DA:20,2
DA:22,2
DA:88,6
DA:124,2
LF:11
LH:11
BRDA:17,0,0,0
BRDA:17,1,0,1
BRDA:35,2,0,0
BRDA:35,2,1,2
BRDA:35,3,0,0
BRDA:35,3,1,2
BRDA:36,4,0,0
BRDA:36,4,1,2
BRDA:57,5,0,0
BRDA:57,5,1,2
BRDA:58,6,0,0
BRDA:58,6,1,2
BRDA:110,7,0,2
BRDA:110,7,1,4
BRF:14
BRH:8
end_of_record
TN:
SF:src/components/AuthOverlay.tsx
FN:18,(anonymous_9)
FN:24,(anonymous_10)
FN:33,(anonymous_11)
FN:155,(anonymous_12)
FNF:4
FNH:3
FNDA:5,(anonymous_9)
FNDA:1,(anonymous_10)
FNDA:0,(anonymous_11)
FNDA:1,(anonymous_12)
DA:7,1
DA:8,1
DA:9,1
DA:10,1
DA:11,1
DA:12,1
DA:18,1
DA:19,5
DA:20,5
DA:21,5
DA:22,5
DA:24,5
DA:25,1
DA:26,1
DA:27,1
DA:29,1
DA:30,1
DA:32,1
DA:33,1
DA:35,1
DA:37,1
DA:49,1
DA:51,1
DA:52,0
DA:53,0
DA:54,0
DA:55,0
DA:57,0
DA:59,1
DA:60,1
DA:62,0
DA:65,0
DA:66,0
DA:67,0
DA:69,0
DA:72,1
DA:76,5
DA:155,1
DA:237,1
LF:39
LH:29
BRDA:27,0,0,0
BRDA:27,0,1,1
BRDA:51,1,0,0
BRDA:51,1,1,1
BRDA:53,2,0,0
BRDA:53,2,1,0
BRDA:59,3,0,1
BRDA:59,3,1,0
BRDA:59,4,0,1
BRDA:59,4,1,0
BRDA:66,5,0,0
BRDA:66,5,1,0
BRDA:66,6,0,0
BRDA:66,6,1,0
BRDA:67,7,0,0
BRDA:67,7,1,0
BRDA:173,8,0,5
BRDA:173,8,1,1
BRDA:199,9,0,5
BRDA:199,9,1,4
BRDA:204,10,0,1
BRDA:204,10,1,4
BRDA:209,11,0,3
BRDA:209,11,1,2
BRDA:209,12,0,5
BRDA:209,12,1,4
BRDA:214,13,0,3
BRDA:214,13,1,2
BRDA:214,14,0,5
BRDA:214,14,1,4
BRDA:218,15,0,1
BRDA:218,15,1,4
BRF:32
BRH:20
end_of_record
TN:
SF:src/components/CausalVisualizer.tsx
FN:19,(anonymous_9)
FN:31,(anonymous_10)
FN:39,(anonymous_11)
FN:57,(anonymous_12)
FN:60,(anonymous_13)
FN:76,(anonymous_14)
FN:103,(anonymous_15)
FN:105,(anonymous_16)
FN:112,(anonymous_17)
FN:117,(anonymous_18)
FN:129,(anonymous_19)
FN:153,(anonymous_20)
FN:154,(anonymous_21)
FN:157,(anonymous_22)
FN:280,(anonymous_23)
FN:286,(anonymous_24)
FN:296,(anonymous_25)
FNF:17
FNH:3
FNDA:4,(anonymous_9)
FNDA:0,(anonymous_10)
FNDA:0,(anonymous_11)
FNDA:3,(anonymous_12)
FNDA:0,(anonymous_13)
FNDA:0,(anonymous_14)
FNDA:0,(anonymous_15)
FNDA:0,(anonymous_16)
FNDA:0,(anonymous_17)
FNDA:0,(anonymous_18)
FNDA:0,(anonymous_19)
FNDA:1,(anonymous_20)
FNDA:0,(anonymous_21)
FNDA:0,(anonymous_22)
FNDA:0,(anonymous_23)
FNDA:0,(anonymous_24)
FNDA:0,(anonymous_25)
DA:7,1
DA:8,1
DA:9,1
DA:10,1
DA:11,1
DA:13,1
DA:14,1
DA:15,1
DA:17,1
DA:19,1
DA:20,4
DA:21,4
DA:22,4
DA:23,4
DA:24,4
DA:25,4
DA:26,4
DA:27,4
DA:28,4
DA:29,4
DA:31,4
DA:32,0
DA:33,0
DA:34,0
DA:35,0
DA:36,0
DA:37,0
DA:38,0
DA:39,0
DA:40,0
DA:43,0
DA:44,0
DA:45,0
DA:46,0
DA:48,0
DA:51,0
DA:53,0
DA:57,4
DA:58,3
DA:60,0
DA:61,0
DA:62,0
DA:76,0
DA:84,0
DA:101,0
DA:103,0
DA:104,0
DA:105,0
DA:106,0
DA:108,0
DA:112,0
DA:113,0
DA:117,4
DA:118,0
DA:119,0
DA:120,0
DA:121,0
DA:122,0
DA:123,0
DA:124,0
DA:125,0
DA:129,4
DA:130,0
DA:131,0
DA:132,0
DA:133,0
DA:135,0
DA:138,4
DA:153,1
DA:154,0
DA:157,0
DA:280,0
DA:287,0
DA:288,0
DA:297,0
DA:298,0
DA:308,1
LF:77
LH:28
BRDA:32,0,0,0
BRDA:32,0,1,0
BRDA:37,1,0,0
BRDA:37,1,1,0
BRDA:39,2,0,0
BRDA:39,2,1,0
BRDA:44,3,0,0
BRDA:44,3,1,0
BRDA:51,4,0,0
BRDA:51,4,1,0
BRDA:58,5,0,3
BRDA:58,5,1,0
BRDA:58,6,0,3
BRDA:58,6,1,3
BRDA:58,6,2,0
BRDA:61,7,0,0
BRDA:61,7,1,0
BRDA:104,8,0,0
BRDA:104,8,1,0
BRDA:106,9,0,0
BRDA:106,9,1,0
BRDA:118,10,0,0
BRDA:118,10,1,0
BRDA:118,10,2,0
BRDA:118,10,3,0
BRDA:118,10,4,0
BRDA:118,10,5,0
BRDA:118,10,6,0
BRDA:131,11,0,0
BRDA:131,11,1,0
BRDA:154,12,0,0
BRDA:154,12,1,0
BRDA:172,13,0,4
BRDA:172,13,1,0
BRDA:178,14,0,4
BRDA:178,14,1,0
BRDA:185,15,0,4
BRDA:185,15,1,4
BRDA:185,15,2,4
BRDA:185,15,3,4
BRDA:197,16,0,4
BRDA:197,16,1,4
BRDA:197,16,2,0
BRDA:204,17,0,0
BRDA:204,17,1,0
BRDA:224,18,0,0
BRDA:224,18,1,0
BRDA:240,19,0,0
BRDA:240,19,1,0
BRDA:244,20,0,0
BRDA:244,20,1,0
BRDA:258,21,0,0
BRDA:258,21,1,0
BRDA:271,22,0,0
BRDA:271,22,1,0
BRDA:287,23,0,0
BRDA:287,23,1,0
BRDA:297,24,0,0
BRDA:297,24,1,0
BRF:59
BRH:11
end_of_record
TN:
SF:src/components/DemoView.tsx
FN:21,DemoView
FN:42,(anonymous_1)
FN:44,(anonymous_2)
FN:47,(anonymous_3)
FN:64,(anonymous_4)
FN:68,(anonymous_5)
FN:75,(anonymous_6)
FN:92,(anonymous_7)
FN:100,(anonymous_8)
FN:175,(anonymous_9)
FN:187,(anonymous_10)
FN:266,(anonymous_11)
FN:299,(anonymous_12)
FN:309,(anonymous_13)
FNF:14
FNH:9
FNDA:8,DemoView
FNDA:6,(anonymous_1)
FNDA:6,(anonymous_2)
FNDA:5,(anonymous_3)
FNDA:1,(anonymous_4)
FNDA:0,(anonymous_5)
FNDA:1,(anonymous_6)
FNDA:0,(anonymous_7)
FNDA:0,(anonymous_8)
FNDA:0,(anonymous_9)
FNDA:64,(anonymous_10)
FNDA:96,(anonymous_11)
FNDA:0,(anonymous_12)
FNDA:8,(anonymous_13)
DA:7,1
DA:8,1
DA:9,1
DA:11,1
DA:12,1
DA:13,1
DA:21,1
DA:22,8
DA:24,8
DA:35,8
DA:36,8
DA:37,8
DA:38,8
DA:39,8
DA:40,8
DA:42,8
DA:43,6
DA:44,6
DA:47,8
DA:48,5
DA:49,1
DA:51,1
DA:52,1
DA:53,1
DA:55,1
DA:56,1
DA:57,1
DA:58,1
DA:60,1
DA:61,1
DA:62,1
DA:63,1
DA:64,1
DA:65,1
DA:67,1
DA:68,0
DA:75,8
DA:76,1
DA:77,1
DA:78,1
DA:79,1
DA:80,1
DA:82,1
DA:83,1
DA:84,1
DA:86,1
DA:91,1
DA:92,0
DA:93,0
DA:94,0
DA:95,0
DA:96,0
DA:97,0
DA:100,1
DA:101,1
DA:103,1
DA:104,0
DA:105,0
DA:108,0
DA:109,0
DA:110,0
DA:111,0
DA:115,8
DA:175,0
DA:188,64
DA:189,64
DA:190,64
DA:191,64
DA:193,64
DA:194,64
DA:195,64
DA:197,64
DA:267,96
DA:268,96
DA:299,0
DA:310,8
LF:76
LH:61
BRDA:48,0,0,4
BRDA:48,0,1,1
BRDA:51,1,0,1
BRDA:51,1,1,0
BRDA:55,2,0,1
BRDA:55,2,1,0
BRDA:56,3,0,1
BRDA:56,3,1,0
BRDA:60,4,0,1
BRDA:60,4,1,0
BRDA:67,5,0,0
BRDA:67,5,1,1
BRDA:67,6,0,1
BRDA:67,6,1,1
BRDA:84,7,0,1
BRDA:84,7,1,0
BRDA:91,8,0,0
BRDA:91,8,1,1
BRDA:93,9,0,0
BRDA:93,9,1,0
BRDA:103,10,0,0
BRDA:103,10,1,1
BRDA:108,11,0,0
BRDA:108,11,1,0
BRDA:129,12,0,3
BRDA:129,12,1,5
BRDA:130,13,0,3
BRDA:130,13,1,5
BRDA:134,14,0,3
BRDA:134,14,1,5
BRDA:135,15,0,3
BRDA:135,15,1,5
BRDA:140,16,0,8
BRDA:140,16,1,1
BRDA:162,17,0,8
BRDA:162,17,1,0
BRDA:190,18,0,64
BRDA:190,18,1,64
BRDA:194,19,0,1
BRDA:194,19,1,63
BRDA:195,20,0,0
BRDA:195,20,1,64
BRDA:198,21,0,57
BRDA:198,21,1,7
BRDA:198,22,0,64
BRDA:198,22,1,8
BRDA:198,22,2,7
BRDA:201,23,0,1
BRDA:201,23,1,63
BRDA:201,24,0,0
BRDA:201,24,1,63
BRDA:206,25,0,1
BRDA:206,25,1,63
BRDA:208,26,0,0
BRDA:208,26,1,64
BRDA:211,27,0,1
BRDA:211,27,1,63
BRDA:211,28,0,64
BRDA:211,28,1,63
BRDA:214,29,0,64
BRDA:214,29,1,1
BRDA:233,30,0,1
BRDA:233,30,1,7
BRDA:233,31,0,8
BRDA:233,31,1,1
BRDA:239,32,0,7
BRDA:239,32,1,1
BRDA:239,33,0,1
BRDA:239,33,1,0
BRDA:239,34,0,0
BRDA:239,34,1,0
BRDA:239,35,0,0
BRDA:239,35,1,0
BRDA:244,36,0,8
BRDA:244,36,1,0
BRDA:247,37,0,0
BRDA:247,37,1,0
BRDA:247,38,0,0
BRDA:247,38,1,0
BRDA:254,39,0,0
BRDA:254,39,1,0
BRDA:254,40,0,0
BRDA:254,40,1,0
BRDA:267,41,0,80
BRDA:267,41,1,16
BRDA:267,42,0,0
BRDA:267,42,1,16
BRDA:267,43,0,16
BRDA:267,43,1,6
BRDA:276,44,0,0
BRDA:276,44,1,96
BRDA:276,45,0,96
BRDA:276,45,1,16
BRDA:306,46,0,5
BRDA:306,46,1,3
BRDA:311,47,0,0
BRDA:311,47,1,8
BRDA:311,48,0,0
BRDA:311,48,1,8
BRF:99
BRH:65
end_of_record
TN:
SF:src/components/DpoDatasetExport.tsx
FN:6,DpoDatasetExport
FN:11,(anonymous_1)
FNF:2
FNH:2
FNDA:17,DpoDatasetExport
FNDA:4,(anonymous_1)
DA:1,2
DA:2,2
DA:3,2
DA:4,2
DA:6,2
DA:7,17
DA:8,17
DA:9,17
DA:11,17
DA:12,4
DA:13,4
DA:14,4
DA:15,4
DA:16,2
DA:17,1
DA:20,1
DA:21,1
DA:22,1
DA:23,1
DA:24,1
DA:25,1
DA:26,1
DA:27,1
DA:28,1
DA:31,2
DA:32,2
DA:34,3
DA:38,17
LF:28
LH:28
BRDA:16,0,0,1
BRDA:16,0,1,1
BRDA:17,1,0,1
BRDA:17,1,1,1
BRDA:31,2,0,2
BRDA:31,2,1,0
BRDA:31,3,0,0
BRDA:31,3,1,0
BRDA:50,4,0,17
BRDA:50,4,1,13
BRDA:53,5,0,17
BRDA:53,5,1,13
BRDA:57,6,0,17
BRDA:57,6,1,2
BRDA:86,7,0,4
BRDA:86,7,1,13
BRDA:87,8,0,4
BRDA:87,8,1,13
BRDA:93,9,0,4
BRDA:93,9,1,13
BRDA:94,10,0,4
BRDA:94,10,1,13
BRDA:95,11,0,4
BRDA:95,11,1,4
BRDA:96,12,0,13
BRDA:96,12,1,9
BRF:26
BRH:23
end_of_record
TN:
SF:src/components/ErrorBoundary.tsx
FN:25,(anonymous_0)
FN:30,(anonymous_1)
FN:34,(anonymous_2)
FN:38,(anonymous_3)
FN:83,(anonymous_4)
FN:94,(anonymous_5)
FNF:6
FNH:4
FNDA:6,(anonymous_0)
FNDA:4,(anonymous_1)
FNDA:2,(anonymous_2)
FNDA:9,(anonymous_3)
FNDA:0,(anonymous_4)
FNDA:0,(anonymous_5)
DA:7,1
DA:8,1
DA:9,1
DA:26,5
DA:31,4
DA:35,2
DA:39,9
DA:40,4
DA:83,0
DA:94,0
DA:116,5
DA:120,1
LF:12
LH:10
BRDA:39,0,0,4
BRDA:39,0,1,5
BRDA:75,1,0,4
BRDA:75,1,1,2
BRDA:106,2,0,4
BRDA:106,2,1,4
BRF:6
BRH:6
end_of_record
TN:
SF:src/components/EscrowManagementView.tsx
FN:15,(anonymous_9)
FN:24,(anonymous_10)
FN:44,(anonymous_11)
FN:47,(anonymous_12)
FN:50,(anonymous_13)
FN:51,(anonymous_14)
FN:66,(anonymous_15)
FN:78,(anonymous_16)
FN:102,(anonymous_17)
FN:136,(anonymous_18)
FNF:10
FNH:4
FNDA:7,(anonymous_9)
FNDA:6,(anonymous_10)
FNDA:6,(anonymous_11)
FNDA:6,(anonymous_12)
FNDA:0,(anonymous_13)
FNDA:0,(anonymous_14)
FNDA:0,(anonymous_15)
FNDA:0,(anonymous_16)
FNDA:0,(anonymous_17)
FNDA:0,(anonymous_18)
DA:1,1
DA:2,1
DA:3,1
DA:4,1
DA:5,1
DA:6,1
DA:15,1
DA:16,7
DA:17,7
DA:18,7
DA:19,7
DA:20,7
DA:22,7
DA:24,7
DA:25,6
DA:26,6
DA:27,6
DA:28,6
DA:29,6
DA:30,6
DA:31,6
DA:33,0
DA:36,0
DA:37,0
DA:38,0
DA:40,6
DA:44,7
DA:45,6
DA:46,6
DA:47,6
DA:50,7
DA:51,0
DA:52,0
DA:53,0
DA:58,0
DA:59,0
DA:61,0
DA:64,0
DA:66,0
DA:70,7
DA:78,0
DA:103,0
DA:136,0
DA:211,1
LF:44
LH:29
BRDA:22,0,0,7
BRDA:22,0,1,7
BRDA:29,1,0,6
BRDA:29,1,1,0
BRDA:31,2,0,6
BRDA:31,2,1,0
BRDA:33,3,0,0
BRDA:33,3,1,0
BRDA:36,4,0,0
BRDA:36,4,1,0
BRDA:36,5,0,0
BRDA:36,5,1,0
BRDA:38,6,0,0
BRDA:38,6,1,0
BRDA:58,7,0,0
BRDA:58,7,1,0
BRDA:75,8,0,7
BRDA:75,8,1,0
BRDA:79,9,0,5
BRDA:79,9,1,2
BRDA:86,10,0,5
BRDA:86,10,1,2
BRDA:90,11,0,0
BRDA:90,11,1,2
BRDA:95,12,0,2
BRDA:95,12,1,0
BRDA:98,13,0,2
BRDA:98,13,1,0
BRDA:131,14,0,0
BRDA:131,14,1,0
BRDA:140,15,0,0
BRDA:140,15,1,0
BRF:32
BRH:12
end_of_record
TN:
SF:src/components/McpDashboard.tsx
FN:31,isValidServerId
FN:36,isValidMcpUrl
FN:54,McpDashboard
FN:69,(anonymous_3)
FN:86,(anonymous_4)
FN:86,(anonymous_5)
FN:100,(anonymous_6)
FN:104,(anonymous_7)
FN:128,(anonymous_8)
FN:135,(anonymous_9)
FN:154,(anonymous_10)
FN:193,(anonymous_11)
FN:210,(anonymous_12)
FN:252,(anonymous_13)
FN:290,(anonymous_14)
FN:298,(anonymous_15)
FN:311,(anonymous_16)
FN:317,(anonymous_17)
FN:317,(anonymous_18)
FN:317,(anonymous_19)
FN:323,(anonymous_20)
FN:328,(anonymous_21)
FN:353,(anonymous_22)
FN:411,(anonymous_23)
FN:419,(anonymous_24)
FN:435,(anonymous_25)
FN:475,(anonymous_26)
FNF:27
FNH:21
FNDA:5,isValidServerId
FNDA:1,isValidMcpUrl
FNDA:51,McpDashboard
FNDA:15,(anonymous_3)
FNDA:0,(anonymous_4)
FNDA:0,(anonymous_5)
FNDA:15,(anonymous_6)
FNDA:2,(anonymous_7)
FNDA:0,(anonymous_8)
FNDA:1,(anonymous_9)
FNDA:6,(anonymous_10)
FNDA:1,(anonymous_11)
FNDA:107,(anonymous_12)
FNDA:6,(anonymous_13)
FNDA:5,(anonymous_14)
FNDA:1,(anonymous_15)
FNDA:3,(anonymous_16)
FNDA:1,(anonymous_17)
FNDA:1,(anonymous_18)
FNDA:1,(anonymous_19)
FNDA:1,(anonymous_20)
FNDA:0,(anonymous_21)
FNDA:14,(anonymous_22)
FNDA:1,(anonymous_23)
FNDA:0,(anonymous_24)
FNDA:3,(anonymous_25)
FNDA:0,(anonymous_26)
DA:7,1
DA:8,1
DA:9,1
DA:10,1
DA:11,1
DA:12,1
DA:32,5
DA:37,1
DA:38,1
DA:39,1
DA:41,0
DA:45,1
DA:54,1
DA:55,51
DA:56,51
DA:57,51
DA:58,51
DA:59,51
DA:60,51
DA:61,51
DA:62,51
DA:63,51
DA:66,51
DA:67,51
DA:69,51
DA:70,15
DA:71,15
DA:72,15
DA:73,15
DA:77,14
DA:78,13
DA:79,13
DA:81,1
DA:83,14
DA:84,13
DA:85,13
DA:86,0
DA:87,0
DA:88,0
DA:90,0
DA:94,1
DA:96,15
DA:100,51
DA:101,15
DA:104,51
DA:105,2
DA:106,2
DA:107,2
DA:111,2
DA:112,2
DA:113,2
DA:114,2
DA:115,2
DA:116,2
DA:118,0
DA:119,0
DA:122,0
DA:124,2
DA:128,51
DA:129,0
DA:130,0
DA:131,0
DA:132,0
DA:135,51
DA:136,1
DA:137,1
DA:138,1
DA:140,1
DA:150,1
DA:151,1
DA:154,51
DA:155,6
DA:156,6
DA:158,6
DA:159,1
DA:160,1
DA:162,5
DA:163,1
DA:164,1
DA:166,4
DA:167,1
DA:168,1
DA:171,3
DA:172,1
DA:173,1
DA:174,1
DA:177,2
DA:178,1
DA:179,1
DA:183,1
DA:190,1
DA:193,51
DA:194,1
DA:195,1
DA:198,51
DA:210,107
DA:212,51
DA:252,6
DA:290,5
DA:298,1
DA:311,3
DA:317,1
DA:323,1
DA:328,0
DA:354,14
DA:411,1
DA:419,0
DA:436,3
DA:475,0
LF:109
LH:94
BRDA:39,0,0,1
BRDA:39,0,1,1
BRDA:77,1,0,13
BRDA:77,1,1,1
BRDA:83,2,0,13
BRDA:83,2,1,1
BRDA:85,3,0,0
BRDA:85,3,1,13
BRDA:111,4,0,2
BRDA:111,4,1,0
BRDA:129,5,0,0
BRDA:129,5,1,0
BRDA:136,6,0,0
BRDA:136,6,1,1
BRDA:138,7,0,0
BRDA:138,7,1,1
BRDA:158,8,0,1
BRDA:158,8,1,5
BRDA:162,9,0,1
BRDA:162,9,1,4
BRDA:166,10,0,1
BRDA:166,10,1,3
BRDA:171,11,0,1
BRDA:171,11,1,2
BRDA:172,12,0,1
BRDA:172,12,1,0
BRDA:172,13,0,1
BRDA:172,13,1,1
BRDA:177,14,0,1
BRDA:177,14,1,1
BRDA:210,15,0,107
BRDA:210,15,1,41
BRDA:220,16,0,15
BRDA:220,16,1,36
BRDA:228,17,0,51
BRDA:228,17,1,2
BRDA:262,18,0,51
BRDA:262,18,1,23
BRDA:275,19,0,23
BRDA:275,19,1,5
BRDA:298,20,0,23
BRDA:298,20,1,0
BRDA:305,21,0,19
BRDA:305,21,1,4
BRDA:323,22,0,4
BRDA:323,22,1,1
BRDA:332,23,0,1
BRDA:332,23,1,22
BRDA:341,24,0,51
BRDA:341,24,1,37
BRDA:341,24,2,22
BRDA:341,24,3,20
BRDA:360,25,0,4
BRDA:360,25,1,10
BRDA:367,26,0,4
BRDA:367,26,1,10
BRDA:368,27,0,4
BRDA:368,27,1,10
BRDA:375,28,0,13
BRDA:375,28,1,1
BRDA:376,29,0,13
BRDA:376,29,1,1
BRDA:379,30,0,13
BRDA:379,30,1,1
BRDA:384,31,0,13
BRDA:384,31,1,1
BRDA:385,32,0,13
BRDA:385,32,1,1
BRDA:389,33,0,13
BRDA:389,33,1,1
BRDA:399,34,0,14
BRDA:399,34,1,10
BRDA:402,35,0,0
BRDA:402,35,1,10
BRDA:403,36,0,0
BRDA:403,36,1,10
BRDA:404,37,0,0
BRDA:404,37,1,10
BRDA:406,38,0,0
BRDA:406,38,1,10
BRDA:406,39,0,0
BRDA:406,39,1,0
BRDA:409,40,0,14
BRDA:409,40,1,4
BRDA:429,41,0,14
BRDA:429,41,1,3
BRDA:429,41,2,2
BRDA:437,42,0,1
BRDA:437,42,1,2
BRDA:450,43,0,51
BRDA:450,43,1,2
BRF:91
BRH:77
end_of_record
TN:
SF:src/components/ModelSetupStep.tsx
FN:17,(anonymous_9)
FN:21,(anonymous_10)
FN:45,(anonymous_11)
FN:151,(anonymous_12)
FN:154,(anonymous_13)
FNF:5
FNH:4
FNDA:6,(anonymous_9)
FNDA:6,(anonymous_10)
FNDA:0,(anonymous_11)
FNDA:6,(anonymous_12)
FNDA:1,(anonymous_13)
DA:7,2
DA:8,2
DA:9,2
DA:10,2
DA:17,2
DA:18,6
DA:19,6
DA:21,6
DA:22,6
DA:25,6
DA:26,1
DA:34,5
DA:35,2
DA:98,3
DA:100,0
DA:123,3
DA:124,1
DA:126,1
DA:141,2
DA:147,2
DA:152,6
DA:154,1
LF:22
LH:21
BRDA:25,0,0,1
BRDA:25,0,1,5
BRDA:34,1,0,2
BRDA:34,1,1,3
BRDA:98,2,0,0
BRDA:98,2,1,3
BRDA:98,3,0,3
BRDA:98,3,1,1
BRDA:123,4,0,1
BRDA:123,4,1,2
BRDA:123,5,0,3
BRDA:123,5,1,1
BRDA:124,6,0,1
BRDA:124,6,1,0
BRDA:124,7,0,1
BRDA:124,7,1,0
BRDA:136,8,0,1
BRDA:136,8,1,0
BRDA:149,9,0,2
BRDA:149,9,1,0
BRF:20
BRH:15
end_of_record
TN:
SF:src/components/OnboardingModal.tsx
FN:21,(anonymous_9)
FN:31,(anonymous_10)
FN:92,(anonymous_11)
FN:113,(anonymous_12)
FN:113,(anonymous_13)
FN:124,(anonymous_14)
FN:136,(anonymous_15)
FN:150,(anonymous_16)
FN:161,(anonymous_17)
FN:190,(anonymous_18)
FN:193,(anonymous_19)
FN:280,(anonymous_20)
FN:310,(anonymous_21)
FN:340,(anonymous_22)
FNF:14
FNH:7
FNDA:13,(anonymous_9)
FNDA:0,(anonymous_10)
FNDA:0,(anonymous_11)
FNDA:0,(anonymous_12)
FNDA:1,(anonymous_13)
FNDA:0,(anonymous_14)
FNDA:0,(anonymous_15)
FNDA:0,(anonymous_16)
FNDA:0,(anonymous_17)
FNDA:39,(anonymous_18)
FNDA:1,(anonymous_19)
FNDA:1,(anonymous_20)
FNDA:5,(anonymous_21)
FNDA:72,(anonymous_22)
DA:7,2
DA:8,2
DA:9,2
DA:10,2
DA:11,2
DA:12,2
DA:13,2
DA:14,2
DA:21,2
DA:22,13
DA:23,13
DA:24,13
DA:25,13
DA:26,13
DA:27,13
DA:28,13
DA:29,13
DA:31,13
DA:32,0
DA:33,0
DA:34,0
DA:36,0
DA:41,0
DA:46,0
DA:51,0
DA:56,0
DA:58,0
DA:60,0
DA:61,0
DA:63,0
DA:67,13
DA:92,0
DA:113,1
DA:124,0
DA:136,0
DA:150,0
DA:161,0
DA:191,39
DA:194,1
DA:195,1
DA:213,13
DA:280,1
DA:310,5
DA:341,72
DA:361,2
LF:45
LH:28
BRDA:61,0,0,0
BRDA:61,0,1,0
BRDA:110,1,0,13
BRDA:110,1,1,0
BRDA:111,2,0,13
BRDA:111,2,1,0
BRDA:127,3,0,13
BRDA:127,3,1,0
BRDA:128,4,0,13
BRDA:128,4,1,0
BRDA:139,5,0,0
BRDA:139,5,1,13
BRDA:140,6,0,0
BRDA:140,6,1,13
BRDA:153,7,0,10
BRDA:153,7,1,3
BRDA:154,8,0,10
BRDA:154,8,1,3
BRDA:164,9,0,3
BRDA:164,9,1,10
BRDA:165,10,0,3
BRDA:165,10,1,10
BRDA:215,11,0,13
BRDA:215,11,1,12
BRDA:273,12,0,3
BRDA:273,12,1,9
BRDA:289,13,0,3
BRDA:289,13,1,3
BRDA:297,14,0,2
BRDA:297,14,1,1
BRDA:297,15,0,3
BRDA:297,15,1,3
BRDA:301,16,0,2
BRDA:301,16,1,1
BRDA:301,17,0,3
BRDA:301,17,1,3
BRDA:305,18,0,0
BRDA:305,18,1,3
BRDA:308,19,0,8
BRDA:308,19,1,1
BRDA:327,20,0,12
BRDA:327,20,1,0
BRDA:347,21,0,12
BRDA:347,21,1,60
BRF:44
BRH:34
end_of_record
TN:
SF:src/components/SettingsPage.tsx
FN:28,(anonymous_10)
FN:39,(anonymous_11)
FN:43,(anonymous_12)
FN:57,(anonymous_13)
FN:66,(anonymous_14)
FN:67,(anonymous_15)
FN:68,(anonymous_16)
FN:81,(anonymous_17)
FN:85,(anonymous_18)
FN:87,(anonymous_19)
FN:90,(anonymous_20)
FN:97,(anonymous_21)
FN:101,(anonymous_22)
FN:103,(anonymous_23)
FN:107,(anonymous_24)
FN:107,(anonymous_25)
FN:117,(anonymous_26)
FN:143,(anonymous_27)
FN:151,(anonymous_28)
FN:155,(anonymous_29)
FN:165,(anonymous_30)
FN:168,(anonymous_31)
FN:177,(anonymous_32)
FN:180,(anonymous_33)
FN:192,(anonymous_34)
FN:195,(anonymous_35)
FN:218,(anonymous_36)
FN:232,(anonymous_37)
FN:241,(anonymous_38)
FN:249,(anonymous_39)
FN:255,(anonymous_40)
FN:284,(anonymous_41)
FN:299,(anonymous_42)
FN:307,(anonymous_43)
FN:320,(anonymous_44)
FN:328,(anonymous_45)
FN:351,(anonymous_46)
FN:373,(anonymous_47)
FN:378,(anonymous_48)
FN:397,(anonymous_49)
FN:404,(anonymous_50)
FN:411,(anonymous_51)
FN:418,(anonymous_52)
FN:436,(anonymous_53)
FN:440,(anonymous_54)
FN:442,(anonymous_55)
FN:454,(anonymous_56)
FN:455,(anonymous_57)
FN:466,(anonymous_58)
FN:474,(anonymous_59)
FN:481,(anonymous_60)
FN:482,(anonymous_61)
FN:497,(anonymous_62)
FN:503,(anonymous_63)
FN:536,(anonymous_64)
FN:537,(anonymous_65)
FN:555,(anonymous_66)
FN:557,(anonymous_67)
FN:559,(anonymous_68)
FN:561,(anonymous_69)
FN:568,(anonymous_70)
FN:569,(anonymous_71)
FN:583,(anonymous_72)
FN:591,(anonymous_73)
FN:599,(anonymous_74)
FN:600,(anonymous_75)
FN:611,(anonymous_76)
FN:613,(anonymous_77)
FN:625,(anonymous_78)
FN:626,(anonymous_79)
FN:633,(anonymous_80)
FN:639,(anonymous_81)
FN:643,(anonymous_82)
FN:651,(anonymous_83)
FN:673,(anonymous_84)
FN:677,(anonymous_85)
FN:693,(anonymous_86)
FN:699,(anonymous_87)
FN:703,(anonymous_88)
FN:717,(anonymous_89)
FN:729,(anonymous_90)
FN:754,(anonymous_91)
FN:785,(anonymous_92)
FN:796,(anonymous_93)
FN:844,(anonymous_94)
FN:855,(anonymous_95)
FN:867,(anonymous_96)
FN:896,(anonymous_97)
FNF:88
FNH:23
FNDA:11,(anonymous_10)
FNDA:5,(anonymous_11)
FNDA:5,(anonymous_12)
FNDA:2,(anonymous_13)
FNDA:1,(anonymous_14)
FNDA:0,(anonymous_15)
FNDA:0,(anonymous_16)
FNDA:0,(anonymous_17)
FNDA:0,(anonymous_18)
FNDA:0,(anonymous_19)
FNDA:0,(anonymous_20)
FNDA:0,(anonymous_21)
FNDA:0,(anonymous_22)
FNDA:0,(anonymous_23)
FNDA:76,(anonymous_24)
FNDA:0,(anonymous_25)
FNDA:0,(anonymous_26)
FNDA:0,(anonymous_27)
FNDA:0,(anonymous_28)
FNDA:0,(anonymous_29)
FNDA:0,(anonymous_30)
FNDA:0,(anonymous_31)
FNDA:18,(anonymous_32)
FNDA:0,(anonymous_33)
FNDA:18,(anonymous_34)
FNDA:0,(anonymous_35)
FNDA:0,(anonymous_36)
FNDA:0,(anonymous_37)
FNDA:0,(anonymous_38)
FNDA:0,(anonymous_39)
FNDA:0,(anonymous_40)
FNDA:0,(anonymous_41)
FNDA:0,(anonymous_42)
FNDA:0,(anonymous_43)
FNDA:0,(anonymous_44)
FNDA:0,(anonymous_45)
FNDA:2,(anonymous_46)
FNDA:0,(anonymous_47)
FNDA:0,(anonymous_48)
FNDA:0,(anonymous_49)
FNDA:0,(anonymous_50)
FNDA:0,(anonymous_51)
FNDA:0,(anonymous_52)
FNDA:5,(anonymous_53)
FNDA:0,(anonymous_54)
FNDA:0,(anonymous_55)
FNDA:0,(anonymous_56)
FNDA:0,(anonymous_57)
FNDA:0,(anonymous_58)
FNDA:0,(anonymous_59)
FNDA:0,(anonymous_60)
FNDA:0,(anonymous_61)
FNDA:5,(anonymous_62)
FNDA:0,(anonymous_63)
FNDA:0,(anonymous_64)
FNDA:0,(anonymous_65)
FNDA:5,(anonymous_66)
FNDA:0,(anonymous_67)
FNDA:0,(anonymous_68)
FNDA:0,(anonymous_69)
FNDA:0,(anonymous_70)
FNDA:0,(anonymous_71)
FNDA:0,(anonymous_72)
FNDA:0,(anonymous_73)
FNDA:0,(anonymous_74)
FNDA:0,(anonymous_75)
FNDA:18,(anonymous_76)
FNDA:14,(anonymous_77)
FNDA:1,(anonymous_78)
FNDA:2,(anonymous_79)
FNDA:0,(anonymous_80)
FNDA:0,(anonymous_81)
FNDA:0,(anonymous_82)
FNDA:0,(anonymous_83)
FNDA:0,(anonymous_84)
FNDA:0,(anonymous_85)
FNDA:5,(anonymous_86)
FNDA:3,(anonymous_87)
FNDA:3,(anonymous_88)
FNDA:0,(anonymous_89)
FNDA:0,(anonymous_90)
FNDA:0,(anonymous_91)
FNDA:16,(anonymous_92)
FNDA:0,(anonymous_93)
FNDA:12,(anonymous_94)
FNDA:12,(anonymous_95)
FNDA:36,(anonymous_96)
FNDA:0,(anonymous_97)
DA:7,1
DA:8,1
DA:9,1
DA:10,1
DA:11,1
DA:12,1
DA:16,1
DA:17,1
DA:18,1
DA:28,1
DA:29,11
DA:30,11
DA:31,11
DA:32,11
DA:33,11
DA:34,11
DA:35,11
DA:36,11
DA:37,11
DA:39,11
DA:40,5
DA:43,11
DA:44,5
DA:45,5
DA:46,5
DA:47,5
DA:48,5
DA:51,0
DA:53,5
DA:57,11
DA:58,2
DA:59,2
DA:60,2
DA:61,2
DA:65,2
DA:66,2
DA:67,1
DA:68,0
DA:70,1
DA:74,0
DA:75,0
DA:78,0
DA:79,0
DA:81,2
DA:85,11
DA:86,0
DA:87,0
DA:88,0
DA:90,0
DA:91,0
DA:92,0
DA:96,0
DA:97,0
DA:98,0
DA:100,0
DA:101,0
DA:103,0
DA:107,76
DA:109,11
DA:110,5
DA:117,6
DA:119,6
DA:143,0
DA:151,0
DA:155,0
DA:165,0
DA:168,0
DA:178,18
DA:180,0
DA:193,18
DA:195,0
DA:218,0
DA:232,0
DA:241,0
DA:249,0
DA:255,0
DA:284,0
DA:299,0
DA:307,0
DA:320,0
DA:328,0
DA:351,2
DA:373,0
DA:378,0
DA:397,0
DA:404,0
DA:411,0
DA:418,0
DA:436,1
DA:437,5
DA:438,5
DA:439,5
DA:440,5
DA:442,5
DA:443,0
DA:444,0
DA:445,0
DA:446,0
DA:448,0
DA:449,0
DA:450,0
DA:451,0
DA:454,5
DA:455,0
DA:456,0
DA:459,5
DA:467,0
DA:474,0
DA:481,0
DA:482,0
DA:497,1
DA:498,5
DA:499,5
DA:500,5
DA:501,5
DA:503,5
DA:504,0
DA:505,0
DA:506,0
DA:507,0
DA:509,0
DA:510,0
DA:513,0
DA:514,0
DA:515,0
DA:517,0
DA:518,0
DA:519,0
DA:522,0
DA:523,0
DA:524,0
DA:526,0
DA:530,5
DA:536,0
DA:537,0
DA:555,1
DA:556,5
DA:557,5
DA:559,5
DA:560,0
DA:561,0
DA:562,0
DA:563,0
DA:564,0
DA:565,0
DA:568,5
DA:569,0
DA:570,0
DA:573,5
DA:584,0
DA:591,0
DA:599,0
DA:600,0
DA:611,1
DA:612,18
DA:613,18
DA:615,18
DA:625,1
DA:626,2
DA:633,1
DA:634,0
DA:635,0
DA:636,0
DA:637,0
DA:639,0
DA:640,0
DA:643,0
DA:644,0
DA:645,0
DA:646,0
DA:647,0
DA:648,0
DA:649,0
DA:650,0
DA:651,0
DA:654,0
DA:657,0
DA:658,0
DA:660,0
DA:664,0
DA:673,0
DA:678,0
DA:693,1
DA:694,5
DA:695,5
DA:696,5
DA:697,5
DA:699,5
DA:700,3
DA:703,5
DA:704,3
DA:705,3
DA:706,3
DA:707,3
DA:708,3
DA:711,0
DA:713,3
DA:717,5
DA:718,0
DA:719,0
DA:720,0
DA:721,0
DA:722,0
DA:727,0
DA:728,0
DA:729,0
DA:731,0
DA:734,0
DA:736,0
DA:740,5
DA:754,0
DA:785,1
DA:786,16
DA:787,16
DA:796,0
DA:816,1
DA:826,1
DA:839,1
DA:844,12
DA:855,12
DA:867,36
DA:881,1
DA:896,1
DA:910,1
LF:224
LH:103
BRDA:46,0,0,5
BRDA:46,0,1,0
BRDA:65,1,0,2
BRDA:65,1,1,0
BRDA:67,2,0,0
BRDA:67,2,1,1
BRDA:68,3,0,0
BRDA:68,3,1,0
BRDA:86,4,0,0
BRDA:86,4,1,0
BRDA:96,5,0,0
BRDA:96,5,1,0
BRDA:107,6,0,76
BRDA:107,6,1,76
BRDA:109,7,0,5
BRDA:109,7,1,6
BRDA:121,8,0,6
BRDA:121,8,1,0
BRDA:183,9,0,6
BRDA:183,9,1,12
BRDA:183,10,0,6
BRDA:183,10,1,6
BRDA:217,11,0,6
BRDA:217,11,1,6
BRDA:229,12,0,6
BRDA:229,12,1,0
BRDA:259,13,0,0
BRDA:259,13,1,6
BRDA:262,14,0,6
BRDA:262,14,1,0
BRDA:264,15,0,0
BRDA:264,15,1,0
BRDA:272,16,0,6
BRDA:272,16,1,5
BRDA:283,17,0,5
BRDA:283,17,1,5
BRDA:293,18,0,5
BRDA:293,18,1,0
BRDA:314,19,0,5
BRDA:314,19,1,0
BRDA:339,20,0,6
BRDA:339,20,1,5
BRDA:363,21,0,6
BRDA:363,21,1,5
BRDA:385,22,0,6
BRDA:385,22,1,4
BRDA:425,23,0,6
BRDA:425,23,1,4
BRDA:427,24,0,6
BRDA:427,24,1,4
BRDA:440,25,0,0
BRDA:440,25,1,5
BRDA:443,26,0,0
BRDA:443,26,1,0
BRDA:444,27,0,0
BRDA:444,27,1,0
BRDA:463,28,0,5
BRDA:463,28,1,0
BRDA:482,29,0,0
BRDA:482,29,1,0
BRDA:482,30,0,0
BRDA:482,30,1,0
BRDA:489,31,0,5
BRDA:489,31,1,0
BRDA:504,32,0,0
BRDA:504,32,1,0
BRDA:513,33,0,0
BRDA:513,33,1,0
BRDA:518,34,0,0
BRDA:518,34,1,0
BRDA:523,35,0,0
BRDA:523,35,1,0
BRDA:537,36,0,0
BRDA:537,36,1,0
BRDA:537,37,0,0
BRDA:537,37,1,0
BRDA:541,38,0,0
BRDA:541,38,1,5
BRDA:545,39,0,5
BRDA:545,39,1,0
BRDA:547,40,0,0
BRDA:547,40,1,0
BRDA:557,41,0,0
BRDA:557,41,1,5
BRDA:560,42,0,0
BRDA:560,42,1,0
BRDA:562,43,0,0
BRDA:562,43,1,0
BRDA:577,44,0,5
BRDA:577,44,1,0
BRDA:594,45,0,5
BRDA:594,45,1,5
BRDA:600,46,0,0
BRDA:600,46,1,0
BRDA:600,47,0,0
BRDA:600,47,1,0
BRDA:619,48,0,18
BRDA:619,48,1,2
BRDA:622,49,0,12
BRDA:622,49,1,6
BRDA:648,50,0,0
BRDA:648,50,1,0
BRDA:650,51,0,0
BRDA:650,51,1,0
BRDA:650,52,0,0
BRDA:650,52,1,0
BRDA:658,53,0,0
BRDA:658,53,1,0
BRDA:668,54,0,0
BRDA:668,54,1,0
BRDA:680,55,0,0
BRDA:680,55,1,0
BRDA:680,55,2,0
BRDA:685,56,0,0
BRDA:685,56,1,0
BRDA:688,57,0,0
BRDA:688,57,1,0
BRDA:706,58,0,3
BRDA:706,58,1,0
BRDA:727,59,0,0
BRDA:727,59,1,0
BRDA:746,60,0,3
BRDA:746,60,1,2
BRDA:762,61,0,0
BRDA:762,61,1,2
BRDA:775,62,0,0
BRDA:775,62,1,2
BRDA:786,63,0,16
BRDA:786,63,1,16
BRDA:794,64,0,16
BRDA:794,64,1,0
BRDA:796,65,0,0
BRDA:796,65,1,0
BRDA:799,66,0,0
BRDA:799,66,1,16
BRDA:805,67,0,0
BRDA:805,67,1,16
BRDA:847,68,0,6
BRDA:847,68,1,6
BRDA:848,69,0,6
BRDA:848,69,1,6
BRDA:852,70,0,6
BRDA:852,70,1,6
BRDA:858,71,0,6
BRDA:858,71,1,6
BRDA:859,72,0,6
BRDA:859,72,1,6
BRDA:859,73,0,0
BRDA:859,73,1,6
BRDA:864,74,0,6
BRDA:864,74,1,6
BRDA:871,75,0,12
BRDA:871,75,1,24
BRDA:872,76,0,12
BRDA:872,76,1,24
BRDA:876,77,0,12
BRDA:876,77,1,24
BRDA:899,78,0,0
BRDA:899,78,1,0
BRDA:903,79,0,0
BRDA:903,79,1,0
BRDA:906,80,0,0
BRDA:906,80,1,0
BRF:163
BRH:75
end_of_record
TN:
SF:src/components/SkillVault.tsx
FN:34,(anonymous_9)
FN:41,(anonymous_10)
FN:45,(anonymous_11)
FN:60,(anonymous_12)
FN:76,(anonymous_13)
FN:77,(anonymous_14)
FN:78,(anonymous_15)
FN:101,(anonymous_16)
FN:123,(anonymous_17)
FN:134,(anonymous_18)
FN:151,(anonymous_19)
FN:194,(anonymous_20)
FNF:12
FNH:7
FNDA:2,(anonymous_9)
FNDA:1,(anonymous_10)
FNDA:1,(anonymous_11)
FNDA:1,(anonymous_12)
FNDA:0,(anonymous_13)
FNDA:0,(anonymous_14)
FNDA:0,(anonymous_15)
FNDA:0,(anonymous_16)
FNDA:1,(anonymous_17)
FNDA:6,(anonymous_18)
FNDA:1,(anonymous_19)
FNDA:0,(anonymous_20)
DA:7,1
DA:8,1
DA:9,1
DA:21,1
DA:22,1
DA:23,1
DA:34,1
DA:35,2
DA:36,2
DA:37,2
DA:38,2
DA:39,2
DA:41,2
DA:42,1
DA:45,2
DA:46,1
DA:47,1
DA:48,1
DA:49,1
DA:50,1
DA:51,1
DA:54,0
DA:56,1
DA:60,2
DA:61,1
DA:64,1
DA:65,1
DA:66,1
DA:69,2
DA:76,0
DA:77,0
DA:78,0
DA:101,0
DA:124,1
DA:134,1
DA:135,6
DA:151,1
DA:152,1
DA:153,1
DA:195,0
DA:238,1
LF:41
LH:35
BRDA:49,0,0,1
BRDA:49,0,1,0
BRDA:61,1,0,1
BRDA:61,1,1,0
BRDA:64,2,0,0
BRDA:64,2,1,1
BRDA:64,3,0,0
BRDA:64,3,1,0
BRDA:64,3,2,0
BRDA:65,4,0,0
BRDA:65,4,1,1
BRDA:65,5,0,0
BRDA:65,5,1,0
BRDA:110,6,0,1
BRDA:110,6,1,1
BRDA:117,7,0,0
BRDA:117,7,1,1
BRDA:139,8,0,2
BRDA:139,8,1,4
BRDA:140,9,0,2
BRDA:140,9,1,4
BRDA:142,10,0,2
BRDA:142,10,1,4
BRDA:147,11,0,6
BRDA:147,11,1,2
BRDA:166,12,0,1
BRDA:166,12,1,0
BRDA:167,13,0,1
BRDA:167,13,1,0
BRDA:168,14,0,1
BRDA:168,14,1,1
BRDA:171,15,0,0
BRDA:171,15,1,1
BRDA:194,16,0,1
BRDA:194,16,1,0
BRDA:199,17,0,1
BRDA:199,17,1,1
BRDA:199,18,0,1
BRDA:199,18,1,0
BRDA:204,19,0,1
BRDA:204,19,1,0
BRDA:229,20,0,1
BRDA:229,20,1,0
BRF:43
BRH:26
end_of_record
TN:
SF:src/components/SoTProgressBar.tsx
FN:12,(anonymous_9)
FN:16,(anonymous_10)
FN:30,(anonymous_11)
FN:31,(anonymous_12)
FN:105,(anonymous_13)
FN:108,(anonymous_14)
FN:109,(anonymous_15)
FN:182,(anonymous_16)
FN:210,(anonymous_17)
FN:228,(anonymous_18)
FNF:10
FNH:3
FNDA:4,(anonymous_9)
FNDA:4,(anonymous_10)
FNDA:0,(anonymous_11)
FNDA:0,(anonymous_12)
FNDA:2,(anonymous_13)
FNDA:0,(anonymous_14)
FNDA:0,(anonymous_15)
FNDA:0,(anonymous_16)
FNDA:0,(anonymous_17)
FNDA:0,(anonymous_18)
DA:7,1
DA:8,1
DA:10,1
DA:12,1
DA:13,4
DA:14,4
DA:16,4
DA:27,4
DA:29,4
DA:30,0
DA:31,0
DA:34,4
DA:35,0
DA:36,0
DA:37,0
DA:39,0
DA:40,0
DA:52,0
DA:54,0
DA:55,0
DA:57,0
DA:60,0
DA:61,0
DA:73,0
DA:74,0
DA:75,0
DA:76,0
DA:79,0
DA:81,0
DA:82,0
DA:84,0
DA:86,0
DA:87,0
DA:89,0
DA:91,0
DA:92,0
DA:93,0
DA:94,0
DA:96,0
DA:100,4
DA:104,4
DA:105,4
DA:106,2
DA:107,0
DA:108,0
DA:109,0
DA:111,2
DA:114,4
DA:115,4
DA:118,0
DA:183,0
DA:184,0
DA:211,0
DA:212,0
DA:229,0
DA:237,0
DA:240,0
LF:57
LH:17
BRDA:35,0,0,0
BRDA:35,0,1,0
BRDA:37,1,0,0
BRDA:37,1,1,0
BRDA:37,1,2,0
BRDA:37,1,3,0
BRDA:37,1,4,0
BRDA:37,1,5,0
BRDA:37,1,6,0
BRDA:39,2,0,0
BRDA:39,2,1,0
BRDA:39,3,0,0
BRDA:39,3,1,0
BRDA:54,4,0,0
BRDA:54,4,1,0
BRDA:54,5,0,0
BRDA:54,5,1,0
BRDA:60,6,0,0
BRDA:60,6,1,0
BRDA:73,7,0,0
BRDA:73,7,1,0
BRDA:75,8,0,0
BRDA:75,8,1,0
BRDA:75,9,0,0
BRDA:75,9,1,0
BRDA:81,10,0,0
BRDA:81,10,1,0
BRDA:81,11,0,0
BRDA:81,11,1,0
BRDA:86,12,0,0
BRDA:86,12,1,0
BRDA:86,13,0,0
BRDA:86,13,1,0
BRDA:91,14,0,0
BRDA:91,14,1,0
BRDA:91,15,0,0
BRDA:91,15,1,0
BRDA:94,16,0,0
BRDA:94,16,1,0
BRDA:106,17,0,0
BRDA:106,17,1,2
BRDA:114,18,0,4
BRDA:114,18,1,0
BRDA:114,19,0,4
BRDA:114,19,1,0
BRDA:145,20,0,0
BRDA:145,20,1,0
BRDA:157,21,0,0
BRDA:157,21,1,0
BRDA:189,22,0,0
BRDA:189,22,1,0
BRDA:190,23,0,0
BRDA:190,23,1,0
BRDA:191,24,0,0
BRDA:191,24,1,0
BRDA:193,25,0,0
BRDA:193,25,1,0
BRDA:206,26,0,0
BRDA:206,26,1,0
BRDA:211,27,0,0
BRDA:211,27,1,0
BRDA:211,28,0,0
BRDA:211,28,1,0
BRDA:217,29,0,0
BRDA:217,29,1,0
BRDA:217,30,0,0
BRDA:217,30,1,0
BRDA:228,31,0,0
BRDA:228,31,1,0
BRDA:228,31,2,0
BRDA:237,32,0,0
BRDA:237,32,1,0
BRF:72
BRH:3
end_of_record
TN:
SF:src/components/SystemBirth.tsx
FN:15,(anonymous_9)
FN:24,(anonymous_10)
FN:28,(anonymous_11)
FN:29,(anonymous_12)
FN:30,(anonymous_13)
FN:31,(anonymous_14)
FN:33,(anonymous_15)
FN:126,(anonymous_16)
FNF:8
FNH:7
FNDA:20,(anonymous_9)
FNDA:2,(anonymous_10)
FNDA:1,(anonymous_11)
FNDA:1,(anonymous_12)
FNDA:1,(anonymous_13)
FNDA:0,(anonymous_14)
FNDA:1,(anonymous_15)
FNDA:20,(anonymous_16)
DA:7,1
DA:8,1
DA:9,1
DA:15,20
DA:24,1
DA:25,2
DA:26,2
DA:28,2
DA:29,1
DA:30,1
DA:31,1
DA:33,1
DA:34,1
DA:35,1
DA:36,1
DA:40,2
DA:127,20
DA:153,1
LF:18
LH:18
BRDA:57,0,0,1
BRDA:57,0,1,1
BRDA:62,1,0,2
BRDA:62,1,1,0
BRDA:81,2,0,2
BRDA:81,2,1,1
BRDA:101,3,0,2
BRDA:101,3,1,1
BRDA:126,4,0,2
BRDA:126,4,1,1
BRDA:144,5,0,14
BRDA:144,5,1,6
BRF:12
BRH:11
end_of_record
TN:
SF:src/components/TreasureBox.tsx
FN:15,(anonymous_9)
FN:20,(anonymous_10)
FN:26,(anonymous_11)
FN:47,(anonymous_12)
FN:73,(anonymous_13)
FN:82,(anonymous_14)
FNF:6
FNH:1
FNDA:3,(anonymous_9)
FNDA:0,(anonymous_10)
FNDA:0,(anonymous_11)
FNDA:0,(anonymous_12)
FNDA:0,(anonymous_13)
FNDA:0,(anonymous_14)
DA:7,1
DA:8,1
DA:9,1
DA:10,1
DA:12,1
DA:13,1
DA:15,1
DA:16,3
DA:17,3
DA:18,3
DA:20,3
DA:22,0
DA:23,0
DA:25,0
DA:26,0
DA:30,0
DA:33,3
DA:47,0
DA:74,0
DA:82,0
LF:20
LH:12
BRDA:23,0,0,0
BRDA:23,0,1,0
BRDA:51,1,0,0
BRDA:51,1,1,3
BRDA:56,2,0,3
BRDA:56,2,1,0
BRDA:63,3,0,3
BRDA:63,3,1,0
BRDA:63,3,2,0
BRDA:104,4,0,0
BRDA:104,4,1,0
BRDA:117,5,0,3
BRDA:117,5,1,3
BRDA:117,5,2,3
BRDA:117,5,3,3
BRDA:126,6,0,3
BRDA:126,6,1,0
BRF:17
BRH:8
end_of_record
TN:
SF:src/components/common/ErrorBoundary.tsx
FN:19,(anonymous_0)
FN:24,(anonymous_1)
FN:28,(anonymous_2)
FN:35,(anonymous_3)
FNF:4
FNH:2
FNDA:6,(anonymous_0)
FNDA:0,(anonymous_1)
FNDA:0,(anonymous_2)
FNDA:9,(anonymous_3)
DA:7,3
DA:20,6
DA:25,0
DA:29,0
DA:30,0
DA:31,0
DA:36,9
DA:37,0
DA:44,9
DA:48,3
LF:10
LH:5
BRDA:30,0,0,0
BRDA:30,0,1,0
BRDA:36,1,0,0
BRDA:36,1,1,9
BRDA:37,2,0,0
BRDA:37,2,1,0
BRF:6
BRH:1
end_of_record
TN:
SF:src/components/common/ProofPowerIndicator.tsx
FN:14,(anonymous_9)
FN:17,(anonymous_10)
FN:19,(anonymous_11)
FN:31,(anonymous_12)
FN:35,(anonymous_13)
FNF:5
FNH:0
FNDA:0,(anonymous_9)
FNDA:0,(anonymous_10)
FNDA:0,(anonymous_11)
FNDA:0,(anonymous_12)
FNDA:0,(anonymous_13)
DA:1,1
DA:2,1
DA:3,1
DA:4,1
DA:5,1
DA:14,1
DA:15,0
DA:17,0
DA:18,0
DA:19,0
DA:20,0
DA:21,0
DA:22,0
DA:23,0
DA:24,0
DA:27,0
DA:30,0
DA:31,0
DA:34,0
DA:35,0
DA:37,0
DA:38,0
DA:39,0
DA:46,0
DA:64,0
DA:65,0
DA:86,0
DA:131,1
LF:28
LH:7
BRDA:14,0,0,0
BRDA:22,1,0,0
BRDA:22,1,1,0
BRDA:24,2,0,0
BRDA:24,2,1,0
BRDA:37,3,0,0
BRDA:37,3,1,0
BRDA:38,4,0,0
BRDA:38,4,1,0
BRDA:64,5,0,0
BRDA:64,5,1,0
BRF:11
BRH:0
end_of_record
TN:
SF:src/components/common/TokenSavingsIndicator.tsx
FN:10,(anonymous_1)
FN:13,(anonymous_2)
FN:14,(anonymous_3)
FN:16,(anonymous_4)
FNF:4
FNH:4
FNDA:3,(anonymous_1)
FNDA:3,(anonymous_2)
FNDA:3,(anonymous_3)
FNDA:3,(anonymous_4)
DA:1,2
DA:2,2
DA:3,2
DA:10,2
DA:12,3
DA:13,3
DA:14,3
DA:16,3
DA:18,3
DA:19,3
DA:20,3
DA:27,0
DA:45,0
DA:46,0
DA:68,0
DA:119,2
LF:16
LH:12
BRDA:10,0,0,0
BRDA:18,1,0,3
BRDA:18,1,1,0
BRDA:19,2,0,3
BRDA:19,2,1,0
BRDA:45,3,0,0
BRDA:45,3,1,0
BRF:7
BRH:2
end_of_record
TN:
SF:src/components/cortex/CortexView.tsx
FN:16,CortexView
FN:24,(anonymous_2)
FN:26,(anonymous_3)
FN:47,(anonymous_4)
FN:50,(anonymous_5)
FN:56,(anonymous_6)
FN:76,(anonymous_7)
FN:103,(anonymous_8)
FN:106,(anonymous_9)
FN:155,(anonymous_10)
FN:179,(anonymous_11)
FN:180,(anonymous_12)
FN:181,(anonymous_13)
FN:197,(anonymous_14)
FNF:14
FNH:5
FNDA:4,CortexView
FNDA:2,(anonymous_2)
FNDA:2,(anonymous_3)
FNDA:2,(anonymous_4)
FNDA:2,(anonymous_5)
FNDA:0,(anonymous_6)
FNDA:0,(anonymous_7)
FNDA:0,(anonymous_8)
FNDA:0,(anonymous_9)
FNDA:0,(anonymous_10)
FNDA:0,(anonymous_11)
FNDA:0,(anonymous_12)
FNDA:0,(anonymous_13)
FNDA:0,(anonymous_14)
DA:1,1
DA:2,1
DA:3,1
DA:6,1
DA:7,1
DA:11,1
DA:12,1
DA:13,1
DA:14,1
DA:16,1
DA:17,4
DA:18,4
DA:19,4
DA:20,4
DA:21,4
DA:22,4
DA:24,4
DA:25,2
DA:26,2
DA:27,2
DA:28,2
DA:29,2
DA:30,2
DA:33,0
DA:34,0
DA:35,0
DA:36,0
DA:39,0
DA:40,0
DA:41,0
DA:43,0
DA:46,2
DA:47,2
DA:50,4
DA:51,2
DA:52,2
DA:53,2
DA:55,0
DA:56,0
DA:57,0
DA:58,0
DA:59,0
DA:60,0
DA:61,0
DA:64,0
DA:65,0
DA:66,0
DA:68,0
DA:69,0
DA:70,0
DA:72,0
DA:75,0
DA:76,0
DA:79,4
DA:104,0
DA:106,0
DA:156,0
DA:179,0
DA:180,0
DA:181,0
DA:198,0
LF:61
LH:30
BRDA:33,0,0,0
BRDA:33,0,1,0
BRDA:35,1,0,0
BRDA:35,1,1,0
BRDA:39,2,0,0
BRDA:39,2,1,0
BRDA:39,3,0,0
BRDA:39,3,1,0
BRDA:51,4,0,2
BRDA:51,4,1,0
BRDA:64,5,0,0
BRDA:64,5,1,0
BRDA:68,6,0,0
BRDA:68,6,1,0
BRDA:68,7,0,0
BRDA:68,7,1,0
BRDA:92,8,0,4
BRDA:92,8,1,2
BRDA:92,8,2,2
BRDA:96,9,0,4
BRDA:96,9,1,2
BRDA:96,9,2,2
BRDA:96,9,3,2
BRDA:110,10,0,0
BRDA:110,10,1,0
BRDA:111,11,0,0
BRDA:111,11,1,0
BRDA:114,12,0,0
BRDA:114,12,1,0
BRDA:117,13,0,0
BRDA:117,13,1,0
BRDA:130,14,0,4
BRDA:130,14,1,0
BRDA:143,15,0,4
BRDA:143,15,1,2
BRDA:143,15,2,0
BRDA:143,15,3,0
BRDA:147,16,0,0
BRDA:147,16,1,4
BRDA:153,17,0,0
BRDA:153,17,1,0
BRDA:153,17,2,0
BRDA:188,18,0,0
BRDA:188,18,1,0
BRDA:188,18,2,0
BRDA:212,19,0,4
BRDA:212,19,1,4
BRDA:212,19,2,2
BRF:48
BRH:15
end_of_record
TN:
SF:src/components/cortex/ForecastView.tsx
FN:9,ForecastView
FN:14,(anonymous_1)
FN:32,(anonymous_2)
FN:72,(anonymous_3)
FNF:4
FNH:3
FNDA:4,ForecastView
FNDA:2,(anonymous_1)
FNDA:2,(anonymous_2)
FNDA:0,(anonymous_3)
DA:1,1
DA:2,1
DA:3,1
DA:4,1
DA:9,1
DA:10,4
DA:11,4
DA:12,4
DA:14,4
DA:15,2
DA:16,2
DA:17,2
DA:18,2
DA:19,0
DA:20,0
DA:22,0
DA:23,0
DA:25,0
DA:26,0
DA:28,0
DA:32,4
DA:33,2
DA:37,4
DA:39,4
DA:73,0
DA:74,0
LF:26
LH:17
BRDA:19,0,0,0
BRDA:19,0,1,0
BRDA:37,1,0,0
BRDA:37,1,1,4
BRDA:52,2,0,4
BRDA:52,2,1,0
BRDA:56,3,0,4
BRDA:56,3,1,0
BRDA:64,4,0,4
BRDA:64,4,1,4
BRDA:64,4,2,4
BRDA:70,5,0,4
BRDA:70,5,1,0
BRF:13
BRH:7
end_of_record
TN:
SF:src/components/cortex/TrendView.tsx
FN:11,TrendView
FN:17,(anonymous_1)
FN:35,(anonymous_2)
FN:67,(anonymous_3)
FN:82,(anonymous_4)
FNF:5
FNH:3
FNDA:4,TrendView
FNDA:2,(anonymous_1)
FNDA:2,(anonymous_2)
FNDA:0,(anonymous_3)
FNDA:0,(anonymous_4)
DA:1,1
DA:2,1
DA:3,1
DA:4,1
DA:5,1
DA:11,1
DA:12,4
DA:13,4
DA:14,4
DA:15,4
DA:17,4
DA:18,2
DA:19,2
DA:20,2
DA:21,2
DA:22,0
DA:23,0
DA:25,0
DA:26,0
DA:28,0
DA:29,0
DA:31,0
DA:35,4
DA:36,2
DA:39,4
DA:68,0
DA:83,0
LF:27
LH:18
BRDA:22,0,0,0
BRDA:22,0,1,0
BRDA:52,1,0,4
BRDA:52,1,1,0
BRDA:56,2,0,4
BRDA:56,2,1,0
BRDA:62,3,0,4
BRDA:62,3,1,0
BRDA:62,3,2,0
BRDA:74,4,0,4
BRDA:74,4,1,4
BRDA:74,4,2,4
BRDA:78,5,0,4
BRDA:78,5,1,0
BRDA:78,5,2,0
BRDA:78,5,3,0
BRF:16
BRH:7
end_of_record
TN:
SF:src/components/diorama/DioramaView.tsx
FN:20,(anonymous_10)
FN:35,(anonymous_11)
FN:58,(anonymous_12)
FNF:3
FNH:2
FNDA:4,(anonymous_10)
FNDA:2,(anonymous_11)
FNDA:0,(anonymous_12)
DA:7,1
DA:8,1
DA:9,1
DA:10,1
DA:11,1
DA:12,1
DA:20,1
DA:21,4
DA:22,4
DA:23,4
DA:28,4
DA:29,4
DA:30,4
DA:35,4
DA:36,2
DA:39,4
DA:40,0
DA:42,0
DA:44,0
DA:46,0
DA:54,0
DA:59,0
DA:60,0
DA:80,1
LF:24
LH:17
BRDA:23,0,0,0
BRDA:23,0,1,4
BRDA:23,1,0,0
BRDA:23,1,1,4
BRDA:30,2,0,0
BRDA:30,2,1,4
BRDA:39,3,0,4
BRDA:39,3,1,0
BRDA:40,4,0,0
BRDA:40,4,1,0
BRDA:42,5,0,0
BRDA:42,5,1,0
BRDA:42,6,0,0
BRDA:42,6,1,0
BRDA:44,7,0,0
BRDA:44,7,1,0
BRDA:44,8,0,0
BRDA:44,8,1,0
BRDA:44,8,2,0
BRDA:45,9,0,0
BRDA:45,9,1,0
BRDA:63,10,0,0
BRDA:63,10,1,0
BRDA:69,11,0,0
BRDA:69,11,1,0
BRF:25
BRH:4
end_of_record
TN:
SF:src/components/home/AvatarViewerModal.tsx
FN:27,(anonymous_10)
FN:49,(anonymous_11)
FN:81,(anonymous_12)
FNF:3
FNH:2
FNDA:6,(anonymous_10)
FNDA:1,(anonymous_11)
FNDA:0,(anonymous_12)
DA:7,2
DA:8,2
DA:9,2
DA:10,2
DA:11,2
DA:12,2
DA:13,2
DA:14,2
DA:15,2
DA:16,2
DA:17,2
DA:27,2
DA:28,6
DA:50,1
DA:51,1
DA:82,0
DA:83,0
DA:84,0
DA:146,2
LF:19
LH:16
BRDA:30,0,0,6
BRDA:30,0,1,2
BRDA:72,1,0,0
BRDA:72,1,1,2
BRDA:76,2,0,2
BRDA:76,2,1,2
BRDA:126,3,0,2
BRDA:126,3,1,0
BRDA:132,4,0,2
BRDA:132,4,1,0
BRF:10
BRH:7
end_of_record
TN:
SF:src/components/home/CharacterPanel.tsx
FN:31,(anonymous_1)
FN:36,(anonymous_2)
FN:38,(anonymous_3)
FN:39,(anonymous_4)
FN:40,(anonymous_5)
FN:42,(anonymous_6)
FN:43,(anonymous_7)
FN:47,(anonymous_8)
FN:50,(anonymous_9)
FN:92,(anonymous_10)
FN:93,(anonymous_11)
FNF:11
FNH:7
FNDA:7,(anonymous_1)
FNDA:4,(anonymous_2)
FNDA:4,(anonymous_3)
FNDA:4,(anonymous_4)
FNDA:0,(anonymous_5)
FNDA:4,(anonymous_6)
FNDA:4,(anonymous_7)
FNDA:0,(anonymous_8)
FNDA:1,(anonymous_9)
FNDA:0,(anonymous_10)
FNDA:0,(anonymous_11)
DA:7,1
DA:9,1
DA:10,1
DA:11,1
DA:12,1
DA:13,1
DA:14,1
DA:15,1
DA:16,1
DA:17,1
DA:18,1
DA:31,1
DA:32,7
DA:33,7
DA:34,7
DA:36,7
DA:37,4
DA:38,4
DA:39,4
DA:40,0
DA:41,4
DA:42,4
DA:44,4
DA:45,4
DA:47,0
DA:50,7
DA:51,1
DA:52,1
DA:53,1
DA:54,1
DA:55,1
DA:56,1
DA:59,0
DA:62,0
DA:67,7
DA:92,0
DA:93,0
DA:181,1
LF:38
LH:32
BRDA:38,0,0,4
BRDA:38,0,1,0
BRDA:42,1,0,4
BRDA:42,1,1,0
BRDA:44,2,0,4
BRDA:44,2,1,0
BRDA:45,3,0,4
BRDA:45,3,1,0
BRDA:53,4,0,1
BRDA:53,4,1,0
BRDA:55,5,0,1
BRDA:55,5,1,0
BRDA:95,6,0,7
BRDA:95,6,1,7
BRDA:95,6,2,7
BRDA:98,7,0,0
BRDA:98,7,1,7
BRDA:102,8,0,7
BRDA:102,8,1,7
BRDA:103,9,0,7
BRDA:103,9,1,0
BRDA:104,10,0,7
BRDA:104,10,1,0
BRDA:110,11,0,7
BRDA:110,11,1,0
BRDA:143,12,0,7
BRDA:143,12,1,4
BRDA:145,13,0,7
BRDA:145,13,1,2
BRDA:171,14,0,7
BRDA:171,14,1,0
BRF:31
BRH:20
end_of_record
TN:
SF:src/components/home/FlowCard.tsx
FN:28,(anonymous_1)
FN:29,(anonymous_2)
FN:42,(anonymous_3)
FN:128,(anonymous_4)
FN:135,(anonymous_5)
FNF:5
FNH:0
FNDA:0,(anonymous_1)
FNDA:0,(anonymous_2)
FNDA:0,(anonymous_3)
FNDA:0,(anonymous_4)
FNDA:0,(anonymous_5)
DA:7,1
DA:8,1
DA:9,1
DA:28,1
DA:29,0
DA:30,0
DA:31,0
DA:32,0
DA:33,0
DA:34,0
DA:35,0
DA:36,0
DA:38,0
DA:42,0
DA:43,0
DA:44,0
DA:45,0
DA:46,0
DA:47,0
DA:48,0
DA:49,0
DA:51,0
DA:55,0
DA:57,0
DA:128,0
DA:135,0
DA:147,1
LF:27
LH:5
BRDA:30,0,0,0
BRDA:30,0,1,0
BRDA:30,0,2,0
BRDA:30,0,3,0
BRDA:30,0,4,0
BRDA:30,0,5,0
BRDA:30,0,6,0
BRDA:30,0,7,0
BRDA:34,1,0,0
BRDA:34,1,1,0
BRDA:43,2,0,0
BRDA:43,2,1,0
BRDA:43,2,2,0
BRDA:43,2,3,0
BRDA:43,2,4,0
BRDA:43,2,5,0
BRDA:43,2,6,0
BRDA:43,2,7,0
BRDA:45,3,0,0
BRDA:45,3,1,0
BRDA:47,4,0,0
BRDA:47,4,1,0
BRDA:55,5,0,0
BRDA:55,5,1,0
BRDA:55,5,2,0
BRDA:66,6,0,0
BRDA:66,6,1,0
BRDA:81,7,0,0
BRDA:81,7,1,0
BRDA:82,8,0,0
BRDA:82,8,1,0
BRDA:93,9,0,0
BRDA:93,9,1,0
BRDA:94,10,0,0
BRDA:94,10,1,0
BRDA:95,11,0,0
BRDA:95,11,1,0
BRDA:97,12,0,0
BRDA:97,12,1,0
BRDA:97,13,0,0
BRDA:97,13,1,0
BRDA:100,14,0,0
BRDA:100,14,1,0
BRDA:102,15,0,0
BRDA:102,15,1,0
BRDA:102,16,0,0
BRDA:102,16,1,0
BRDA:102,16,2,0
BRDA:106,17,0,0
BRDA:106,17,1,0
BRDA:107,18,0,0
BRDA:107,18,1,0
BRDA:108,19,0,0
BRDA:108,19,1,0
BRDA:109,20,0,0
BRDA:109,20,1,0
BRDA:115,21,0,0
BRDA:115,21,1,0
BRDA:125,22,0,0
BRDA:125,22,1,0
BRDA:125,22,2,0
BRF:61
BRH:0
end_of_record
TN:
SF:src/components/home/HomePage.tsx
FN:22,(anonymous_10)
FN:22,(anonymous_11)
FN:22,(anonymous_12)
FN:25,(anonymous_13)
FN:25,(anonymous_14)
FN:26,(anonymous_15)
FN:26,(anonymous_16)
FN:29,(anonymous_17)
FN:29,(anonymous_18)
FN:30,(anonymous_19)
FN:30,(anonymous_20)
FN:31,(anonymous_21)
FN:31,(anonymous_22)
FN:32,(anonymous_23)
FN:32,(anonymous_24)
FN:33,(anonymous_25)
FN:33,(anonymous_26)
FN:34,(anonymous_27)
FN:34,(anonymous_28)
FN:37,(anonymous_29)
FN:37,(anonymous_30)
FN:38,(anonymous_31)
FN:38,(anonymous_32)
FN:39,(anonymous_33)
FN:39,(anonymous_34)
FN:40,(anonymous_35)
FN:40,(anonymous_36)
FN:41,(anonymous_37)
FN:41,(anonymous_38)
FN:42,(anonymous_39)
FN:42,(anonymous_40)
FN:63,(anonymous_41)
FN:73,(anonymous_42)
FN:76,(anonymous_43)
FN:131,(anonymous_44)
FN:160,(anonymous_45)
FN:172,(anonymous_46)
FN:188,(anonymous_47)
FN:217,(anonymous_48)
FN:242,(anonymous_49)
FN:247,(anonymous_50)
FN:315,(anonymous_51)
FNF:42
FNH:5
FNDA:1,(anonymous_10)
FNDA:1,(anonymous_11)
FNDA:1,(anonymous_12)
FNDA:0,(anonymous_13)
FNDA:0,(anonymous_14)
FNDA:0,(anonymous_15)
FNDA:0,(anonymous_16)
FNDA:0,(anonymous_17)
FNDA:0,(anonymous_18)
FNDA:0,(anonymous_19)
FNDA:0,(anonymous_20)
FNDA:0,(anonymous_21)
FNDA:0,(anonymous_22)
FNDA:0,(anonymous_23)
FNDA:0,(anonymous_24)
FNDA:0,(anonymous_25)
FNDA:0,(anonymous_26)
FNDA:0,(anonymous_27)
FNDA:0,(anonymous_28)
FNDA:0,(anonymous_29)
FNDA:0,(anonymous_30)
FNDA:0,(anonymous_31)
FNDA:0,(anonymous_32)
FNDA:0,(anonymous_33)
FNDA:0,(anonymous_34)
FNDA:0,(anonymous_35)
FNDA:0,(anonymous_36)
FNDA:0,(anonymous_37)
FNDA:0,(anonymous_38)
FNDA:0,(anonymous_39)
FNDA:0,(anonymous_40)
FNDA:0,(anonymous_41)
FNDA:0,(anonymous_42)
FNDA:0,(anonymous_43)
FNDA:3,(anonymous_44)
FNDA:0,(anonymous_45)
FNDA:0,(anonymous_46)
FNDA:0,(anonymous_47)
FNDA:0,(anonymous_48)
FNDA:12,(anonymous_49)
FNDA:0,(anonymous_50)
FNDA:0,(anonymous_51)
DA:7,1
DA:8,1
DA:9,1
DA:12,1
DA:13,1
DA:14,1
DA:15,1
DA:16,1
DA:17,1
DA:18,1
DA:22,1
DA:25,1
DA:26,1
DA:29,1
DA:30,1
DA:31,1
DA:32,1
DA:33,1
DA:34,1
DA:37,1
DA:38,1
DA:39,1
DA:40,1
DA:41,1
DA:42,1
DA:63,1
DA:64,0
DA:74,0
DA:76,0
DA:99,1
DA:104,1
DA:113,1
DA:123,1
DA:131,1
DA:139,3
DA:140,3
DA:141,3
DA:142,3
DA:143,3
DA:146,3
DA:149,3
DA:150,3
DA:151,3
DA:153,3
DA:156,3
DA:157,3
DA:160,3
DA:161,0
DA:172,3
DA:173,0
DA:188,3
DA:189,0
DA:204,3
DA:217,0
DA:243,12
DA:244,12
DA:247,0
DA:315,0
DA:324,1
LF:59
LH:50
BRDA:84,0,0,0
BRDA:84,0,1,0
BRDA:85,1,0,0
BRDA:85,1,1,0
BRDA:86,2,0,0
BRDA:86,2,1,0
BRDA:133,3,0,0
BRDA:134,4,0,0
BRDA:135,5,0,0
BRDA:136,6,0,0
BRDA:137,7,0,0
BRDA:153,8,0,0
BRDA:153,8,1,3
BRDA:153,9,0,0
BRDA:153,9,1,3
BRDA:156,10,0,3
BRDA:156,10,1,3
BRDA:165,11,0,0
BRDA:165,11,1,0
BRDA:166,12,0,0
BRDA:166,12,1,0
BRDA:177,13,0,0
BRDA:177,13,1,0
BRDA:178,14,0,0
BRDA:178,14,1,0
BRDA:179,15,0,0
BRDA:179,15,1,0
BRDA:180,16,0,0
BRDA:180,16,1,0
BRDA:181,17,0,0
BRDA:181,17,1,0
BRDA:182,18,0,0
BRDA:182,18,1,0
BRDA:193,19,0,0
BRDA:193,19,1,0
BRDA:194,20,0,0
BRDA:194,20,1,0
BRDA:195,21,0,0
BRDA:195,21,1,0
BRDA:196,22,0,0
BRDA:196,22,1,0
BRDA:197,23,0,0
BRDA:197,23,1,0
BRDA:198,24,0,0
BRDA:198,24,1,0
BRDA:213,25,0,3
BRDA:213,25,1,3
BRDA:259,26,0,3
BRDA:259,26,1,9
BRDA:260,27,0,3
BRDA:260,27,1,9
BRDA:261,28,0,3
BRDA:261,28,1,9
BRDA:268,29,0,12
BRDA:268,29,1,3
BRDA:302,30,0,3
BRDA:302,30,1,3
BRDA:303,31,0,3
BRDA:303,31,1,0
BRDA:304,32,0,3
BRDA:304,32,1,0
BRDA:305,33,0,3
BRDA:305,33,1,0
BRF:63
BRH:19
end_of_record
TN:
SF:src/components/home/StoryFlow.tsx
FN:32,(anonymous_10)
FN:84,(anonymous_11)
FN:91,(anonymous_12)
FN:98,(anonymous_13)
FN:103,(anonymous_14)
FN:151,(anonymous_15)
FN:157,(anonymous_16)
FN:163,(anonymous_17)
FN:200,(anonymous_18)
FN:288,(anonymous_19)
FN:299,(anonymous_20)
FN:321,(anonymous_21)
FN:325,(anonymous_22)
FN:340,(anonymous_23)
FN:341,(anonymous_24)
FN:358,(anonymous_25)
FN:359,(anonymous_26)
FN:380,(anonymous_27)
FN:384,(anonymous_28)
FN:386,(anonymous_29)
FNF:20
FNH:4
FNDA:0,(anonymous_10)
FNDA:3,(anonymous_11)
FNDA:3,(anonymous_12)
FNDA:3,(anonymous_13)
FNDA:0,(anonymous_14)
FNDA:0,(anonymous_15)
FNDA:0,(anonymous_16)
FNDA:3,(anonymous_17)
FNDA:0,(anonymous_18)
FNDA:0,(anonymous_19)
FNDA:0,(anonymous_20)
FNDA:0,(anonymous_21)
FNDA:0,(anonymous_22)
FNDA:0,(anonymous_23)
FNDA:0,(anonymous_24)
FNDA:0,(anonymous_25)
FNDA:0,(anonymous_26)
FNDA:0,(anonymous_27)
FNDA:0,(anonymous_28)
FNDA:0,(anonymous_29)
DA:7,1
DA:8,1
DA:9,1
DA:10,1
DA:11,1
DA:13,1
DA:14,1
DA:15,1
DA:32,1
DA:33,0
DA:34,0
DA:36,0
DA:38,0
DA:40,0
DA:42,0
DA:44,0
DA:47,0
DA:49,0
DA:51,0
DA:53,0
DA:55,0
DA:56,0
DA:57,0
DA:58,0
DA:59,0
DA:60,0
DA:61,0
DA:62,0
DA:63,0
DA:64,0
DA:65,0
DA:68,0
DA:69,0
DA:72,0
DA:74,0
DA:84,1
DA:85,3
DA:86,3
DA:87,3
DA:88,3
DA:89,3
DA:91,3
DA:92,3
DA:93,0
DA:98,3
DA:99,3
DA:100,3
DA:103,3
DA:104,0
DA:116,3
DA:117,0
DA:128,3
DA:129,0
DA:139,3
DA:140,0
DA:150,3
DA:151,3
DA:152,0
DA:153,0
DA:157,3
DA:159,3
DA:163,3
DA:164,3
DA:165,3
DA:169,3
DA:200,0
DA:289,0
DA:299,0
DA:322,0
DA:326,0
DA:340,0
DA:341,0
DA:358,0
DA:360,0
DA:361,0
DA:362,0
DA:363,0
DA:381,0
DA:382,0
DA:386,0
DA:387,0
DA:432,1
LF:82
LH:33
BRDA:34,0,0,0
BRDA:34,0,1,0
BRDA:36,1,0,0
BRDA:36,1,1,0
BRDA:36,1,2,0
BRDA:36,1,3,0
BRDA:36,1,4,0
BRDA:36,1,5,0
BRDA:36,1,6,0
BRDA:36,1,7,0
BRDA:36,1,8,0
BRDA:36,1,9,0
BRDA:36,1,10,0
BRDA:36,1,11,0
BRDA:38,2,0,0
BRDA:38,2,1,0
BRDA:40,3,0,0
BRDA:40,3,1,0
BRDA:42,4,0,0
BRDA:42,4,1,0
BRDA:47,5,0,0
BRDA:47,5,1,0
BRDA:49,6,0,0
BRDA:49,6,1,0
BRDA:51,7,0,0
BRDA:51,7,1,0
BRDA:53,8,0,0
BRDA:53,8,1,0
BRDA:56,9,0,0
BRDA:56,9,1,0
BRDA:56,10,0,0
BRDA:56,10,1,0
BRDA:58,11,0,0
BRDA:58,11,1,0
BRDA:58,11,2,0
BRDA:58,11,3,0
BRDA:58,11,4,0
BRDA:58,11,5,0
BRDA:58,11,6,0
BRDA:68,12,0,0
BRDA:68,12,1,0
BRDA:72,13,0,0
BRDA:72,13,1,0
BRDA:72,14,0,0
BRDA:72,14,1,0
BRDA:72,15,0,0
BRDA:72,15,1,0
BRDA:72,16,0,0
BRDA:72,16,1,0
BRDA:72,17,0,0
BRDA:72,17,1,0
BRDA:84,18,0,0
BRDA:84,19,0,0
BRDA:84,20,0,0
BRDA:92,21,0,0
BRDA:92,21,1,3
BRDA:106,22,0,0
BRDA:106,22,1,0
BRDA:107,23,0,0
BRDA:107,23,1,0
BRDA:111,24,0,0
BRDA:111,24,1,0
BRDA:111,24,2,0
BRDA:111,24,3,0
BRDA:111,25,0,0
BRDA:111,25,1,0
BRDA:116,26,0,0
BRDA:116,26,1,3
BRDA:120,27,0,0
BRDA:120,27,1,0
BRDA:128,28,0,0
BRDA:128,28,1,3
BRDA:139,29,0,0
BRDA:139,29,1,3
BRDA:153,30,0,0
BRDA:153,30,1,0
BRDA:164,31,0,3
BRDA:164,31,1,0
BRDA:191,32,0,3
BRDA:191,32,1,0
BRDA:192,33,0,3
BRDA:192,33,1,0
BRDA:202,34,0,3
BRDA:202,34,1,0
BRDA:203,35,0,3
BRDA:203,35,1,0
BRDA:212,36,0,3
BRDA:212,36,1,0
BRDA:215,37,0,3
BRDA:215,37,1,0
BRDA:226,38,0,3
BRDA:226,38,1,0
BRDA:228,39,0,3
BRDA:228,39,1,0
BRDA:233,40,0,3
BRDA:233,40,1,0
BRDA:266,41,0,3
BRDA:266,41,1,3
BRDA:299,42,0,0
BRDA:299,42,1,0
BRDA:307,43,0,3
BRDA:307,43,1,0
BRDA:307,43,2,0
BRDA:360,44,0,0
BRDA:360,44,1,0
BRDA:361,45,0,0
BRDA:361,45,1,0
BRDA:361,46,0,0
BRDA:361,46,1,0
BRDA:392,47,0,3
BRDA:392,47,1,0
BRDA:397,48,0,0
BRDA:397,48,1,3
BRDA:397,49,0,3
BRDA:397,49,1,0
BRDA:398,50,0,0
BRDA:398,50,1,3
BRDA:398,51,0,3
BRDA:398,51,1,0
BRDA:400,52,0,0
BRDA:400,52,1,3
BRDA:400,53,0,3
BRDA:400,53,1,0
BRF:123
BRH:24
end_of_record
TN:
SF:src/hooks/AvatarContext.tsx
FN:58,(anonymous_9)
FN:59,(anonymous_10)
FN:67,(anonymous_11)
FN:75,(anonymous_12)
FN:79,(anonymous_13)
FN:84,(anonymous_14)
FN:101,(anonymous_15)
FNF:7
FNH:6
FNDA:2,(anonymous_9)
FNDA:2,(anonymous_10)
FNDA:2,(anonymous_11)
FNDA:2,(anonymous_12)
FNDA:2,(anonymous_13)
FNDA:0,(anonymous_14)
FNDA:10,(anonymous_15)
DA:7,1
DA:17,1
DA:56,1
DA:58,1
DA:59,2
DA:60,2
DA:61,2
DA:62,1
DA:64,1
DA:67,2
DA:68,2
DA:69,2
DA:70,1
DA:72,1
DA:75,2
DA:76,2
DA:79,2
DA:80,2
DA:84,2
DA:85,0
DA:88,2
DA:101,1
DA:102,10
DA:103,10
DA:104,0
DA:106,10
LF:26
LH:24
BRDA:61,0,0,1
BRDA:61,0,1,1
BRDA:61,1,0,2
BRDA:61,1,1,1
BRDA:69,2,0,1
BRDA:69,2,1,1
BRDA:69,3,0,2
BRDA:69,3,1,2
BRDA:103,4,0,0
BRDA:103,4,1,10
BRF:10
BRH:9
end_of_record
TN:
SF:src/hooks/useAgentChat.ts
FN:44,(anonymous_0)
FN:57,(anonymous_1)
FN:65,(anonymous_2)
FN:82,(anonymous_3)
FN:87,(anonymous_4)
FN:137,(anonymous_5)
FN:152,(anonymous_6)
FN:156,(anonymous_7)
FN:206,(anonymous_8)
FN:213,(anonymous_9)
FN:220,(anonymous_10)
FN:234,(anonymous_11)
FN:240,(anonymous_12)
FNF:13
FNH:2
FNDA:3,(anonymous_0)
FNDA:3,(anonymous_1)
FNDA:0,(anonymous_2)
FNDA:0,(anonymous_3)
FNDA:0,(anonymous_4)
FNDA:0,(anonymous_5)
FNDA:0,(anonymous_6)
FNDA:0,(anonymous_7)
FNDA:0,(anonymous_8)
FNDA:0,(anonymous_9)
FNDA:0,(anonymous_10)
FNDA:0,(anonymous_11)
FNDA:0,(anonymous_12)
DA:13,1
DA:14,1
DA:16,1
DA:44,1
DA:45,3
DA:46,3
DA:47,3
DA:48,3
DA:49,3
DA:50,3
DA:51,3
DA:52,3
DA:53,3
DA:54,3
DA:55,3
DA:57,3
DA:58,3
DA:59,3
DA:60,1
DA:61,1
DA:62,1
DA:65,3
DA:66,0
DA:67,0
DA:68,0
DA:72,0
DA:73,0
DA:74,0
DA:75,0
DA:76,0
DA:78,0
DA:82,3
DA:83,0
DA:85,0
DA:86,0
DA:87,0
DA:88,0
DA:89,0
DA:90,0
DA:91,0
DA:92,0
DA:93,0
DA:94,0
DA:96,0
DA:97,0
DA:106,0
DA:108,0
DA:109,0
DA:110,0
DA:111,0
DA:112,0
DA:114,0
DA:115,0
DA:116,0
DA:118,0
DA:119,0
DA:120,0
DA:122,0
DA:123,0
DA:124,0
DA:126,0
DA:127,0
DA:128,0
DA:129,0
DA:131,0
DA:132,0
DA:133,0
DA:134,0
DA:135,0
DA:136,0
DA:137,0
DA:138,0
DA:139,0
DA:140,0
DA:141,0
DA:142,0
DA:144,0
DA:145,0
DA:150,0
DA:151,0
DA:152,0
DA:153,0
DA:154,0
DA:156,0
DA:157,0
DA:158,0
DA:159,0
DA:160,0
DA:161,0
DA:162,0
DA:163,0
DA:164,0
DA:168,0
DA:171,0
DA:174,0
DA:176,0
DA:177,0
DA:178,0
DA:179,0
DA:180,0
DA:181,0
DA:182,0
DA:184,0
DA:186,0
DA:187,0
DA:188,0
DA:189,0
DA:190,0
DA:191,0
DA:192,0
DA:205,0
DA:206,0
DA:207,0
DA:208,0
DA:209,0
DA:213,0
DA:215,0
DA:216,0
DA:220,3
DA:221,0
DA:223,0
DA:225,0
DA:226,0
DA:233,0
DA:234,0
DA:236,0
DA:240,3
DA:241,0
DA:242,0
DA:243,0
DA:244,0
DA:245,0
DA:246,0
DA:249,3
LF:134
LH:26
BRDA:59,0,0,2
BRDA:59,0,1,1
BRDA:66,1,0,0
BRDA:66,1,1,0
BRDA:72,2,0,0
BRDA:72,2,1,0
BRDA:83,3,0,0
BRDA:83,3,1,0
BRDA:83,4,0,0
BRDA:83,4,1,0
BRDA:106,5,0,0
BRDA:106,5,1,0
BRDA:116,6,0,0
BRDA:116,6,1,0
BRDA:120,7,0,0
BRDA:120,7,1,0
BRDA:124,8,0,0
BRDA:124,8,1,0
BRDA:126,9,0,0
BRDA:126,9,1,0
BRDA:128,10,0,0
BRDA:128,10,1,0
BRDA:131,11,0,0
BRDA:131,11,1,0
BRDA:134,12,0,0
BRDA:134,12,1,0
BRDA:134,13,0,0
BRDA:134,13,1,0
BRDA:136,14,0,0
BRDA:136,14,1,0
BRDA:138,15,0,0
BRDA:138,15,1,0
BRDA:140,16,0,0
BRDA:140,16,1,0
BRDA:145,17,0,0
BRDA:145,17,1,0
BRDA:145,17,2,0
BRDA:145,17,3,0
BRDA:145,17,4,0
BRDA:145,17,5,0
BRDA:150,18,0,0
BRDA:150,18,1,0
BRDA:151,19,0,0
BRDA:151,19,1,0
BRDA:161,20,0,0
BRDA:161,20,1,0
BRDA:163,21,0,0
BRDA:163,21,1,0
BRDA:176,22,0,0
BRDA:176,22,1,0
BRDA:178,23,0,0
BRDA:178,23,1,0
BRDA:180,24,0,0
BRDA:180,24,1,0
BRDA:186,25,0,0
BRDA:186,25,1,0
BRDA:188,26,0,0
BRDA:188,26,1,0
BRDA:191,27,0,0
BRDA:191,27,1,0
BRDA:191,28,0,0
BRDA:191,28,1,0
BRDA:205,29,0,0
BRDA:205,29,1,0
BRDA:208,30,0,0
BRDA:208,30,1,0
BRDA:221,31,0,0
BRDA:221,31,1,0
BRDA:221,32,0,0
BRDA:221,32,1,0
BRDA:221,32,2,0
BRF:71
BRH:2
end_of_record
TN:
SF:src/hooks/useCortexSuggestions.ts
FN:3,useCortexSuggestions
FN:7,(anonymous_1)
FNF:2
FNH:1
FNDA:3,useCortexSuggestions
FNDA:0,(anonymous_1)
DA:1,1
DA:3,1
DA:4,3
DA:5,3
DA:7,3
DA:8,0
DA:10,0
DA:11,0
DA:12,0
DA:13,0
DA:17,0
DA:19,0
DA:20,0
DA:21,0
DA:24,0
DA:26,0
DA:30,3
LF:17
LH:6
BRDA:8,0,0,0
BRDA:8,0,1,0
BRDA:8,1,0,0
BRDA:8,1,1,0
BRDA:12,2,0,0
BRDA:12,2,1,0
BRDA:17,3,0,0
BRDA:17,3,1,0
BRDA:20,4,0,0
BRDA:20,4,1,0
BRF:10
BRH:0
end_of_record
TN:
SF:src/hooks/useModelStatus.ts
FN:15,(anonymous_0)
FN:24,(anonymous_1)
FN:42,(anonymous_2)
FN:63,(anonymous_3)
FN:95,(anonymous_4)
FN:114,(anonymous_5)
FNF:6
FNH:0
FNDA:0,(anonymous_0)
FNDA:0,(anonymous_1)
FNDA:0,(anonymous_2)
FNDA:0,(anonymous_3)
FNDA:0,(anonymous_4)
FNDA:0,(anonymous_5)
DA:7,2
DA:8,2
DA:9,2
DA:10,2
DA:15,2
DA:16,0
DA:17,0
DA:18,0
DA:19,0
DA:20,0
DA:22,0
DA:24,0
DA:25,0
DA:26,0
DA:27,0
DA:28,0
DA:29,0
DA:30,0
DA:32,0
DA:33,0
DA:35,0
DA:36,0
DA:38,0
DA:42,0
DA:43,0
DA:44,0
DA:45,0
DA:47,0
DA:48,0
DA:51,0
DA:52,0
DA:54,0
DA:55,0
DA:64,0
DA:65,0
DA:66,0
DA:67,0
DA:73,0
DA:74,0
DA:75,0
DA:76,0
DA:81,0
DA:82,0
DA:83,0
DA:84,0
DA:85,0
DA:86,0
DA:87,0
DA:88,0
DA:90,0
DA:91,0
DA:92,0
DA:96,0
DA:97,0
DA:98,0
DA:99,0
DA:103,0
DA:104,0
DA:105,0
DA:108,0
DA:110,0
DA:114,0
DA:115,0
DA:116,0
DA:117,0
DA:119,0
DA:120,0
DA:123,0
LF:68
LH:5
BRDA:29,0,0,0
BRDA:29,0,1,0
BRDA:36,1,0,0
BRDA:36,1,1,0
BRDA:36,2,0,0
BRDA:36,2,1,0
BRDA:47,3,0,0
BRDA:47,3,1,0
BRDA:64,4,0,0
BRDA:64,4,1,0
BRDA:68,5,0,0
BRDA:68,5,1,0
BRDA:73,6,0,0
BRDA:73,6,1,0
BRDA:81,7,0,0
BRDA:81,7,1,0
BRDA:85,8,0,0
BRDA:85,8,1,0
BRDA:88,9,0,0
BRDA:88,9,1,0
BRDA:97,10,0,0
BRDA:97,10,1,0
BRDA:103,11,0,0
BRDA:103,11,1,0
BRDA:104,12,0,0
BRDA:104,12,1,0
BRDA:105,13,0,0
BRDA:105,13,1,0
BRDA:115,14,0,0
BRDA:115,14,1,0
BRF:30
BRH:0
end_of_record
TN:
SF:src/hooks/useWorkspacePersona.ts
FN:18,useWorkspacePersona
FN:21,(anonymous_1)
FN:28,(anonymous_2)
FNF:3
FNH:2
FNDA:4,useWorkspacePersona
FNDA:2,(anonymous_1)
FNDA:0,(anonymous_2)
DA:8,1
DA:18,1
DA:19,4
DA:21,4
DA:22,2
DA:23,2
DA:24,0
DA:28,4
DA:29,0
DA:30,0
DA:33,4
LF:11
LH:8
BRDA:23,0,0,0
BRDA:23,0,1,2
BRDA:23,1,0,2
BRDA:23,1,1,2
BRF:4
BRH:3
end_of_record
TN:
SF:src/i18n/index.tsx
FN:23,(anonymous_10)
FN:24,(anonymous_11)
FN:27,getNestedValue
FN:37,detectDefaultLanguage
FN:44,LanguageProvider
FN:47,(anonymous_15)
FN:52,(anonymous_16)
FN:58,(anonymous_17)
FN:65,(anonymous_18)
FN:74,useTranslation
FN:79,useLanguage
FNF:11
FNH:2
FNDA:0,(anonymous_10)
FNDA:2,(anonymous_11)
FNDA:0,getNestedValue
FNDA:0,detectDefaultLanguage
FNDA:0,LanguageProvider
FNDA:0,(anonymous_15)
FNDA:0,(anonymous_16)
FNDA:0,(anonymous_17)
FNDA:0,(anonymous_18)
FNDA:2,useTranslation
FNDA:0,useLanguage
DA:7,1
DA:8,1
DA:9,1
DA:13,1
DA:21,1
DA:24,2
DA:28,0
DA:29,0
DA:30,0
DA:31,0
DA:32,0
DA:34,0
DA:38,0
DA:39,0
DA:40,0
DA:41,0
DA:44,1
DA:45,0
DA:47,0
DA:48,0
DA:49,0
DA:52,0
DA:53,0
DA:57,0
DA:58,0
DA:59,0
DA:62,0
DA:65,0
DA:67,0
DA:74,1
DA:75,2
DA:76,2
DA:79,1
DA:80,0
DA:81,0
LF:35
LH:11
BRDA:31,0,0,0
BRDA:31,0,1,0
BRDA:31,1,0,0
BRDA:31,1,1,0
BRDA:34,2,0,0
BRDA:34,2,1,0
BRDA:39,3,0,0
BRDA:39,3,1,0
BRDA:39,4,0,0
BRDA:39,4,1,0
BRDA:40,5,0,0
BRDA:40,5,1,0
BRDA:41,6,0,0
BRDA:41,6,1,0
BRDA:53,7,0,0
BRDA:53,7,1,0
BRDA:53,7,2,0
BRDA:57,8,0,0
BRDA:57,8,1,0
BRF:19
BRH:0
end_of_record
TN:
SF:src/lib/auth.ts
FN:13,(anonymous_0)
FN:20,(anonymous_1)
FN:41,(anonymous_2)
FN:51,(anonymous_3)
FN:59,(anonymous_4)
FN:67,(anonymous_5)
FNF:6
FNH:0
FNDA:0,(anonymous_0)
FNDA:0,(anonymous_1)
FNDA:0,(anonymous_2)
FNDA:0,(anonymous_3)
FNDA:0,(anonymous_4)
FNDA:0,(anonymous_5)
DA:13,3
DA:14,0
DA:20,3
DA:21,0
DA:22,0
DA:26,0
DA:27,0
DA:31,0
DA:32,0
DA:35,0
DA:41,3
DA:42,0
DA:43,0
DA:51,3
DA:52,0
DA:53,0
DA:59,3
DA:60,0
DA:61,0
DA:67,3
DA:68,0
LF:21
LH:6
BRDA:20,0,0,0
BRDA:26,1,0,0
BRDA:26,1,1,0
BRDA:31,2,0,0
BRDA:31,2,1,0
BRDA:31,3,0,0
BRDA:31,3,1,0
BRDA:31,3,2,0
BRDA:44,4,0,0
BRDA:44,4,1,0
BRF:10
BRH:0
end_of_record
TN:
SF:src/lib/glb/GlbRenderer.tsx
FN:16,(anonymous_1)
FNF:1
FNH:0
FNDA:0,(anonymous_1)
DA:7,1
DA:8,1
DA:9,1
DA:16,1
DA:18,0
DA:20,0
DA:31,1
LF:7
LH:5
BRF:0
BRH:0
end_of_record
TN:
SF:src/lib/inx/InxRenderer.tsx
FN:21,(anonymous_9)
FN:25,(anonymous_10)
FN:39,(anonymous_11)
FN:56,(anonymous_12)
FN:69,(anonymous_13)
FN:78,(anonymous_14)
FNF:6
FNH:0
FNDA:0,(anonymous_9)
FNDA:0,(anonymous_10)
FNDA:0,(anonymous_11)
FNDA:0,(anonymous_12)
FNDA:0,(anonymous_13)
FNDA:0,(anonymous_14)
DA:7,1
DA:21,1
DA:22,0
DA:23,0
DA:25,0
DA:26,0
DA:27,0
DA:28,0
DA:31,0
DA:32,0
DA:33,0
DA:34,0
DA:37,0
DA:39,0
DA:40,0
DA:41,0
DA:56,0
DA:58,0
DA:59,0
DA:60,0
DA:63,0
DA:67,0
DA:69,0
DA:70,0
DA:71,0
DA:72,0
DA:78,0
DA:79,0
DA:81,0
DA:84,0
DA:110,1
LF:31
LH:3
BRDA:28,0,0,0
BRDA:28,0,1,0
BRDA:31,1,0,0
BRDA:31,1,1,0
BRDA:32,2,0,0
BRDA:32,2,1,0
BRDA:58,3,0,0
BRDA:58,3,1,0
BRDA:72,4,0,0
BRDA:72,4,1,0
BRDA:79,5,0,0
BRDA:79,5,1,0
BRDA:91,6,0,0
BRDA:91,6,1,0
BRDA:94,7,0,0
BRDA:94,7,1,0
BRF:16
BRH:0
end_of_record
TN:
SF:src/lib/vrm/CharacterBillboard.tsx
FN:17,(anonymous_9)
FN:28,(anonymous_10)
FN:35,(anonymous_11)
FNF:3
FNH:0
FNDA:0,(anonymous_9)
FNDA:0,(anonymous_10)
FNDA:0,(anonymous_11)
DA:7,1
DA:8,1
DA:9,1
DA:10,1
DA:17,1
DA:18,0
DA:19,0
DA:20,0
DA:22,0
DA:23,0
DA:24,0
DA:25,0
DA:28,0
DA:29,0
DA:30,0
DA:31,0
DA:32,0
DA:35,0
DA:36,0
DA:37,0
DA:40,0
DA:41,0
DA:42,0
DA:45,0
DA:46,0
DA:48,0
DA:49,0
DA:52,0
DA:53,0
DA:56,0
DA:57,0
DA:58,0
DA:62,0
DA:64,0
DA:67,0
DA:71,0
DA:114,1
LF:37
LH:6
BRDA:29,0,0,0
BRDA:29,0,1,0
BRDA:30,1,0,0
BRDA:30,1,1,0
BRDA:31,2,0,0
BRDA:31,2,1,0
BRDA:36,3,0,0
BRDA:36,3,1,0
BRDA:52,4,0,0
BRDA:52,4,1,0
BRDA:56,5,0,0
BRDA:56,5,1,0
BRDA:62,6,0,0
BRDA:62,6,1,0
BRF:14
BRH:0
end_of_record
TN:
SF:src/lib/vrm/VrmRenderer.tsx
FN:19,(anonymous_10)
FN:31,(anonymous_11)
FNF:2
FNH:0
FNDA:0,(anonymous_10)
FNDA:0,(anonymous_11)
DA:7,1
DA:8,1
DA:9,1
DA:10,1
DA:11,1
DA:12,1
DA:19,1
DA:20,0
DA:21,0
DA:24,0
DA:26,0
DA:32,0
DA:33,0
DA:34,0
DA:115,1
LF:15
LH:8
BRDA:24,0,0,0
BRDA:24,0,1,0
BRDA:24,1,0,0
BRDA:24,1,1,0
BRDA:95,2,0,0
BRDA:95,2,1,0
BRDA:97,3,0,0
BRDA:97,3,1,0
BRF:8
BRH:0
end_of_record
TN:
SF:src/utils/cssVar.ts
FN:20,(anonymous_0)
FN:41,(anonymous_1)
FNF:2
FNH:0
FNDA:0,(anonymous_0)
FNDA:0,(anonymous_1)
DA:14,2
DA:20,2
DA:21,0
DA:24,0
DA:25,0
DA:28,0
DA:29,0
DA:30,0
DA:31,0
DA:34,0
DA:35,0
DA:41,2
DA:42,0
DA:43,0
LF:14
LH:3
BRDA:21,0,0,0
BRDA:21,0,1,0
BRDA:24,1,0,0
BRDA:24,1,1,0
BRDA:25,2,0,0
BRDA:25,2,1,0
BRDA:29,3,0,0
BRDA:29,3,1,0
BRDA:35,4,0,0
BRDA:35,4,1,0
BRF:10
BRH:0
end_of_record
